Building DAG of jobs...
Job counts:
	count	jobs
	1	all
	110	filter_snplist_per_ancestry
	111

[Wed Aug 28 17:12:48 2024]
rule filter_snplist_per_ancestry:
    input: /data2/morgante_lab/data/ukbiobank/genotypes/array, /data2/morgante_lab/ukbiobank_projects/GxE_multi_ancestry/data/asian_sampled_ids.txt
    output: /data2/morgante_lab/ukbiobank_projects/GxE_multi_ancestry/output/snp_lists/asian_filtered_all_chr9.snplist
    jobid: 53
    wildcards: out_dir=/data2/morgante_lab/ukbiobank_projects/GxE_multi_ancestry/output/snp_lists, ancestry=asian, chr=9
    resources: cpus=20, mem_mb=204800, time=24:00:00, partition=fm-bigmem-2, nodelist=bigmem007

RuleException in line 13 of /data2/morgante_lab/ukbiobank_projects/GxE_multi_ancestry/code/snakefile.yaml:
NameError: The name 'out_dir' is unknown in this context. Did you mean 'wildcards.out_dir'?
  File "/opt/ohpc/pub/Software/mamba-rocky/envs/snakemake/lib/python3.9/site-packages/snakemake/executors/__init__.py", line 136, in run_jobs
  File "/opt/ohpc/pub/Software/mamba-rocky/envs/snakemake/lib/python3.9/site-packages/snakemake/executors/__init__.py", line 145, in run
  File "/opt/ohpc/pub/Software/mamba-rocky/envs/snakemake/lib/python3.9/site-packages/snakemake/executors/__init__.py", line 156, in _run
  File "/opt/ohpc/pub/Software/mamba-rocky/envs/snakemake/lib/python3.9/site-packages/snakemake/executors/__init__.py", line 176, in printjob
  File "/opt/ohpc/pub/Software/mamba-rocky/envs/snakemake/lib/python3.9/site-packages/snakemake/executors/__init__.py", line 162, in printjob
