Building DAG of jobs...
Job counts:
	count	jobs
	1	all
	1	filter_snplist
	1	grm_sampled_pruned
	1	merge_filtered_genotypes
	4

[Tue Aug 20 22:07:58 2024]
rule filter_snplist:
    input: /data2/morgante_lab/data/ukbiobank/genotypes/array, /data2/morgante_lab/ukbiobank_projects/GxE_multi_ancestry_backup/apr_run_with_chinese_20240402/2_sampling_then_grm_20240402/sampled_white_nwhite_ids_20240402.txt
    output: /data2/morgante_lab/ukbiobank_projects/GxE_multi_ancestry/output/filtered_all_chr1.snplist, /data2/morgante_lab/ukbiobank_projects/GxE_multi_ancestry/output/filtered_all_chr2.snplist, /data2/morgante_lab/ukbiobank_projects/GxE_multi_ancestry/output/filtered_all_chr3.snplist, /data2/morgante_lab/ukbiobank_projects/GxE_multi_ancestry/output/filtered_all_chr4.snplist, /data2/morgante_lab/ukbiobank_projects/GxE_multi_ancestry/output/filtered_all_chr5.snplist, /data2/morgante_lab/ukbiobank_projects/GxE_multi_ancestry/output/filtered_all_chr6.snplist, /data2/morgante_lab/ukbiobank_projects/GxE_multi_ancestry/output/filtered_all_chr7.snplist, /data2/morgante_lab/ukbiobank_projects/GxE_multi_ancestry/output/filtered_all_chr8.snplist, /data2/morgante_lab/ukbiobank_projects/GxE_multi_ancestry/output/filtered_all_chr9.snplist, /data2/morgante_lab/ukbiobank_projects/GxE_multi_ancestry/output/filtered_all_chr10.snplist, /data2/morgante_lab/ukbiobank_projects/GxE_multi_ancestry/output/filtered_all_chr11.snplist, /data2/morgante_lab/ukbiobank_projects/GxE_multi_ancestry/output/filtered_all_chr12.snplist, /data2/morgante_lab/ukbiobank_projects/GxE_multi_ancestry/output/filtered_all_chr13.snplist, /data2/morgante_lab/ukbiobank_projects/GxE_multi_ancestry/output/filtered_all_chr14.snplist, /data2/morgante_lab/ukbiobank_projects/GxE_multi_ancestry/output/filtered_all_chr15.snplist, /data2/morgante_lab/ukbiobank_projects/GxE_multi_ancestry/output/filtered_all_chr16.snplist, /data2/morgante_lab/ukbiobank_projects/GxE_multi_ancestry/output/filtered_all_chr17.snplist, /data2/morgante_lab/ukbiobank_projects/GxE_multi_ancestry/output/filtered_all_chr18.snplist, /data2/morgante_lab/ukbiobank_projects/GxE_multi_ancestry/output/filtered_all_chr19.snplist, /data2/morgante_lab/ukbiobank_projects/GxE_multi_ancestry/output/filtered_all_chr20.snplist, /data2/morgante_lab/ukbiobank_projects/GxE_multi_ancestry/output/filtered_all_chr21.snplist, /data2/morgante_lab/ukbiobank_projects/GxE_multi_ancestry/output/filtered_all_chr22.snplist
    jobid: 3
    resources: cpus=20, mem_mb=204800, time=24:00:00, partition=fm-bigmem-2, nodelist=bigmem007

RuleException in line 9 of /data2/morgante_lab/ukbiobank_projects/GxE_multi_ancestry/code/snakefile:
NameError: The name '"paths"' is unknown in this context. Please make sure that you defined that variable. Also note that braces not used for variable access have to be escaped by repeating them, i.e. {{print $1}}
  File "/opt/ohpc/pub/Software/mamba-rocky/envs/snakemake/lib/python3.9/site-packages/snakemake/executors/__init__.py", line 136, in run_jobs
  File "/opt/ohpc/pub/Software/mamba-rocky/envs/snakemake/lib/python3.9/site-packages/snakemake/executors/__init__.py", line 145, in run
  File "/opt/ohpc/pub/Software/mamba-rocky/envs/snakemake/lib/python3.9/site-packages/snakemake/executors/__init__.py", line 156, in _run
  File "/opt/ohpc/pub/Software/mamba-rocky/envs/snakemake/lib/python3.9/site-packages/snakemake/executors/__init__.py", line 176, in printjob
  File "/opt/ohpc/pub/Software/mamba-rocky/envs/snakemake/lib/python3.9/site-packages/snakemake/executors/__init__.py", line 162, in printjob
