Building DAG of jobs...
Using shell: /usr/bin/bash
Provided cores: 50
Rules claiming more threads will be scaled down.
Job counts:
	count	jobs
	1	all
	22	filter_snplist_per_ancestry
	23
Select jobs to execute...

[Wed Aug 28 18:09:11 2024]
rule filter_snplist_per_ancestry:
    input: /data2/morgante_lab/data/ukbiobank/genotypes/array, /data2/morgante_lab/ukbiobank_projects/GxE_multi_ancestry/data/black_sampled_ids.txt
    output: /data2/morgante_lab/ukbiobank_projects/GxE_multi_ancestry/output/snp_lists/black_filtered_all_chr16.snplist
    jobid: 16
    wildcards: out_dir=/data2/morgante_lab/ukbiobank_projects/GxE_multi_ancestry/output/snp_lists, ancestry=black, chr=16
    resources: cpus=20, mem_mb=204800, time=24:00:00, partition=fm-bigmem-2, nodelist=bigmem007


[Wed Aug 28 18:09:11 2024]
rule filter_snplist_per_ancestry:
    input: /data2/morgante_lab/data/ukbiobank/genotypes/array, /data2/morgante_lab/ukbiobank_projects/GxE_multi_ancestry/data/black_sampled_ids.txt
    output: /data2/morgante_lab/ukbiobank_projects/GxE_multi_ancestry/output/snp_lists/black_filtered_all_chr8.snplist
    jobid: 8
    wildcards: out_dir=/data2/morgante_lab/ukbiobank_projects/GxE_multi_ancestry/output/snp_lists, ancestry=black, chr=8
    resources: cpus=20, mem_mb=204800, time=24:00:00, partition=fm-bigmem-2, nodelist=bigmem007


[Wed Aug 28 18:09:12 2024]
rule filter_snplist_per_ancestry:
    input: /data2/morgante_lab/data/ukbiobank/genotypes/array, /data2/morgante_lab/ukbiobank_projects/GxE_multi_ancestry/data/black_sampled_ids.txt
    output: /data2/morgante_lab/ukbiobank_projects/GxE_multi_ancestry/output/snp_lists/black_filtered_all_chr2.snplist
    jobid: 2
    wildcards: out_dir=/data2/morgante_lab/ukbiobank_projects/GxE_multi_ancestry/output/snp_lists, ancestry=black, chr=2
    resources: cpus=20, mem_mb=204800, time=24:00:00, partition=fm-bigmem-2, nodelist=bigmem007

[Wed Aug 28 18:09:12 2024]
Error in rule filter_snplist_per_ancestry:
    jobid: 16
    output: /data2/morgante_lab/ukbiobank_projects/GxE_multi_ancestry/output/snp_lists/black_filtered_all_chr16.snplist
    shell:
        
        /data2/morgante_lab/kgoda/software/plink1.9/plink         --bfile /data2/morgante_lab/data/ukbiobank/genotypes/array/ukb22418_c16_b0_v2_s488243         --keep /data2/morgante_lab/ukbiobank_projects/GxE_multi_ancestry/data/black_sampled_ids.txt         --maf 0.01         --mac 5         --geno 0.1         --hwe 1e-10         --keep-allele-order         --threads 20         --write-snplist         --out /data2/morgante_lab/ukbiobank_projects/GxE_multi_ancestry/output/snp_lists/black_filtered_all_chr16.snplist
        
        (one of the commands exited with non-zero exit code; note that snakemake uses bash strict mode!)

[Wed Aug 28 18:09:12 2024]
Error in rule filter_snplist_per_ancestry:
    jobid: 8
    output: /data2/morgante_lab/ukbiobank_projects/GxE_multi_ancestry/output/snp_lists/black_filtered_all_chr8.snplist
    shell:
        
        /data2/morgante_lab/kgoda/software/plink1.9/plink         --bfile /data2/morgante_lab/data/ukbiobank/genotypes/array/ukb22418_c8_b0_v2_s488243         --keep /data2/morgante_lab/ukbiobank_projects/GxE_multi_ancestry/data/black_sampled_ids.txt         --maf 0.01         --mac 5         --geno 0.1         --hwe 1e-10         --keep-allele-order         --threads 20         --write-snplist         --out /data2/morgante_lab/ukbiobank_projects/GxE_multi_ancestry/output/snp_lists/black_filtered_all_chr8.snplist
        
        (one of the commands exited with non-zero exit code; note that snakemake uses bash strict mode!)


[Wed Aug 28 18:09:13 2024]
rule filter_snplist_per_ancestry:
    input: /data2/morgante_lab/data/ukbiobank/genotypes/array, /data2/morgante_lab/ukbiobank_projects/GxE_multi_ancestry/data/black_sampled_ids.txt
    output: /data2/morgante_lab/ukbiobank_projects/GxE_multi_ancestry/output/snp_lists/black_filtered_all_chr9.snplist
    jobid: 9
    wildcards: out_dir=/data2/morgante_lab/ukbiobank_projects/GxE_multi_ancestry/output/snp_lists, ancestry=black, chr=9
    resources: cpus=20, mem_mb=204800, time=24:00:00, partition=fm-bigmem-2, nodelist=bigmem007

[Wed Aug 28 18:09:13 2024]
Error in rule filter_snplist_per_ancestry:
    jobid: 2
    output: /data2/morgante_lab/ukbiobank_projects/GxE_multi_ancestry/output/snp_lists/black_filtered_all_chr2.snplist
    shell:
        
        /data2/morgante_lab/kgoda/software/plink1.9/plink         --bfile /data2/morgante_lab/data/ukbiobank/genotypes/array/ukb22418_c2_b0_v2_s488243         --keep /data2/morgante_lab/ukbiobank_projects/GxE_multi_ancestry/data/black_sampled_ids.txt         --maf 0.01         --mac 5         --geno 0.1         --hwe 1e-10         --keep-allele-order         --threads 20         --write-snplist         --out /data2/morgante_lab/ukbiobank_projects/GxE_multi_ancestry/output/snp_lists/black_filtered_all_chr2.snplist
        
        (one of the commands exited with non-zero exit code; note that snakemake uses bash strict mode!)


[Wed Aug 28 18:09:14 2024]
rule filter_snplist_per_ancestry:
    input: /data2/morgante_lab/data/ukbiobank/genotypes/array, /data2/morgante_lab/ukbiobank_projects/GxE_multi_ancestry/data/black_sampled_ids.txt
    output: /data2/morgante_lab/ukbiobank_projects/GxE_multi_ancestry/output/snp_lists/black_filtered_all_chr17.snplist
    jobid: 17
    wildcards: out_dir=/data2/morgante_lab/ukbiobank_projects/GxE_multi_ancestry/output/snp_lists, ancestry=black, chr=17
    resources: cpus=20, mem_mb=204800, time=24:00:00, partition=fm-bigmem-2, nodelist=bigmem007

[Wed Aug 28 18:09:14 2024]
Error in rule filter_snplist_per_ancestry:
    jobid: 9
    output: /data2/morgante_lab/ukbiobank_projects/GxE_multi_ancestry/output/snp_lists/black_filtered_all_chr9.snplist
    shell:
        
        /data2/morgante_lab/kgoda/software/plink1.9/plink         --bfile /data2/morgante_lab/data/ukbiobank/genotypes/array/ukb22418_c9_b0_v2_s488243         --keep /data2/morgante_lab/ukbiobank_projects/GxE_multi_ancestry/data/black_sampled_ids.txt         --maf 0.01         --mac 5         --geno 0.1         --hwe 1e-10         --keep-allele-order         --threads 20         --write-snplist         --out /data2/morgante_lab/ukbiobank_projects/GxE_multi_ancestry/output/snp_lists/black_filtered_all_chr9.snplist
        
        (one of the commands exited with non-zero exit code; note that snakemake uses bash strict mode!)


[Wed Aug 28 18:09:15 2024]
rule filter_snplist_per_ancestry:
    input: /data2/morgante_lab/data/ukbiobank/genotypes/array, /data2/morgante_lab/ukbiobank_projects/GxE_multi_ancestry/data/black_sampled_ids.txt
    output: /data2/morgante_lab/ukbiobank_projects/GxE_multi_ancestry/output/snp_lists/black_filtered_all_chr3.snplist
    jobid: 3
    wildcards: out_dir=/data2/morgante_lab/ukbiobank_projects/GxE_multi_ancestry/output/snp_lists, ancestry=black, chr=3
    resources: cpus=20, mem_mb=204800, time=24:00:00, partition=fm-bigmem-2, nodelist=bigmem007

[Wed Aug 28 18:09:15 2024]
Error in rule filter_snplist_per_ancestry:
    jobid: 17
    output: /data2/morgante_lab/ukbiobank_projects/GxE_multi_ancestry/output/snp_lists/black_filtered_all_chr17.snplist
    shell:
        
        /data2/morgante_lab/kgoda/software/plink1.9/plink         --bfile /data2/morgante_lab/data/ukbiobank/genotypes/array/ukb22418_c17_b0_v2_s488243         --keep /data2/morgante_lab/ukbiobank_projects/GxE_multi_ancestry/data/black_sampled_ids.txt         --maf 0.01         --mac 5         --geno 0.1         --hwe 1e-10         --keep-allele-order         --threads 20         --write-snplist         --out /data2/morgante_lab/ukbiobank_projects/GxE_multi_ancestry/output/snp_lists/black_filtered_all_chr17.snplist
        
        (one of the commands exited with non-zero exit code; note that snakemake uses bash strict mode!)


[Wed Aug 28 18:09:15 2024]
rule filter_snplist_per_ancestry:
    input: /data2/morgante_lab/data/ukbiobank/genotypes/array, /data2/morgante_lab/ukbiobank_projects/GxE_multi_ancestry/data/black_sampled_ids.txt
    output: /data2/morgante_lab/ukbiobank_projects/GxE_multi_ancestry/output/snp_lists/black_filtered_all_chr10.snplist
    jobid: 10
    wildcards: out_dir=/data2/morgante_lab/ukbiobank_projects/GxE_multi_ancestry/output/snp_lists, ancestry=black, chr=10
    resources: cpus=20, mem_mb=204800, time=24:00:00, partition=fm-bigmem-2, nodelist=bigmem007

[Wed Aug 28 18:09:16 2024]
Error in rule filter_snplist_per_ancestry:
    jobid: 3
    output: /data2/morgante_lab/ukbiobank_projects/GxE_multi_ancestry/output/snp_lists/black_filtered_all_chr3.snplist
    shell:
        
        /data2/morgante_lab/kgoda/software/plink1.9/plink         --bfile /data2/morgante_lab/data/ukbiobank/genotypes/array/ukb22418_c3_b0_v2_s488243         --keep /data2/morgante_lab/ukbiobank_projects/GxE_multi_ancestry/data/black_sampled_ids.txt         --maf 0.01         --mac 5         --geno 0.1         --hwe 1e-10         --keep-allele-order         --threads 20         --write-snplist         --out /data2/morgante_lab/ukbiobank_projects/GxE_multi_ancestry/output/snp_lists/black_filtered_all_chr3.snplist
        
        (one of the commands exited with non-zero exit code; note that snakemake uses bash strict mode!)


[Wed Aug 28 18:09:16 2024]
rule filter_snplist_per_ancestry:
    input: /data2/morgante_lab/data/ukbiobank/genotypes/array, /data2/morgante_lab/ukbiobank_projects/GxE_multi_ancestry/data/black_sampled_ids.txt
    output: /data2/morgante_lab/ukbiobank_projects/GxE_multi_ancestry/output/snp_lists/black_filtered_all_chr18.snplist
    jobid: 18
    wildcards: out_dir=/data2/morgante_lab/ukbiobank_projects/GxE_multi_ancestry/output/snp_lists, ancestry=black, chr=18
    resources: cpus=20, mem_mb=204800, time=24:00:00, partition=fm-bigmem-2, nodelist=bigmem007

[Wed Aug 28 18:09:17 2024]
Error in rule filter_snplist_per_ancestry:
    jobid: 10
    output: /data2/morgante_lab/ukbiobank_projects/GxE_multi_ancestry/output/snp_lists/black_filtered_all_chr10.snplist
    shell:
        
        /data2/morgante_lab/kgoda/software/plink1.9/plink         --bfile /data2/morgante_lab/data/ukbiobank/genotypes/array/ukb22418_c10_b0_v2_s488243         --keep /data2/morgante_lab/ukbiobank_projects/GxE_multi_ancestry/data/black_sampled_ids.txt         --maf 0.01         --mac 5         --geno 0.1         --hwe 1e-10         --keep-allele-order         --threads 20         --write-snplist         --out /data2/morgante_lab/ukbiobank_projects/GxE_multi_ancestry/output/snp_lists/black_filtered_all_chr10.snplist
        
        (one of the commands exited with non-zero exit code; note that snakemake uses bash strict mode!)


[Wed Aug 28 18:09:17 2024]
rule filter_snplist_per_ancestry:
    input: /data2/morgante_lab/data/ukbiobank/genotypes/array, /data2/morgante_lab/ukbiobank_projects/GxE_multi_ancestry/data/black_sampled_ids.txt
    output: /data2/morgante_lab/ukbiobank_projects/GxE_multi_ancestry/output/snp_lists/black_filtered_all_chr1.snplist
    jobid: 1
    wildcards: out_dir=/data2/morgante_lab/ukbiobank_projects/GxE_multi_ancestry/output/snp_lists, ancestry=black, chr=1
    resources: cpus=20, mem_mb=204800, time=24:00:00, partition=fm-bigmem-2, nodelist=bigmem007

[Wed Aug 28 18:09:18 2024]
Error in rule filter_snplist_per_ancestry:
    jobid: 18
    output: /data2/morgante_lab/ukbiobank_projects/GxE_multi_ancestry/output/snp_lists/black_filtered_all_chr18.snplist
    shell:
        
        /data2/morgante_lab/kgoda/software/plink1.9/plink         --bfile /data2/morgante_lab/data/ukbiobank/genotypes/array/ukb22418_c18_b0_v2_s488243         --keep /data2/morgante_lab/ukbiobank_projects/GxE_multi_ancestry/data/black_sampled_ids.txt         --maf 0.01         --mac 5         --geno 0.1         --hwe 1e-10         --keep-allele-order         --threads 20         --write-snplist         --out /data2/morgante_lab/ukbiobank_projects/GxE_multi_ancestry/output/snp_lists/black_filtered_all_chr18.snplist
        
        (one of the commands exited with non-zero exit code; note that snakemake uses bash strict mode!)


[Wed Aug 28 18:09:18 2024]
rule filter_snplist_per_ancestry:
    input: /data2/morgante_lab/data/ukbiobank/genotypes/array, /data2/morgante_lab/ukbiobank_projects/GxE_multi_ancestry/data/black_sampled_ids.txt
    output: /data2/morgante_lab/ukbiobank_projects/GxE_multi_ancestry/output/snp_lists/black_filtered_all_chr4.snplist
    jobid: 4
    wildcards: out_dir=/data2/morgante_lab/ukbiobank_projects/GxE_multi_ancestry/output/snp_lists, ancestry=black, chr=4
    resources: cpus=20, mem_mb=204800, time=24:00:00, partition=fm-bigmem-2, nodelist=bigmem007

[Wed Aug 28 18:09:19 2024]
Error in rule filter_snplist_per_ancestry:
    jobid: 1
    output: /data2/morgante_lab/ukbiobank_projects/GxE_multi_ancestry/output/snp_lists/black_filtered_all_chr1.snplist
    shell:
        
        /data2/morgante_lab/kgoda/software/plink1.9/plink         --bfile /data2/morgante_lab/data/ukbiobank/genotypes/array/ukb22418_c1_b0_v2_s488243         --keep /data2/morgante_lab/ukbiobank_projects/GxE_multi_ancestry/data/black_sampled_ids.txt         --maf 0.01         --mac 5         --geno 0.1         --hwe 1e-10         --keep-allele-order         --threads 20         --write-snplist         --out /data2/morgante_lab/ukbiobank_projects/GxE_multi_ancestry/output/snp_lists/black_filtered_all_chr1.snplist
        
        (one of the commands exited with non-zero exit code; note that snakemake uses bash strict mode!)


[Wed Aug 28 18:09:19 2024]
rule filter_snplist_per_ancestry:
    input: /data2/morgante_lab/data/ukbiobank/genotypes/array, /data2/morgante_lab/ukbiobank_projects/GxE_multi_ancestry/data/black_sampled_ids.txt
    output: /data2/morgante_lab/ukbiobank_projects/GxE_multi_ancestry/output/snp_lists/black_filtered_all_chr11.snplist
    jobid: 11
    wildcards: out_dir=/data2/morgante_lab/ukbiobank_projects/GxE_multi_ancestry/output/snp_lists, ancestry=black, chr=11
    resources: cpus=20, mem_mb=204800, time=24:00:00, partition=fm-bigmem-2, nodelist=bigmem007

[Wed Aug 28 18:09:20 2024]
Error in rule filter_snplist_per_ancestry:
    jobid: 4
    output: /data2/morgante_lab/ukbiobank_projects/GxE_multi_ancestry/output/snp_lists/black_filtered_all_chr4.snplist
    shell:
        
        /data2/morgante_lab/kgoda/software/plink1.9/plink         --bfile /data2/morgante_lab/data/ukbiobank/genotypes/array/ukb22418_c4_b0_v2_s488243         --keep /data2/morgante_lab/ukbiobank_projects/GxE_multi_ancestry/data/black_sampled_ids.txt         --maf 0.01         --mac 5         --geno 0.1         --hwe 1e-10         --keep-allele-order         --threads 20         --write-snplist         --out /data2/morgante_lab/ukbiobank_projects/GxE_multi_ancestry/output/snp_lists/black_filtered_all_chr4.snplist
        
        (one of the commands exited with non-zero exit code; note that snakemake uses bash strict mode!)


[Wed Aug 28 18:09:20 2024]
rule filter_snplist_per_ancestry:
    input: /data2/morgante_lab/data/ukbiobank/genotypes/array, /data2/morgante_lab/ukbiobank_projects/GxE_multi_ancestry/data/black_sampled_ids.txt
    output: /data2/morgante_lab/ukbiobank_projects/GxE_multi_ancestry/output/snp_lists/black_filtered_all_chr19.snplist
    jobid: 19
    wildcards: out_dir=/data2/morgante_lab/ukbiobank_projects/GxE_multi_ancestry/output/snp_lists, ancestry=black, chr=19
    resources: cpus=20, mem_mb=204800, time=24:00:00, partition=fm-bigmem-2, nodelist=bigmem007

[Wed Aug 28 18:09:20 2024]
Error in rule filter_snplist_per_ancestry:
    jobid: 11
    output: /data2/morgante_lab/ukbiobank_projects/GxE_multi_ancestry/output/snp_lists/black_filtered_all_chr11.snplist
    shell:
        
        /data2/morgante_lab/kgoda/software/plink1.9/plink         --bfile /data2/morgante_lab/data/ukbiobank/genotypes/array/ukb22418_c11_b0_v2_s488243         --keep /data2/morgante_lab/ukbiobank_projects/GxE_multi_ancestry/data/black_sampled_ids.txt         --maf 0.01         --mac 5         --geno 0.1         --hwe 1e-10         --keep-allele-order         --threads 20         --write-snplist         --out /data2/morgante_lab/ukbiobank_projects/GxE_multi_ancestry/output/snp_lists/black_filtered_all_chr11.snplist
        
        (one of the commands exited with non-zero exit code; note that snakemake uses bash strict mode!)


[Wed Aug 28 18:09:21 2024]
rule filter_snplist_per_ancestry:
    input: /data2/morgante_lab/data/ukbiobank/genotypes/array, /data2/morgante_lab/ukbiobank_projects/GxE_multi_ancestry/data/black_sampled_ids.txt
    output: /data2/morgante_lab/ukbiobank_projects/GxE_multi_ancestry/output/snp_lists/black_filtered_all_chr5.snplist
    jobid: 5
    wildcards: out_dir=/data2/morgante_lab/ukbiobank_projects/GxE_multi_ancestry/output/snp_lists, ancestry=black, chr=5
    resources: cpus=20, mem_mb=204800, time=24:00:00, partition=fm-bigmem-2, nodelist=bigmem007

[Wed Aug 28 18:09:21 2024]
Error in rule filter_snplist_per_ancestry:
    jobid: 19
    output: /data2/morgante_lab/ukbiobank_projects/GxE_multi_ancestry/output/snp_lists/black_filtered_all_chr19.snplist
    shell:
        
        /data2/morgante_lab/kgoda/software/plink1.9/plink         --bfile /data2/morgante_lab/data/ukbiobank/genotypes/array/ukb22418_c19_b0_v2_s488243         --keep /data2/morgante_lab/ukbiobank_projects/GxE_multi_ancestry/data/black_sampled_ids.txt         --maf 0.01         --mac 5         --geno 0.1         --hwe 1e-10         --keep-allele-order         --threads 20         --write-snplist         --out /data2/morgante_lab/ukbiobank_projects/GxE_multi_ancestry/output/snp_lists/black_filtered_all_chr19.snplist
        
        (one of the commands exited with non-zero exit code; note that snakemake uses bash strict mode!)


[Wed Aug 28 18:09:22 2024]
rule filter_snplist_per_ancestry:
    input: /data2/morgante_lab/data/ukbiobank/genotypes/array, /data2/morgante_lab/ukbiobank_projects/GxE_multi_ancestry/data/black_sampled_ids.txt
    output: /data2/morgante_lab/ukbiobank_projects/GxE_multi_ancestry/output/snp_lists/black_filtered_all_chr12.snplist
    jobid: 12
    wildcards: out_dir=/data2/morgante_lab/ukbiobank_projects/GxE_multi_ancestry/output/snp_lists, ancestry=black, chr=12
    resources: cpus=20, mem_mb=204800, time=24:00:00, partition=fm-bigmem-2, nodelist=bigmem007

[Wed Aug 28 18:09:22 2024]
Error in rule filter_snplist_per_ancestry:
    jobid: 5
    output: /data2/morgante_lab/ukbiobank_projects/GxE_multi_ancestry/output/snp_lists/black_filtered_all_chr5.snplist
    shell:
        
        /data2/morgante_lab/kgoda/software/plink1.9/plink         --bfile /data2/morgante_lab/data/ukbiobank/genotypes/array/ukb22418_c5_b0_v2_s488243         --keep /data2/morgante_lab/ukbiobank_projects/GxE_multi_ancestry/data/black_sampled_ids.txt         --maf 0.01         --mac 5         --geno 0.1         --hwe 1e-10         --keep-allele-order         --threads 20         --write-snplist         --out /data2/morgante_lab/ukbiobank_projects/GxE_multi_ancestry/output/snp_lists/black_filtered_all_chr5.snplist
        
        (one of the commands exited with non-zero exit code; note that snakemake uses bash strict mode!)


[Wed Aug 28 18:09:23 2024]
rule filter_snplist_per_ancestry:
    input: /data2/morgante_lab/data/ukbiobank/genotypes/array, /data2/morgante_lab/ukbiobank_projects/GxE_multi_ancestry/data/black_sampled_ids.txt
    output: /data2/morgante_lab/ukbiobank_projects/GxE_multi_ancestry/output/snp_lists/black_filtered_all_chr20.snplist
    jobid: 20
    wildcards: out_dir=/data2/morgante_lab/ukbiobank_projects/GxE_multi_ancestry/output/snp_lists, ancestry=black, chr=20
    resources: cpus=20, mem_mb=204800, time=24:00:00, partition=fm-bigmem-2, nodelist=bigmem007

[Wed Aug 28 18:09:23 2024]
Error in rule filter_snplist_per_ancestry:
    jobid: 12
    output: /data2/morgante_lab/ukbiobank_projects/GxE_multi_ancestry/output/snp_lists/black_filtered_all_chr12.snplist
    shell:
        
        /data2/morgante_lab/kgoda/software/plink1.9/plink         --bfile /data2/morgante_lab/data/ukbiobank/genotypes/array/ukb22418_c12_b0_v2_s488243         --keep /data2/morgante_lab/ukbiobank_projects/GxE_multi_ancestry/data/black_sampled_ids.txt         --maf 0.01         --mac 5         --geno 0.1         --hwe 1e-10         --keep-allele-order         --threads 20         --write-snplist         --out /data2/morgante_lab/ukbiobank_projects/GxE_multi_ancestry/output/snp_lists/black_filtered_all_chr12.snplist
        
        (one of the commands exited with non-zero exit code; note that snakemake uses bash strict mode!)


[Wed Aug 28 18:09:24 2024]
rule filter_snplist_per_ancestry:
    input: /data2/morgante_lab/data/ukbiobank/genotypes/array, /data2/morgante_lab/ukbiobank_projects/GxE_multi_ancestry/data/black_sampled_ids.txt
    output: /data2/morgante_lab/ukbiobank_projects/GxE_multi_ancestry/output/snp_lists/black_filtered_all_chr6.snplist
    jobid: 6
    wildcards: out_dir=/data2/morgante_lab/ukbiobank_projects/GxE_multi_ancestry/output/snp_lists, ancestry=black, chr=6
    resources: cpus=20, mem_mb=204800, time=24:00:00, partition=fm-bigmem-2, nodelist=bigmem007

[Wed Aug 28 18:09:24 2024]
Error in rule filter_snplist_per_ancestry:
    jobid: 20
    output: /data2/morgante_lab/ukbiobank_projects/GxE_multi_ancestry/output/snp_lists/black_filtered_all_chr20.snplist
    shell:
        
        /data2/morgante_lab/kgoda/software/plink1.9/plink         --bfile /data2/morgante_lab/data/ukbiobank/genotypes/array/ukb22418_c20_b0_v2_s488243         --keep /data2/morgante_lab/ukbiobank_projects/GxE_multi_ancestry/data/black_sampled_ids.txt         --maf 0.01         --mac 5         --geno 0.1         --hwe 1e-10         --keep-allele-order         --threads 20         --write-snplist         --out /data2/morgante_lab/ukbiobank_projects/GxE_multi_ancestry/output/snp_lists/black_filtered_all_chr20.snplist
        
        (one of the commands exited with non-zero exit code; note that snakemake uses bash strict mode!)


[Wed Aug 28 18:09:24 2024]
rule filter_snplist_per_ancestry:
    input: /data2/morgante_lab/data/ukbiobank/genotypes/array, /data2/morgante_lab/ukbiobank_projects/GxE_multi_ancestry/data/black_sampled_ids.txt
    output: /data2/morgante_lab/ukbiobank_projects/GxE_multi_ancestry/output/snp_lists/black_filtered_all_chr13.snplist
    jobid: 13
    wildcards: out_dir=/data2/morgante_lab/ukbiobank_projects/GxE_multi_ancestry/output/snp_lists, ancestry=black, chr=13
    resources: cpus=20, mem_mb=204800, time=24:00:00, partition=fm-bigmem-2, nodelist=bigmem007

[Wed Aug 28 18:09:25 2024]
Error in rule filter_snplist_per_ancestry:
    jobid: 6
    output: /data2/morgante_lab/ukbiobank_projects/GxE_multi_ancestry/output/snp_lists/black_filtered_all_chr6.snplist
    shell:
        
        /data2/morgante_lab/kgoda/software/plink1.9/plink         --bfile /data2/morgante_lab/data/ukbiobank/genotypes/array/ukb22418_c6_b0_v2_s488243         --keep /data2/morgante_lab/ukbiobank_projects/GxE_multi_ancestry/data/black_sampled_ids.txt         --maf 0.01         --mac 5         --geno 0.1         --hwe 1e-10         --keep-allele-order         --threads 20         --write-snplist         --out /data2/morgante_lab/ukbiobank_projects/GxE_multi_ancestry/output/snp_lists/black_filtered_all_chr6.snplist
        
        (one of the commands exited with non-zero exit code; note that snakemake uses bash strict mode!)


[Wed Aug 28 18:09:25 2024]
rule filter_snplist_per_ancestry:
    input: /data2/morgante_lab/data/ukbiobank/genotypes/array, /data2/morgante_lab/ukbiobank_projects/GxE_multi_ancestry/data/black_sampled_ids.txt
    output: /data2/morgante_lab/ukbiobank_projects/GxE_multi_ancestry/output/snp_lists/black_filtered_all_chr21.snplist
    jobid: 21
    wildcards: out_dir=/data2/morgante_lab/ukbiobank_projects/GxE_multi_ancestry/output/snp_lists, ancestry=black, chr=21
    resources: cpus=20, mem_mb=204800, time=24:00:00, partition=fm-bigmem-2, nodelist=bigmem007

[Wed Aug 28 18:09:26 2024]
Error in rule filter_snplist_per_ancestry:
    jobid: 13
    output: /data2/morgante_lab/ukbiobank_projects/GxE_multi_ancestry/output/snp_lists/black_filtered_all_chr13.snplist
    shell:
        
        /data2/morgante_lab/kgoda/software/plink1.9/plink         --bfile /data2/morgante_lab/data/ukbiobank/genotypes/array/ukb22418_c13_b0_v2_s488243         --keep /data2/morgante_lab/ukbiobank_projects/GxE_multi_ancestry/data/black_sampled_ids.txt         --maf 0.01         --mac 5         --geno 0.1         --hwe 1e-10         --keep-allele-order         --threads 20         --write-snplist         --out /data2/morgante_lab/ukbiobank_projects/GxE_multi_ancestry/output/snp_lists/black_filtered_all_chr13.snplist
        
        (one of the commands exited with non-zero exit code; note that snakemake uses bash strict mode!)


[Wed Aug 28 18:09:26 2024]
rule filter_snplist_per_ancestry:
    input: /data2/morgante_lab/data/ukbiobank/genotypes/array, /data2/morgante_lab/ukbiobank_projects/GxE_multi_ancestry/data/black_sampled_ids.txt
    output: /data2/morgante_lab/ukbiobank_projects/GxE_multi_ancestry/output/snp_lists/black_filtered_all_chr7.snplist
    jobid: 7
    wildcards: out_dir=/data2/morgante_lab/ukbiobank_projects/GxE_multi_ancestry/output/snp_lists, ancestry=black, chr=7
    resources: cpus=20, mem_mb=204800, time=24:00:00, partition=fm-bigmem-2, nodelist=bigmem007

[Wed Aug 28 18:09:27 2024]
Error in rule filter_snplist_per_ancestry:
    jobid: 21
    output: /data2/morgante_lab/ukbiobank_projects/GxE_multi_ancestry/output/snp_lists/black_filtered_all_chr21.snplist
    shell:
        
        /data2/morgante_lab/kgoda/software/plink1.9/plink         --bfile /data2/morgante_lab/data/ukbiobank/genotypes/array/ukb22418_c21_b0_v2_s488243         --keep /data2/morgante_lab/ukbiobank_projects/GxE_multi_ancestry/data/black_sampled_ids.txt         --maf 0.01         --mac 5         --geno 0.1         --hwe 1e-10         --keep-allele-order         --threads 20         --write-snplist         --out /data2/morgante_lab/ukbiobank_projects/GxE_multi_ancestry/output/snp_lists/black_filtered_all_chr21.snplist
        
        (one of the commands exited with non-zero exit code; note that snakemake uses bash strict mode!)


[Wed Aug 28 18:09:27 2024]
rule filter_snplist_per_ancestry:
    input: /data2/morgante_lab/data/ukbiobank/genotypes/array, /data2/morgante_lab/ukbiobank_projects/GxE_multi_ancestry/data/black_sampled_ids.txt
    output: /data2/morgante_lab/ukbiobank_projects/GxE_multi_ancestry/output/snp_lists/black_filtered_all_chr14.snplist
    jobid: 14
    wildcards: out_dir=/data2/morgante_lab/ukbiobank_projects/GxE_multi_ancestry/output/snp_lists, ancestry=black, chr=14
    resources: cpus=20, mem_mb=204800, time=24:00:00, partition=fm-bigmem-2, nodelist=bigmem007

[Wed Aug 28 18:09:28 2024]
Error in rule filter_snplist_per_ancestry:
    jobid: 7
    output: /data2/morgante_lab/ukbiobank_projects/GxE_multi_ancestry/output/snp_lists/black_filtered_all_chr7.snplist
    shell:
        
        /data2/morgante_lab/kgoda/software/plink1.9/plink         --bfile /data2/morgante_lab/data/ukbiobank/genotypes/array/ukb22418_c7_b0_v2_s488243         --keep /data2/morgante_lab/ukbiobank_projects/GxE_multi_ancestry/data/black_sampled_ids.txt         --maf 0.01         --mac 5         --geno 0.1         --hwe 1e-10         --keep-allele-order         --threads 20         --write-snplist         --out /data2/morgante_lab/ukbiobank_projects/GxE_multi_ancestry/output/snp_lists/black_filtered_all_chr7.snplist
        
        (one of the commands exited with non-zero exit code; note that snakemake uses bash strict mode!)


[Wed Aug 28 18:09:28 2024]
rule filter_snplist_per_ancestry:
    input: /data2/morgante_lab/data/ukbiobank/genotypes/array, /data2/morgante_lab/ukbiobank_projects/GxE_multi_ancestry/data/black_sampled_ids.txt
    output: /data2/morgante_lab/ukbiobank_projects/GxE_multi_ancestry/output/snp_lists/black_filtered_all_chr22.snplist
    jobid: 22
    wildcards: out_dir=/data2/morgante_lab/ukbiobank_projects/GxE_multi_ancestry/output/snp_lists, ancestry=black, chr=22
    resources: cpus=20, mem_mb=204800, time=24:00:00, partition=fm-bigmem-2, nodelist=bigmem007

[Wed Aug 28 18:09:29 2024]
Error in rule filter_snplist_per_ancestry:
    jobid: 14
    output: /data2/morgante_lab/ukbiobank_projects/GxE_multi_ancestry/output/snp_lists/black_filtered_all_chr14.snplist
    shell:
        
        /data2/morgante_lab/kgoda/software/plink1.9/plink         --bfile /data2/morgante_lab/data/ukbiobank/genotypes/array/ukb22418_c14_b0_v2_s488243         --keep /data2/morgante_lab/ukbiobank_projects/GxE_multi_ancestry/data/black_sampled_ids.txt         --maf 0.01         --mac 5         --geno 0.1         --hwe 1e-10         --keep-allele-order         --threads 20         --write-snplist         --out /data2/morgante_lab/ukbiobank_projects/GxE_multi_ancestry/output/snp_lists/black_filtered_all_chr14.snplist
        
        (one of the commands exited with non-zero exit code; note that snakemake uses bash strict mode!)


[Wed Aug 28 18:09:29 2024]
rule filter_snplist_per_ancestry:
    input: /data2/morgante_lab/data/ukbiobank/genotypes/array, /data2/morgante_lab/ukbiobank_projects/GxE_multi_ancestry/data/black_sampled_ids.txt
    output: /data2/morgante_lab/ukbiobank_projects/GxE_multi_ancestry/output/snp_lists/black_filtered_all_chr15.snplist
    jobid: 15
    wildcards: out_dir=/data2/morgante_lab/ukbiobank_projects/GxE_multi_ancestry/output/snp_lists, ancestry=black, chr=15
    resources: cpus=20, mem_mb=204800, time=24:00:00, partition=fm-bigmem-2, nodelist=bigmem007

[Wed Aug 28 18:09:29 2024]
Error in rule filter_snplist_per_ancestry:
    jobid: 22
    output: /data2/morgante_lab/ukbiobank_projects/GxE_multi_ancestry/output/snp_lists/black_filtered_all_chr22.snplist
    shell:
        
        /data2/morgante_lab/kgoda/software/plink1.9/plink         --bfile /data2/morgante_lab/data/ukbiobank/genotypes/array/ukb22418_c22_b0_v2_s488243         --keep /data2/morgante_lab/ukbiobank_projects/GxE_multi_ancestry/data/black_sampled_ids.txt         --maf 0.01         --mac 5         --geno 0.1         --hwe 1e-10         --keep-allele-order         --threads 20         --write-snplist         --out /data2/morgante_lab/ukbiobank_projects/GxE_multi_ancestry/output/snp_lists/black_filtered_all_chr22.snplist
        
        (one of the commands exited with non-zero exit code; note that snakemake uses bash strict mode!)

[Wed Aug 28 18:09:30 2024]
Error in rule filter_snplist_per_ancestry:
    jobid: 15
    output: /data2/morgante_lab/ukbiobank_projects/GxE_multi_ancestry/output/snp_lists/black_filtered_all_chr15.snplist
    shell:
        
        /data2/morgante_lab/kgoda/software/plink1.9/plink         --bfile /data2/morgante_lab/data/ukbiobank/genotypes/array/ukb22418_c15_b0_v2_s488243         --keep /data2/morgante_lab/ukbiobank_projects/GxE_multi_ancestry/data/black_sampled_ids.txt         --maf 0.01         --mac 5         --geno 0.1         --hwe 1e-10         --keep-allele-order         --threads 20         --write-snplist         --out /data2/morgante_lab/ukbiobank_projects/GxE_multi_ancestry/output/snp_lists/black_filtered_all_chr15.snplist
        
        (one of the commands exited with non-zero exit code; note that snakemake uses bash strict mode!)

Shutting down, this might take some time.
Exiting because a job execution failed. Look above for error message
Complete log: /data2/morgante_lab/ukbiobank_projects/GxE_multi_ancestry/code/.snakemake/log/2024-08-28T180907.367403.snakemake.log
