Building DAG of jobs...
Using shell: /usr/bin/bash
Provided cores: 50
Rules claiming more threads will be scaled down.
Job counts:
	count	jobs
	1	all
	88	filter_snplist_per_ancestry
	89
Select jobs to execute...

[Thu Aug 29 11:00:55 2024]
rule filter_snplist_per_ancestry:
    input: /data2/morgante_lab/data/ukbiobank/genotypes/array, /data2/morgante_lab/ukbiobank_projects/GxE_multi_ancestry/data/black_ids.txt
    output: /data2/morgante_lab/ukbiobank_projects/GxE_multi_ancestry/output/snp_lists/black_filtered_all_chr8.snplist
    jobid: 8
    wildcards: out_dir=/data2/morgante_lab/ukbiobank_projects/GxE_multi_ancestry/output/snp_lists, ancestry=black, chr=8
    resources: cpus=20, mem_mb=204800, time=24:00:00, partition=fm-bigmem-2, nodelist=bigmem007


[Thu Aug 29 11:00:56 2024]
rule filter_snplist_per_ancestry:
    input: /data2/morgante_lab/data/ukbiobank/genotypes/array, /data2/morgante_lab/ukbiobank_projects/GxE_multi_ancestry/data/asian_ids.txt
    output: /data2/morgante_lab/ukbiobank_projects/GxE_multi_ancestry/output/snp_lists/asian_filtered_all_chr16.snplist
    jobid: 38
    wildcards: out_dir=/data2/morgante_lab/ukbiobank_projects/GxE_multi_ancestry/output/snp_lists, ancestry=asian, chr=16
    resources: cpus=20, mem_mb=204800, time=24:00:00, partition=fm-bigmem-2, nodelist=bigmem007


[Thu Aug 29 11:00:57 2024]
rule filter_snplist_per_ancestry:
    input: /data2/morgante_lab/data/ukbiobank/genotypes/array, /data2/morgante_lab/ukbiobank_projects/GxE_multi_ancestry/data/black_ids.txt
    output: /data2/morgante_lab/ukbiobank_projects/GxE_multi_ancestry/output/snp_lists/black_filtered_all_chr16.snplist
    jobid: 16
    wildcards: out_dir=/data2/morgante_lab/ukbiobank_projects/GxE_multi_ancestry/output/snp_lists, ancestry=black, chr=16
    resources: cpus=20, mem_mb=204800, time=24:00:00, partition=fm-bigmem-2, nodelist=bigmem007


[Thu Aug 29 11:00:59 2024]
rule filter_snplist_per_ancestry:
    input: /data2/morgante_lab/data/ukbiobank/genotypes/array, /data2/morgante_lab/ukbiobank_projects/GxE_multi_ancestry/data/mixed_ids.txt
    output: /data2/morgante_lab/ukbiobank_projects/GxE_multi_ancestry/output/snp_lists/mixed_filtered_all_chr2.snplist
    jobid: 46
    wildcards: out_dir=/data2/morgante_lab/ukbiobank_projects/GxE_multi_ancestry/output/snp_lists, ancestry=mixed, chr=2
    resources: cpus=20, mem_mb=204800, time=24:00:00, partition=fm-bigmem-2, nodelist=bigmem007


[Thu Aug 29 11:01:01 2024]
rule filter_snplist_per_ancestry:
    input: /data2/morgante_lab/data/ukbiobank/genotypes/array, /data2/morgante_lab/ukbiobank_projects/GxE_multi_ancestry/data/chinese_ids.txt
    output: /data2/morgante_lab/ukbiobank_projects/GxE_multi_ancestry/output/snp_lists/chinese_filtered_all_chr18.snplist
    jobid: 84
    wildcards: out_dir=/data2/morgante_lab/ukbiobank_projects/GxE_multi_ancestry/output/snp_lists, ancestry=chinese, chr=18
    resources: cpus=20, mem_mb=204800, time=24:00:00, partition=fm-bigmem-2, nodelist=bigmem007


[Thu Aug 29 11:01:03 2024]
rule filter_snplist_per_ancestry:
    input: /data2/morgante_lab/data/ukbiobank/genotypes/array, /data2/morgante_lab/ukbiobank_projects/GxE_multi_ancestry/data/mixed_ids.txt
    output: /data2/morgante_lab/ukbiobank_projects/GxE_multi_ancestry/output/snp_lists/mixed_filtered_all_chr10.snplist
    jobid: 54
    wildcards: out_dir=/data2/morgante_lab/ukbiobank_projects/GxE_multi_ancestry/output/snp_lists, ancestry=mixed, chr=10
    resources: cpus=20, mem_mb=204800, time=24:00:00, partition=fm-bigmem-2, nodelist=bigmem007


[Thu Aug 29 11:01:05 2024]
rule filter_snplist_per_ancestry:
    input: /data2/morgante_lab/data/ukbiobank/genotypes/array, /data2/morgante_lab/ukbiobank_projects/GxE_multi_ancestry/data/chinese_ids.txt
    output: /data2/morgante_lab/ukbiobank_projects/GxE_multi_ancestry/output/snp_lists/chinese_filtered_all_chr3.snplist
    jobid: 69
    wildcards: out_dir=/data2/morgante_lab/ukbiobank_projects/GxE_multi_ancestry/output/snp_lists, ancestry=chinese, chr=3
    resources: cpus=20, mem_mb=204800, time=24:00:00, partition=fm-bigmem-2, nodelist=bigmem007


[Thu Aug 29 11:01:08 2024]
rule filter_snplist_per_ancestry:
    input: /data2/morgante_lab/data/ukbiobank/genotypes/array, /data2/morgante_lab/ukbiobank_projects/GxE_multi_ancestry/data/black_ids.txt
    output: /data2/morgante_lab/ukbiobank_projects/GxE_multi_ancestry/output/snp_lists/black_filtered_all_chr9.snplist
    jobid: 9
    wildcards: out_dir=/data2/morgante_lab/ukbiobank_projects/GxE_multi_ancestry/output/snp_lists, ancestry=black, chr=9
    resources: cpus=20, mem_mb=204800, time=24:00:00, partition=fm-bigmem-2, nodelist=bigmem007


[Thu Aug 29 11:01:11 2024]
rule filter_snplist_per_ancestry:
    input: /data2/morgante_lab/data/ukbiobank/genotypes/array, /data2/morgante_lab/ukbiobank_projects/GxE_multi_ancestry/data/asian_ids.txt
    output: /data2/morgante_lab/ukbiobank_projects/GxE_multi_ancestry/output/snp_lists/asian_filtered_all_chr17.snplist
    jobid: 39
    wildcards: out_dir=/data2/morgante_lab/ukbiobank_projects/GxE_multi_ancestry/output/snp_lists, ancestry=asian, chr=17
    resources: cpus=20, mem_mb=204800, time=24:00:00, partition=fm-bigmem-2, nodelist=bigmem007


[Thu Aug 29 11:01:15 2024]
rule filter_snplist_per_ancestry:
    input: /data2/morgante_lab/data/ukbiobank/genotypes/array, /data2/morgante_lab/ukbiobank_projects/GxE_multi_ancestry/data/black_ids.txt
    output: /data2/morgante_lab/ukbiobank_projects/GxE_multi_ancestry/output/snp_lists/black_filtered_all_chr2.snplist
    jobid: 2
    wildcards: out_dir=/data2/morgante_lab/ukbiobank_projects/GxE_multi_ancestry/output/snp_lists, ancestry=black, chr=2
    resources: cpus=20, mem_mb=204800, time=24:00:00, partition=fm-bigmem-2, nodelist=bigmem007


[Thu Aug 29 11:01:17 2024]
rule filter_snplist_per_ancestry:
    input: /data2/morgante_lab/data/ukbiobank/genotypes/array, /data2/morgante_lab/ukbiobank_projects/GxE_multi_ancestry/data/mixed_ids.txt
    output: /data2/morgante_lab/ukbiobank_projects/GxE_multi_ancestry/output/snp_lists/mixed_filtered_all_chr3.snplist
    jobid: 47
    wildcards: out_dir=/data2/morgante_lab/ukbiobank_projects/GxE_multi_ancestry/output/snp_lists, ancestry=mixed, chr=3
    resources: cpus=20, mem_mb=204800, time=24:00:00, partition=fm-bigmem-2, nodelist=bigmem007


[Thu Aug 29 11:01:23 2024]
rule filter_snplist_per_ancestry:
    input: /data2/morgante_lab/data/ukbiobank/genotypes/array, /data2/morgante_lab/ukbiobank_projects/GxE_multi_ancestry/data/black_ids.txt
    output: /data2/morgante_lab/ukbiobank_projects/GxE_multi_ancestry/output/snp_lists/black_filtered_all_chr17.snplist
    jobid: 17
    wildcards: out_dir=/data2/morgante_lab/ukbiobank_projects/GxE_multi_ancestry/output/snp_lists, ancestry=black, chr=17
    resources: cpus=20, mem_mb=204800, time=24:00:00, partition=fm-bigmem-2, nodelist=bigmem007


[Thu Aug 29 11:01:27 2024]
rule filter_snplist_per_ancestry:
    input: /data2/morgante_lab/data/ukbiobank/genotypes/array, /data2/morgante_lab/ukbiobank_projects/GxE_multi_ancestry/data/mixed_ids.txt
    output: /data2/morgante_lab/ukbiobank_projects/GxE_multi_ancestry/output/snp_lists/mixed_filtered_all_chr8.snplist
    jobid: 52
    wildcards: out_dir=/data2/morgante_lab/ukbiobank_projects/GxE_multi_ancestry/output/snp_lists, ancestry=mixed, chr=8
    resources: cpus=20, mem_mb=204800, time=24:00:00, partition=fm-bigmem-2, nodelist=bigmem007


[Thu Aug 29 11:01:33 2024]
rule filter_snplist_per_ancestry:
    input: /data2/morgante_lab/data/ukbiobank/genotypes/array, /data2/morgante_lab/ukbiobank_projects/GxE_multi_ancestry/data/mixed_ids.txt
    output: /data2/morgante_lab/ukbiobank_projects/GxE_multi_ancestry/output/snp_lists/mixed_filtered_all_chr11.snplist
    jobid: 55
    wildcards: out_dir=/data2/morgante_lab/ukbiobank_projects/GxE_multi_ancestry/output/snp_lists, ancestry=mixed, chr=11
    resources: cpus=20, mem_mb=204800, time=24:00:00, partition=fm-bigmem-2, nodelist=bigmem007


[Thu Aug 29 11:01:45 2024]
rule filter_snplist_per_ancestry:
    input: /data2/morgante_lab/data/ukbiobank/genotypes/array, /data2/morgante_lab/ukbiobank_projects/GxE_multi_ancestry/data/asian_ids.txt
    output: /data2/morgante_lab/ukbiobank_projects/GxE_multi_ancestry/output/snp_lists/asian_filtered_all_chr3.snplist
    jobid: 25
    wildcards: out_dir=/data2/morgante_lab/ukbiobank_projects/GxE_multi_ancestry/output/snp_lists, ancestry=asian, chr=3
    resources: cpus=20, mem_mb=204800, time=24:00:00, partition=fm-bigmem-2, nodelist=bigmem007

[Thu Aug 29 11:01:46 2024]
Finished job 16.
1 of 89 steps (1%) done
[Thu Aug 29 11:01:46 2024]
Finished job 38.
2 of 89 steps (2%) done
[Thu Aug 29 11:01:46 2024]
Finished job 84.
3 of 89 steps (3%) done

[Thu Aug 29 11:01:54 2024]
rule filter_snplist_per_ancestry:
    input: /data2/morgante_lab/data/ukbiobank/genotypes/array, /data2/morgante_lab/ukbiobank_projects/GxE_multi_ancestry/data/black_ids.txt
    output: /data2/morgante_lab/ukbiobank_projects/GxE_multi_ancestry/output/snp_lists/black_filtered_all_chr10.snplist
    jobid: 10
    wildcards: out_dir=/data2/morgante_lab/ukbiobank_projects/GxE_multi_ancestry/output/snp_lists, ancestry=black, chr=10
    resources: cpus=20, mem_mb=204800, time=24:00:00, partition=fm-bigmem-2, nodelist=bigmem007


[Thu Aug 29 11:01:58 2024]
rule filter_snplist_per_ancestry:
    input: /data2/morgante_lab/data/ukbiobank/genotypes/array, /data2/morgante_lab/ukbiobank_projects/GxE_multi_ancestry/data/asian_ids.txt
    output: /data2/morgante_lab/ukbiobank_projects/GxE_multi_ancestry/output/snp_lists/asian_filtered_all_chr18.snplist
    jobid: 40
    wildcards: out_dir=/data2/morgante_lab/ukbiobank_projects/GxE_multi_ancestry/output/snp_lists, ancestry=asian, chr=18
    resources: cpus=20, mem_mb=204800, time=24:00:00, partition=fm-bigmem-2, nodelist=bigmem007

[Thu Aug 29 11:02:04 2024]
Finished job 8.
4 of 89 steps (4%) done

[Thu Aug 29 11:02:08 2024]
rule filter_snplist_per_ancestry:
    input: /data2/morgante_lab/data/ukbiobank/genotypes/array, /data2/morgante_lab/ukbiobank_projects/GxE_multi_ancestry/data/black_ids.txt
    output: /data2/morgante_lab/ukbiobank_projects/GxE_multi_ancestry/output/snp_lists/black_filtered_all_chr3.snplist
    jobid: 3
    wildcards: out_dir=/data2/morgante_lab/ukbiobank_projects/GxE_multi_ancestry/output/snp_lists, ancestry=black, chr=3
    resources: cpus=20, mem_mb=204800, time=24:00:00, partition=fm-bigmem-2, nodelist=bigmem007


[Thu Aug 29 11:02:13 2024]
rule filter_snplist_per_ancestry:
    input: /data2/morgante_lab/data/ukbiobank/genotypes/array, /data2/morgante_lab/ukbiobank_projects/GxE_multi_ancestry/data/mixed_ids.txt
    output: /data2/morgante_lab/ukbiobank_projects/GxE_multi_ancestry/output/snp_lists/mixed_filtered_all_chr4.snplist
    jobid: 48
    wildcards: out_dir=/data2/morgante_lab/ukbiobank_projects/GxE_multi_ancestry/output/snp_lists, ancestry=mixed, chr=4
    resources: cpus=20, mem_mb=204800, time=24:00:00, partition=fm-bigmem-2, nodelist=bigmem007


[Thu Aug 29 11:02:19 2024]
rule filter_snplist_per_ancestry:
    input: /data2/morgante_lab/data/ukbiobank/genotypes/array, /data2/morgante_lab/ukbiobank_projects/GxE_multi_ancestry/data/black_ids.txt
    output: /data2/morgante_lab/ukbiobank_projects/GxE_multi_ancestry/output/snp_lists/black_filtered_all_chr18.snplist
    jobid: 18
    wildcards: out_dir=/data2/morgante_lab/ukbiobank_projects/GxE_multi_ancestry/output/snp_lists, ancestry=black, chr=18
    resources: cpus=20, mem_mb=204800, time=24:00:00, partition=fm-bigmem-2, nodelist=bigmem007

[Thu Aug 29 11:02:20 2024]
Finished job 39.
5 of 89 steps (6%) done
[Thu Aug 29 11:02:28 2024]
Finished job 54.
6 of 89 steps (7%) done

[Thu Aug 29 11:02:28 2024]
rule filter_snplist_per_ancestry:
    input: /data2/morgante_lab/data/ukbiobank/genotypes/array, /data2/morgante_lab/ukbiobank_projects/GxE_multi_ancestry/data/black_ids.txt
    output: /data2/morgante_lab/ukbiobank_projects/GxE_multi_ancestry/output/snp_lists/black_filtered_all_chr11.snplist
    jobid: 11
    wildcards: out_dir=/data2/morgante_lab/ukbiobank_projects/GxE_multi_ancestry/output/snp_lists, ancestry=black, chr=11
    resources: cpus=20, mem_mb=204800, time=24:00:00, partition=fm-bigmem-2, nodelist=bigmem007

[Thu Aug 29 11:02:31 2024]
Finished job 9.
7 of 89 steps (8%) done
[Thu Aug 29 11:02:35 2024]
Finished job 17.
8 of 89 steps (9%) done

[Thu Aug 29 11:02:40 2024]
rule filter_snplist_per_ancestry:
    input: /data2/morgante_lab/data/ukbiobank/genotypes/array, /data2/morgante_lab/ukbiobank_projects/GxE_multi_ancestry/data/asian_ids.txt
    output: /data2/morgante_lab/ukbiobank_projects/GxE_multi_ancestry/output/snp_lists/asian_filtered_all_chr19.snplist
    jobid: 41
    wildcards: out_dir=/data2/morgante_lab/ukbiobank_projects/GxE_multi_ancestry/output/snp_lists, ancestry=asian, chr=19
    resources: cpus=20, mem_mb=204800, time=24:00:00, partition=fm-bigmem-2, nodelist=bigmem007


[Thu Aug 29 11:02:46 2024]
rule filter_snplist_per_ancestry:
    input: /data2/morgante_lab/data/ukbiobank/genotypes/array, /data2/morgante_lab/ukbiobank_projects/GxE_multi_ancestry/data/black_ids.txt
    output: /data2/morgante_lab/ukbiobank_projects/GxE_multi_ancestry/output/snp_lists/black_filtered_all_chr4.snplist
    jobid: 4
    wildcards: out_dir=/data2/morgante_lab/ukbiobank_projects/GxE_multi_ancestry/output/snp_lists, ancestry=black, chr=4
    resources: cpus=20, mem_mb=204800, time=24:00:00, partition=fm-bigmem-2, nodelist=bigmem007


[Thu Aug 29 11:02:53 2024]
rule filter_snplist_per_ancestry:
    input: /data2/morgante_lab/data/ukbiobank/genotypes/array, /data2/morgante_lab/ukbiobank_projects/GxE_multi_ancestry/data/black_ids.txt
    output: /data2/morgante_lab/ukbiobank_projects/GxE_multi_ancestry/output/snp_lists/black_filtered_all_chr19.snplist
    jobid: 19
    wildcards: out_dir=/data2/morgante_lab/ukbiobank_projects/GxE_multi_ancestry/output/snp_lists, ancestry=black, chr=19
    resources: cpus=20, mem_mb=204800, time=24:00:00, partition=fm-bigmem-2, nodelist=bigmem007


[Thu Aug 29 11:02:59 2024]
rule filter_snplist_per_ancestry:
    input: /data2/morgante_lab/data/ukbiobank/genotypes/array, /data2/morgante_lab/ukbiobank_projects/GxE_multi_ancestry/data/mixed_ids.txt
    output: /data2/morgante_lab/ukbiobank_projects/GxE_multi_ancestry/output/snp_lists/mixed_filtered_all_chr5.snplist
    jobid: 49
    wildcards: out_dir=/data2/morgante_lab/ukbiobank_projects/GxE_multi_ancestry/output/snp_lists, ancestry=mixed, chr=5
    resources: cpus=20, mem_mb=204800, time=24:00:00, partition=fm-bigmem-2, nodelist=bigmem007


[Thu Aug 29 11:03:02 2024]
rule filter_snplist_per_ancestry:
    input: /data2/morgante_lab/data/ukbiobank/genotypes/array, /data2/morgante_lab/ukbiobank_projects/GxE_multi_ancestry/data/chinese_ids.txt
    output: /data2/morgante_lab/ukbiobank_projects/GxE_multi_ancestry/output/snp_lists/chinese_filtered_all_chr21.snplist
    jobid: 87
    wildcards: out_dir=/data2/morgante_lab/ukbiobank_projects/GxE_multi_ancestry/output/snp_lists, ancestry=chinese, chr=21
    resources: cpus=20, mem_mb=204800, time=24:00:00, partition=fm-bigmem-2, nodelist=bigmem007


[Thu Aug 29 11:03:07 2024]
rule filter_snplist_per_ancestry:
    input: /data2/morgante_lab/data/ukbiobank/genotypes/array, /data2/morgante_lab/ukbiobank_projects/GxE_multi_ancestry/data/black_ids.txt
    output: /data2/morgante_lab/ukbiobank_projects/GxE_multi_ancestry/output/snp_lists/black_filtered_all_chr12.snplist
    jobid: 12
    wildcards: out_dir=/data2/morgante_lab/ukbiobank_projects/GxE_multi_ancestry/output/snp_lists, ancestry=black, chr=12
    resources: cpus=20, mem_mb=204800, time=24:00:00, partition=fm-bigmem-2, nodelist=bigmem007

[Thu Aug 29 11:03:11 2024]
Finished job 69.
9 of 89 steps (10%) done
[Thu Aug 29 11:03:14 2024]
Finished job 40.
10 of 89 steps (11%) done

[Thu Aug 29 11:03:18 2024]
rule filter_snplist_per_ancestry:
    input: /data2/morgante_lab/data/ukbiobank/genotypes/array, /data2/morgante_lab/ukbiobank_projects/GxE_multi_ancestry/data/asian_ids.txt
    output: /data2/morgante_lab/ukbiobank_projects/GxE_multi_ancestry/output/snp_lists/asian_filtered_all_chr20.snplist
    jobid: 42
    wildcards: out_dir=/data2/morgante_lab/ukbiobank_projects/GxE_multi_ancestry/output/snp_lists, ancestry=asian, chr=20
    resources: cpus=20, mem_mb=204800, time=24:00:00, partition=fm-bigmem-2, nodelist=bigmem007

[Thu Aug 29 11:03:21 2024]
Finished job 46.
11 of 89 steps (12%) done
[Thu Aug 29 11:03:22 2024]
Finished job 52.
12 of 89 steps (13%) done

[Thu Aug 29 11:03:28 2024]
rule filter_snplist_per_ancestry:
    input: /data2/morgante_lab/data/ukbiobank/genotypes/array, /data2/morgante_lab/ukbiobank_projects/GxE_multi_ancestry/data/black_ids.txt
    output: /data2/morgante_lab/ukbiobank_projects/GxE_multi_ancestry/output/snp_lists/black_filtered_all_chr5.snplist
    jobid: 5
    wildcards: out_dir=/data2/morgante_lab/ukbiobank_projects/GxE_multi_ancestry/output/snp_lists, ancestry=black, chr=5
    resources: cpus=20, mem_mb=204800, time=24:00:00, partition=fm-bigmem-2, nodelist=bigmem007

[Thu Aug 29 11:03:33 2024]
Finished job 18.
13 of 89 steps (15%) done
[Thu Aug 29 11:03:33 2024]
Finished job 55.
14 of 89 steps (16%) done
[Thu Aug 29 11:03:34 2024]
Finished job 47.
15 of 89 steps (17%) done

[Thu Aug 29 11:03:37 2024]
rule filter_snplist_per_ancestry:
    input: /data2/morgante_lab/data/ukbiobank/genotypes/array, /data2/morgante_lab/ukbiobank_projects/GxE_multi_ancestry/data/black_ids.txt
    output: /data2/morgante_lab/ukbiobank_projects/GxE_multi_ancestry/output/snp_lists/black_filtered_all_chr20.snplist
    jobid: 20
    wildcards: out_dir=/data2/morgante_lab/ukbiobank_projects/GxE_multi_ancestry/output/snp_lists, ancestry=black, chr=20
    resources: cpus=20, mem_mb=204800, time=24:00:00, partition=fm-bigmem-2, nodelist=bigmem007

[Thu Aug 29 11:03:43 2024]
Finished job 87.
16 of 89 steps (18%) done

[Thu Aug 29 11:03:46 2024]
rule filter_snplist_per_ancestry:
    input: /data2/morgante_lab/data/ukbiobank/genotypes/array, /data2/morgante_lab/ukbiobank_projects/GxE_multi_ancestry/data/mixed_ids.txt
    output: /data2/morgante_lab/ukbiobank_projects/GxE_multi_ancestry/output/snp_lists/mixed_filtered_all_chr6.snplist
    jobid: 50
    wildcards: out_dir=/data2/morgante_lab/ukbiobank_projects/GxE_multi_ancestry/output/snp_lists, ancestry=mixed, chr=6
    resources: cpus=20, mem_mb=204800, time=24:00:00, partition=fm-bigmem-2, nodelist=bigmem007

[Thu Aug 29 11:03:48 2024]
Finished job 10.
17 of 89 steps (19%) done
[Thu Aug 29 11:03:51 2024]
Finished job 2.
18 of 89 steps (20%) done

[Thu Aug 29 11:03:54 2024]
rule filter_snplist_per_ancestry:
    input: /data2/morgante_lab/data/ukbiobank/genotypes/array, /data2/morgante_lab/ukbiobank_projects/GxE_multi_ancestry/data/black_ids.txt
    output: /data2/morgante_lab/ukbiobank_projects/GxE_multi_ancestry/output/snp_lists/black_filtered_all_chr13.snplist
    jobid: 13
    wildcards: out_dir=/data2/morgante_lab/ukbiobank_projects/GxE_multi_ancestry/output/snp_lists, ancestry=black, chr=13
    resources: cpus=20, mem_mb=204800, time=24:00:00, partition=fm-bigmem-2, nodelist=bigmem007


[Thu Aug 29 11:04:00 2024]
rule filter_snplist_per_ancestry:
    input: /data2/morgante_lab/data/ukbiobank/genotypes/array, /data2/morgante_lab/ukbiobank_projects/GxE_multi_ancestry/data/asian_ids.txt
    output: /data2/morgante_lab/ukbiobank_projects/GxE_multi_ancestry/output/snp_lists/asian_filtered_all_chr21.snplist
    jobid: 43
    wildcards: out_dir=/data2/morgante_lab/ukbiobank_projects/GxE_multi_ancestry/output/snp_lists, ancestry=asian, chr=21
    resources: cpus=20, mem_mb=204800, time=24:00:00, partition=fm-bigmem-2, nodelist=bigmem007

[Thu Aug 29 11:04:04 2024]
Finished job 41.
19 of 89 steps (21%) done

[Thu Aug 29 11:04:05 2024]
rule filter_snplist_per_ancestry:
    input: /data2/morgante_lab/data/ukbiobank/genotypes/array, /data2/morgante_lab/ukbiobank_projects/GxE_multi_ancestry/data/black_ids.txt
    output: /data2/morgante_lab/ukbiobank_projects/GxE_multi_ancestry/output/snp_lists/black_filtered_all_chr6.snplist
    jobid: 6
    wildcards: out_dir=/data2/morgante_lab/ukbiobank_projects/GxE_multi_ancestry/output/snp_lists, ancestry=black, chr=6
    resources: cpus=20, mem_mb=204800, time=24:00:00, partition=fm-bigmem-2, nodelist=bigmem007

[Thu Aug 29 11:04:11 2024]
Finished job 25.
20 of 89 steps (22%) done

[Thu Aug 29 11:04:13 2024]
rule filter_snplist_per_ancestry:
    input: /data2/morgante_lab/data/ukbiobank/genotypes/array, /data2/morgante_lab/ukbiobank_projects/GxE_multi_ancestry/data/black_ids.txt
    output: /data2/morgante_lab/ukbiobank_projects/GxE_multi_ancestry/output/snp_lists/black_filtered_all_chr21.snplist
    jobid: 21
    wildcards: out_dir=/data2/morgante_lab/ukbiobank_projects/GxE_multi_ancestry/output/snp_lists, ancestry=black, chr=21
    resources: cpus=20, mem_mb=204800, time=24:00:00, partition=fm-bigmem-2, nodelist=bigmem007

[Thu Aug 29 11:04:14 2024]
Finished job 19.
21 of 89 steps (24%) done

[Thu Aug 29 11:04:21 2024]
rule filter_snplist_per_ancestry:
    input: /data2/morgante_lab/data/ukbiobank/genotypes/array, /data2/morgante_lab/ukbiobank_projects/GxE_multi_ancestry/data/mixed_ids.txt
    output: /data2/morgante_lab/ukbiobank_projects/GxE_multi_ancestry/output/snp_lists/mixed_filtered_all_chr7.snplist
    jobid: 51
    wildcards: out_dir=/data2/morgante_lab/ukbiobank_projects/GxE_multi_ancestry/output/snp_lists, ancestry=mixed, chr=7
    resources: cpus=20, mem_mb=204800, time=24:00:00, partition=fm-bigmem-2, nodelist=bigmem007

[Thu Aug 29 11:04:26 2024]
Finished job 42.
22 of 89 steps (25%) done
[Thu Aug 29 11:04:28 2024]
Finished job 48.
23 of 89 steps (26%) done

[Thu Aug 29 11:04:28 2024]
rule filter_snplist_per_ancestry:
    input: /data2/morgante_lab/data/ukbiobank/genotypes/array, /data2/morgante_lab/ukbiobank_projects/GxE_multi_ancestry/data/chinese_ids.txt
    output: /data2/morgante_lab/ukbiobank_projects/GxE_multi_ancestry/output/snp_lists/chinese_filtered_all_chr8.snplist
    jobid: 74
    wildcards: out_dir=/data2/morgante_lab/ukbiobank_projects/GxE_multi_ancestry/output/snp_lists, ancestry=chinese, chr=8
    resources: cpus=20, mem_mb=204800, time=24:00:00, partition=fm-bigmem-2, nodelist=bigmem007

[Thu Aug 29 11:04:35 2024]
Finished job 3.
24 of 89 steps (27%) done
[Thu Aug 29 11:04:35 2024]
Finished job 11.
25 of 89 steps (28%) done

[Thu Aug 29 11:04:38 2024]
rule filter_snplist_per_ancestry:
    input: /data2/morgante_lab/data/ukbiobank/genotypes/array, /data2/morgante_lab/ukbiobank_projects/GxE_multi_ancestry/data/asian_ids.txt
    output: /data2/morgante_lab/ukbiobank_projects/GxE_multi_ancestry/output/snp_lists/asian_filtered_all_chr7.snplist
    jobid: 29
    wildcards: out_dir=/data2/morgante_lab/ukbiobank_projects/GxE_multi_ancestry/output/snp_lists, ancestry=asian, chr=7
    resources: cpus=20, mem_mb=204800, time=24:00:00, partition=fm-bigmem-2, nodelist=bigmem007

[Thu Aug 29 11:04:38 2024]
Finished job 20.
26 of 89 steps (29%) done
[Thu Aug 29 11:04:38 2024]
Finished job 43.
27 of 89 steps (30%) done

[Thu Aug 29 11:04:42 2024]
rule filter_snplist_per_ancestry:
    input: /data2/morgante_lab/data/ukbiobank/genotypes/array, /data2/morgante_lab/ukbiobank_projects/GxE_multi_ancestry/data/mixed_ids.txt
    output: /data2/morgante_lab/ukbiobank_projects/GxE_multi_ancestry/output/snp_lists/mixed_filtered_all_chr15.snplist
    jobid: 59
    wildcards: out_dir=/data2/morgante_lab/ukbiobank_projects/GxE_multi_ancestry/output/snp_lists, ancestry=mixed, chr=15
    resources: cpus=20, mem_mb=204800, time=24:00:00, partition=fm-bigmem-2, nodelist=bigmem007

[Thu Aug 29 11:04:49 2024]
Finished job 21.
28 of 89 steps (31%) done

[Thu Aug 29 11:04:52 2024]
rule filter_snplist_per_ancestry:
    input: /data2/morgante_lab/data/ukbiobank/genotypes/array, /data2/morgante_lab/ukbiobank_projects/GxE_multi_ancestry/data/asian_ids.txt
    output: /data2/morgante_lab/ukbiobank_projects/GxE_multi_ancestry/output/snp_lists/asian_filtered_all_chr15.snplist
    jobid: 37
    wildcards: out_dir=/data2/morgante_lab/ukbiobank_projects/GxE_multi_ancestry/output/snp_lists, ancestry=asian, chr=15
    resources: cpus=20, mem_mb=204800, time=24:00:00, partition=fm-bigmem-2, nodelist=bigmem007

[Thu Aug 29 11:04:54 2024]
Finished job 12.
29 of 89 steps (33%) done

[Thu Aug 29 11:04:59 2024]
rule filter_snplist_per_ancestry:
    input: /data2/morgante_lab/data/ukbiobank/genotypes/array, /data2/morgante_lab/ukbiobank_projects/GxE_multi_ancestry/data/chinese_ids.txt
    output: /data2/morgante_lab/ukbiobank_projects/GxE_multi_ancestry/output/snp_lists/chinese_filtered_all_chr1.snplist
    jobid: 67
    wildcards: out_dir=/data2/morgante_lab/ukbiobank_projects/GxE_multi_ancestry/output/snp_lists, ancestry=chinese, chr=1
    resources: cpus=20, mem_mb=204800, time=24:00:00, partition=fm-bigmem-2, nodelist=bigmem007


[Thu Aug 29 11:05:02 2024]
rule filter_snplist_per_ancestry:
    input: /data2/morgante_lab/data/ukbiobank/genotypes/array, /data2/morgante_lab/ukbiobank_projects/GxE_multi_ancestry/data/chinese_ids.txt
    output: /data2/morgante_lab/ukbiobank_projects/GxE_multi_ancestry/output/snp_lists/chinese_filtered_all_chr16.snplist
    jobid: 82
    wildcards: out_dir=/data2/morgante_lab/ukbiobank_projects/GxE_multi_ancestry/output/snp_lists, ancestry=chinese, chr=16
    resources: cpus=20, mem_mb=204800, time=24:00:00, partition=fm-bigmem-2, nodelist=bigmem007

[Thu Aug 29 11:05:03 2024]
Finished job 49.
30 of 89 steps (34%) done

[Thu Aug 29 11:05:04 2024]
rule filter_snplist_per_ancestry:
    input: /data2/morgante_lab/data/ukbiobank/genotypes/array, /data2/morgante_lab/ukbiobank_projects/GxE_multi_ancestry/data/black_ids.txt
    output: /data2/morgante_lab/ukbiobank_projects/GxE_multi_ancestry/output/snp_lists/black_filtered_all_chr14.snplist
    jobid: 14
    wildcards: out_dir=/data2/morgante_lab/ukbiobank_projects/GxE_multi_ancestry/output/snp_lists, ancestry=black, chr=14
    resources: cpus=20, mem_mb=204800, time=24:00:00, partition=fm-bigmem-2, nodelist=bigmem007


[Thu Aug 29 11:05:05 2024]
rule filter_snplist_per_ancestry:
    input: /data2/morgante_lab/data/ukbiobank/genotypes/array, /data2/morgante_lab/ukbiobank_projects/GxE_multi_ancestry/data/asian_ids.txt
    output: /data2/morgante_lab/ukbiobank_projects/GxE_multi_ancestry/output/snp_lists/asian_filtered_all_chr22.snplist
    jobid: 44
    wildcards: out_dir=/data2/morgante_lab/ukbiobank_projects/GxE_multi_ancestry/output/snp_lists, ancestry=asian, chr=22
    resources: cpus=20, mem_mb=204800, time=24:00:00, partition=fm-bigmem-2, nodelist=bigmem007

[Thu Aug 29 11:05:06 2024]
Finished job 4.
31 of 89 steps (35%) done
[Thu Aug 29 11:05:10 2024]
Finished job 13.
32 of 89 steps (36%) done

[Thu Aug 29 11:05:15 2024]
rule filter_snplist_per_ancestry:
    input: /data2/morgante_lab/data/ukbiobank/genotypes/array, /data2/morgante_lab/ukbiobank_projects/GxE_multi_ancestry/data/black_ids.txt
    output: /data2/morgante_lab/ukbiobank_projects/GxE_multi_ancestry/output/snp_lists/black_filtered_all_chr7.snplist
    jobid: 7
    wildcards: out_dir=/data2/morgante_lab/ukbiobank_projects/GxE_multi_ancestry/output/snp_lists, ancestry=black, chr=7
    resources: cpus=20, mem_mb=204800, time=24:00:00, partition=fm-bigmem-2, nodelist=bigmem007


[Thu Aug 29 11:05:22 2024]
rule filter_snplist_per_ancestry:
    input: /data2/morgante_lab/data/ukbiobank/genotypes/array, /data2/morgante_lab/ukbiobank_projects/GxE_multi_ancestry/data/black_ids.txt
    output: /data2/morgante_lab/ukbiobank_projects/GxE_multi_ancestry/output/snp_lists/black_filtered_all_chr22.snplist
    jobid: 22
    wildcards: out_dir=/data2/morgante_lab/ukbiobank_projects/GxE_multi_ancestry/output/snp_lists, ancestry=black, chr=22
    resources: cpus=20, mem_mb=204800, time=24:00:00, partition=fm-bigmem-2, nodelist=bigmem007


[Thu Aug 29 11:05:29 2024]
rule filter_snplist_per_ancestry:
    input: /data2/morgante_lab/data/ukbiobank/genotypes/array, /data2/morgante_lab/ukbiobank_projects/GxE_multi_ancestry/data/asian_ids.txt
    output: /data2/morgante_lab/ukbiobank_projects/GxE_multi_ancestry/output/snp_lists/asian_filtered_all_chr8.snplist
    jobid: 30
    wildcards: out_dir=/data2/morgante_lab/ukbiobank_projects/GxE_multi_ancestry/output/snp_lists, ancestry=asian, chr=8
    resources: cpus=20, mem_mb=204800, time=24:00:00, partition=fm-bigmem-2, nodelist=bigmem007


[Thu Aug 29 11:05:32 2024]
rule filter_snplist_per_ancestry:
    input: /data2/morgante_lab/data/ukbiobank/genotypes/array, /data2/morgante_lab/ukbiobank_projects/GxE_multi_ancestry/data/mixed_ids.txt
    output: /data2/morgante_lab/ukbiobank_projects/GxE_multi_ancestry/output/snp_lists/mixed_filtered_all_chr16.snplist
    jobid: 60
    wildcards: out_dir=/data2/morgante_lab/ukbiobank_projects/GxE_multi_ancestry/output/snp_lists, ancestry=mixed, chr=16
    resources: cpus=20, mem_mb=204800, time=24:00:00, partition=fm-bigmem-2, nodelist=bigmem007


[Thu Aug 29 11:05:36 2024]
rule filter_snplist_per_ancestry:
    input: /data2/morgante_lab/data/ukbiobank/genotypes/array, /data2/morgante_lab/ukbiobank_projects/GxE_multi_ancestry/data/black_ids.txt
    output: /data2/morgante_lab/ukbiobank_projects/GxE_multi_ancestry/output/snp_lists/black_filtered_all_chr15.snplist
    jobid: 15
    wildcards: out_dir=/data2/morgante_lab/ukbiobank_projects/GxE_multi_ancestry/output/snp_lists, ancestry=black, chr=15
    resources: cpus=20, mem_mb=204800, time=24:00:00, partition=fm-bigmem-2, nodelist=bigmem007

[Thu Aug 29 11:05:38 2024]
Finished job 5.
33 of 89 steps (37%) done

[Thu Aug 29 11:05:42 2024]
rule filter_snplist_per_ancestry:
    input: /data2/morgante_lab/data/ukbiobank/genotypes/array, /data2/morgante_lab/ukbiobank_projects/GxE_multi_ancestry/data/mixed_ids.txt
    output: /data2/morgante_lab/ukbiobank_projects/GxE_multi_ancestry/output/snp_lists/mixed_filtered_all_chr1.snplist
    jobid: 45
    wildcards: out_dir=/data2/morgante_lab/ukbiobank_projects/GxE_multi_ancestry/output/snp_lists, ancestry=mixed, chr=1
    resources: cpus=20, mem_mb=204800, time=24:00:00, partition=fm-bigmem-2, nodelist=bigmem007

[Thu Aug 29 11:05:50 2024]
Finished job 44.
34 of 89 steps (38%) done
Select jobs to execute...

[Thu Aug 29 11:05:56 2024]
rule filter_snplist_per_ancestry:
    input: /data2/morgante_lab/data/ukbiobank/genotypes/array, /data2/morgante_lab/ukbiobank_projects/GxE_multi_ancestry/data/chinese_ids.txt
    output: /data2/morgante_lab/ukbiobank_projects/GxE_multi_ancestry/output/snp_lists/chinese_filtered_all_chr17.snplist
    jobid: 83
    wildcards: out_dir=/data2/morgante_lab/ukbiobank_projects/GxE_multi_ancestry/output/snp_lists, ancestry=chinese, chr=17
    resources: cpus=20, mem_mb=204800, time=24:00:00, partition=fm-bigmem-2, nodelist=bigmem007

[Thu Aug 29 11:05:57 2024]
Finished job 59.
35 of 89 steps (39%) done
[Thu Aug 29 11:06:06 2024]
Finished job 37.
36 of 89 steps (40%) done
[Thu Aug 29 11:06:07 2024]
Finished job 22.
37 of 89 steps (42%) done
[Thu Aug 29 11:06:08 2024]
Finished job 50.
38 of 89 steps (43%) done

[Thu Aug 29 11:06:10 2024]
rule filter_snplist_per_ancestry:
    input: /data2/morgante_lab/data/ukbiobank/genotypes/array, /data2/morgante_lab/ukbiobank_projects/GxE_multi_ancestry/data/chinese_ids.txt
    output: /data2/morgante_lab/ukbiobank_projects/GxE_multi_ancestry/output/snp_lists/chinese_filtered_all_chr2.snplist
    jobid: 68
    wildcards: out_dir=/data2/morgante_lab/ukbiobank_projects/GxE_multi_ancestry/output/snp_lists, ancestry=chinese, chr=2
    resources: cpus=20, mem_mb=204800, time=24:00:00, partition=fm-bigmem-2, nodelist=bigmem007


[Thu Aug 29 11:06:12 2024]
rule filter_snplist_per_ancestry:
    input: /data2/morgante_lab/data/ukbiobank/genotypes/array, /data2/morgante_lab/ukbiobank_projects/GxE_multi_ancestry/data/asian_ids.txt
    output: /data2/morgante_lab/ukbiobank_projects/GxE_multi_ancestry/output/snp_lists/asian_filtered_all_chr9.snplist
    jobid: 31
    wildcards: out_dir=/data2/morgante_lab/ukbiobank_projects/GxE_multi_ancestry/output/snp_lists, ancestry=asian, chr=9
    resources: cpus=20, mem_mb=204800, time=24:00:00, partition=fm-bigmem-2, nodelist=bigmem007

[Thu Aug 29 11:06:13 2024]
Finished job 15.
39 of 89 steps (44%) done
[Thu Aug 29 11:06:14 2024]
Finished job 51.
40 of 89 steps (45%) done
[Thu Aug 29 11:06:14 2024]
Finished job 14.
41 of 89 steps (46%) done
[Thu Aug 29 11:06:20 2024]
Finished job 74.
42 of 89 steps (47%) done
[Thu Aug 29 11:06:20 2024]
Finished job 82.
43 of 89 steps (48%) done

[Thu Aug 29 11:06:21 2024]
rule filter_snplist_per_ancestry:
    input: /data2/morgante_lab/data/ukbiobank/genotypes/array, /data2/morgante_lab/ukbiobank_projects/GxE_multi_ancestry/data/asian_ids.txt
    output: /data2/morgante_lab/ukbiobank_projects/GxE_multi_ancestry/output/snp_lists/asian_filtered_all_chr1.snplist
    jobid: 23
    wildcards: out_dir=/data2/morgante_lab/ukbiobank_projects/GxE_multi_ancestry/output/snp_lists, ancestry=asian, chr=1
    resources: cpus=20, mem_mb=204800, time=24:00:00, partition=fm-bigmem-2, nodelist=bigmem007

[Thu Aug 29 11:06:25 2024]
Finished job 6.
44 of 89 steps (49%) done
[Thu Aug 29 11:06:26 2024]
Finished job 29.
45 of 89 steps (51%) done

[Thu Aug 29 11:06:29 2024]
rule filter_snplist_per_ancestry:
    input: /data2/morgante_lab/data/ukbiobank/genotypes/array, /data2/morgante_lab/ukbiobank_projects/GxE_multi_ancestry/data/mixed_ids.txt
    output: /data2/morgante_lab/ukbiobank_projects/GxE_multi_ancestry/output/snp_lists/mixed_filtered_all_chr9.snplist
    jobid: 53
    wildcards: out_dir=/data2/morgante_lab/ukbiobank_projects/GxE_multi_ancestry/output/snp_lists, ancestry=mixed, chr=9
    resources: cpus=20, mem_mb=204800, time=24:00:00, partition=fm-bigmem-2, nodelist=bigmem007


[Thu Aug 29 11:06:33 2024]
rule filter_snplist_per_ancestry:
    input: /data2/morgante_lab/data/ukbiobank/genotypes/array, /data2/morgante_lab/ukbiobank_projects/GxE_multi_ancestry/data/mixed_ids.txt
    output: /data2/morgante_lab/ukbiobank_projects/GxE_multi_ancestry/output/snp_lists/mixed_filtered_all_chr17.snplist
    jobid: 61
    wildcards: out_dir=/data2/morgante_lab/ukbiobank_projects/GxE_multi_ancestry/output/snp_lists, ancestry=mixed, chr=17
    resources: cpus=20, mem_mb=204800, time=24:00:00, partition=fm-bigmem-2, nodelist=bigmem007


[Thu Aug 29 11:06:38 2024]
rule filter_snplist_per_ancestry:
    input: /data2/morgante_lab/data/ukbiobank/genotypes/array, /data2/morgante_lab/ukbiobank_projects/GxE_multi_ancestry/data/chinese_ids.txt
    output: /data2/morgante_lab/ukbiobank_projects/GxE_multi_ancestry/output/snp_lists/chinese_filtered_all_chr10.snplist
    jobid: 76
    wildcards: out_dir=/data2/morgante_lab/ukbiobank_projects/GxE_multi_ancestry/output/snp_lists, ancestry=chinese, chr=10
    resources: cpus=20, mem_mb=204800, time=24:00:00, partition=fm-bigmem-2, nodelist=bigmem007


[Thu Aug 29 11:06:43 2024]
rule filter_snplist_per_ancestry:
    input: /data2/morgante_lab/data/ukbiobank/genotypes/array, /data2/morgante_lab/ukbiobank_projects/GxE_multi_ancestry/data/asian_ids.txt
    output: /data2/morgante_lab/ukbiobank_projects/GxE_multi_ancestry/output/snp_lists/asian_filtered_all_chr2.snplist
    jobid: 24
    wildcards: out_dir=/data2/morgante_lab/ukbiobank_projects/GxE_multi_ancestry/output/snp_lists, ancestry=asian, chr=2
    resources: cpus=20, mem_mb=204800, time=24:00:00, partition=fm-bigmem-2, nodelist=bigmem007


[Thu Aug 29 11:06:45 2024]
rule filter_snplist_per_ancestry:
    input: /data2/morgante_lab/data/ukbiobank/genotypes/array, /data2/morgante_lab/ukbiobank_projects/GxE_multi_ancestry/data/asian_ids.txt
    output: /data2/morgante_lab/ukbiobank_projects/GxE_multi_ancestry/output/snp_lists/asian_filtered_all_chr10.snplist
    jobid: 32
    wildcards: out_dir=/data2/morgante_lab/ukbiobank_projects/GxE_multi_ancestry/output/snp_lists, ancestry=asian, chr=10
    resources: cpus=20, mem_mb=204800, time=24:00:00, partition=fm-bigmem-2, nodelist=bigmem007

[Thu Aug 29 11:06:48 2024]
Finished job 60.
46 of 89 steps (52%) done

[Thu Aug 29 11:06:58 2024]
rule filter_snplist_per_ancestry:
    input: /data2/morgante_lab/data/ukbiobank/genotypes/array, /data2/morgante_lab/ukbiobank_projects/GxE_multi_ancestry/data/mixed_ids.txt
    output: /data2/morgante_lab/ukbiobank_projects/GxE_multi_ancestry/output/snp_lists/mixed_filtered_all_chr18.snplist
    jobid: 62
    wildcards: out_dir=/data2/morgante_lab/ukbiobank_projects/GxE_multi_ancestry/output/snp_lists, ancestry=mixed, chr=18
    resources: cpus=20, mem_mb=204800, time=24:00:00, partition=fm-bigmem-2, nodelist=bigmem007


[Thu Aug 29 11:07:04 2024]
rule filter_snplist_per_ancestry:
    input: /data2/morgante_lab/data/ukbiobank/genotypes/array, /data2/morgante_lab/ukbiobank_projects/GxE_multi_ancestry/data/chinese_ids.txt
    output: /data2/morgante_lab/ukbiobank_projects/GxE_multi_ancestry/output/snp_lists/chinese_filtered_all_chr11.snplist
    jobid: 77
    wildcards: out_dir=/data2/morgante_lab/ukbiobank_projects/GxE_multi_ancestry/output/snp_lists, ancestry=chinese, chr=11
    resources: cpus=20, mem_mb=204800, time=24:00:00, partition=fm-bigmem-2, nodelist=bigmem007


[Thu Aug 29 11:07:07 2024]
rule filter_snplist_per_ancestry:
    input: /data2/morgante_lab/data/ukbiobank/genotypes/array, /data2/morgante_lab/ukbiobank_projects/GxE_multi_ancestry/data/chinese_ids.txt
    output: /data2/morgante_lab/ukbiobank_projects/GxE_multi_ancestry/output/snp_lists/chinese_filtered_all_chr4.snplist
    jobid: 70
    wildcards: out_dir=/data2/morgante_lab/ukbiobank_projects/GxE_multi_ancestry/output/snp_lists, ancestry=chinese, chr=4
    resources: cpus=20, mem_mb=204800, time=24:00:00, partition=fm-bigmem-2, nodelist=bigmem007

[Thu Aug 29 11:07:10 2024]
Finished job 7.
47 of 89 steps (53%) done
[Thu Aug 29 11:07:15 2024]
Finished job 30.
48 of 89 steps (54%) done

[Thu Aug 29 11:07:15 2024]
rule filter_snplist_per_ancestry:
    input: /data2/morgante_lab/data/ukbiobank/genotypes/array, /data2/morgante_lab/ukbiobank_projects/GxE_multi_ancestry/data/chinese_ids.txt
    output: /data2/morgante_lab/ukbiobank_projects/GxE_multi_ancestry/output/snp_lists/chinese_filtered_all_chr19.snplist
    jobid: 85
    wildcards: out_dir=/data2/morgante_lab/ukbiobank_projects/GxE_multi_ancestry/output/snp_lists, ancestry=chinese, chr=19
    resources: cpus=20, mem_mb=204800, time=24:00:00, partition=fm-bigmem-2, nodelist=bigmem007

[Thu Aug 29 11:07:19 2024]
Finished job 83.
49 of 89 steps (55%) done

[Thu Aug 29 11:07:20 2024]
rule filter_snplist_per_ancestry:
    input: /data2/morgante_lab/data/ukbiobank/genotypes/array, /data2/morgante_lab/ukbiobank_projects/GxE_multi_ancestry/data/asian_ids.txt
    output: /data2/morgante_lab/ukbiobank_projects/GxE_multi_ancestry/output/snp_lists/asian_filtered_all_chr11.snplist
    jobid: 33
    wildcards: out_dir=/data2/morgante_lab/ukbiobank_projects/GxE_multi_ancestry/output/snp_lists, ancestry=asian, chr=11
    resources: cpus=20, mem_mb=204800, time=24:00:00, partition=fm-bigmem-2, nodelist=bigmem007


[Thu Aug 29 11:07:30 2024]
rule filter_snplist_per_ancestry:
    input: /data2/morgante_lab/data/ukbiobank/genotypes/array, /data2/morgante_lab/ukbiobank_projects/GxE_multi_ancestry/data/mixed_ids.txt
    output: /data2/morgante_lab/ukbiobank_projects/GxE_multi_ancestry/output/snp_lists/mixed_filtered_all_chr19.snplist
    jobid: 63
    wildcards: out_dir=/data2/morgante_lab/ukbiobank_projects/GxE_multi_ancestry/output/snp_lists, ancestry=mixed, chr=19
    resources: cpus=20, mem_mb=204800, time=24:00:00, partition=fm-bigmem-2, nodelist=bigmem007


[Thu Aug 29 11:07:36 2024]
rule filter_snplist_per_ancestry:
    input: /data2/morgante_lab/data/ukbiobank/genotypes/array, /data2/morgante_lab/ukbiobank_projects/GxE_multi_ancestry/data/chinese_ids.txt
    output: /data2/morgante_lab/ukbiobank_projects/GxE_multi_ancestry/output/snp_lists/chinese_filtered_all_chr12.snplist
    jobid: 78
    wildcards: out_dir=/data2/morgante_lab/ukbiobank_projects/GxE_multi_ancestry/output/snp_lists, ancestry=chinese, chr=12
    resources: cpus=20, mem_mb=204800, time=24:00:00, partition=fm-bigmem-2, nodelist=bigmem007

[Thu Aug 29 11:07:42 2024]
Finished job 67.
50 of 89 steps (56%) done

[Thu Aug 29 11:07:46 2024]
rule filter_snplist_per_ancestry:
    input: /data2/morgante_lab/data/ukbiobank/genotypes/array, /data2/morgante_lab/ukbiobank_projects/GxE_multi_ancestry/data/chinese_ids.txt
    output: /data2/morgante_lab/ukbiobank_projects/GxE_multi_ancestry/output/snp_lists/chinese_filtered_all_chr5.snplist
    jobid: 71
    wildcards: out_dir=/data2/morgante_lab/ukbiobank_projects/GxE_multi_ancestry/output/snp_lists, ancestry=chinese, chr=5
    resources: cpus=20, mem_mb=204800, time=24:00:00, partition=fm-bigmem-2, nodelist=bigmem007

[Thu Aug 29 11:07:52 2024]
Finished job 31.
51 of 89 steps (57%) done

[Thu Aug 29 11:07:55 2024]
rule filter_snplist_per_ancestry:
    input: /data2/morgante_lab/data/ukbiobank/genotypes/array, /data2/morgante_lab/ukbiobank_projects/GxE_multi_ancestry/data/asian_ids.txt
    output: /data2/morgante_lab/ukbiobank_projects/GxE_multi_ancestry/output/snp_lists/asian_filtered_all_chr4.snplist
    jobid: 26
    wildcards: out_dir=/data2/morgante_lab/ukbiobank_projects/GxE_multi_ancestry/output/snp_lists, ancestry=asian, chr=4
    resources: cpus=20, mem_mb=204800, time=24:00:00, partition=fm-bigmem-2, nodelist=bigmem007


[Thu Aug 29 11:08:04 2024]
rule filter_snplist_per_ancestry:
    input: /data2/morgante_lab/data/ukbiobank/genotypes/array, /data2/morgante_lab/ukbiobank_projects/GxE_multi_ancestry/data/mixed_ids.txt
    output: /data2/morgante_lab/ukbiobank_projects/GxE_multi_ancestry/output/snp_lists/mixed_filtered_all_chr12.snplist
    jobid: 56
    wildcards: out_dir=/data2/morgante_lab/ukbiobank_projects/GxE_multi_ancestry/output/snp_lists, ancestry=mixed, chr=12
    resources: cpus=20, mem_mb=204800, time=24:00:00, partition=fm-bigmem-2, nodelist=bigmem007

[Thu Aug 29 11:08:05 2024]
Finished job 61.
52 of 89 steps (58%) done
[Thu Aug 29 11:08:09 2024]
Finished job 53.
53 of 89 steps (60%) done

[Thu Aug 29 11:08:12 2024]
rule filter_snplist_per_ancestry:
    input: /data2/morgante_lab/data/ukbiobank/genotypes/array, /data2/morgante_lab/ukbiobank_projects/GxE_multi_ancestry/data/chinese_ids.txt
    output: /data2/morgante_lab/ukbiobank_projects/GxE_multi_ancestry/output/snp_lists/chinese_filtered_all_chr20.snplist
    jobid: 86
    wildcards: out_dir=/data2/morgante_lab/ukbiobank_projects/GxE_multi_ancestry/output/snp_lists, ancestry=chinese, chr=20
    resources: cpus=20, mem_mb=204800, time=24:00:00, partition=fm-bigmem-2, nodelist=bigmem007

[Thu Aug 29 11:08:12 2024]
Finished job 62.
54 of 89 steps (61%) done

[Thu Aug 29 11:08:19 2024]
rule filter_snplist_per_ancestry:
    input: /data2/morgante_lab/data/ukbiobank/genotypes/array, /data2/morgante_lab/ukbiobank_projects/GxE_multi_ancestry/data/asian_ids.txt
    output: /data2/morgante_lab/ukbiobank_projects/GxE_multi_ancestry/output/snp_lists/asian_filtered_all_chr12.snplist
    jobid: 34
    wildcards: out_dir=/data2/morgante_lab/ukbiobank_projects/GxE_multi_ancestry/output/snp_lists, ancestry=asian, chr=12
    resources: cpus=20, mem_mb=204800, time=24:00:00, partition=fm-bigmem-2, nodelist=bigmem007


[Thu Aug 29 11:08:23 2024]
rule filter_snplist_per_ancestry:
    input: /data2/morgante_lab/data/ukbiobank/genotypes/array, /data2/morgante_lab/ukbiobank_projects/GxE_multi_ancestry/data/mixed_ids.txt
    output: /data2/morgante_lab/ukbiobank_projects/GxE_multi_ancestry/output/snp_lists/mixed_filtered_all_chr20.snplist
    jobid: 64
    wildcards: out_dir=/data2/morgante_lab/ukbiobank_projects/GxE_multi_ancestry/output/snp_lists, ancestry=mixed, chr=20
    resources: cpus=20, mem_mb=204800, time=24:00:00, partition=fm-bigmem-2, nodelist=bigmem007

[Thu Aug 29 11:08:32 2024]
Finished job 76.
55 of 89 steps (62%) done
[Thu Aug 29 11:08:34 2024]
Finished job 85.
56 of 89 steps (63%) done

[Thu Aug 29 11:08:36 2024]
rule filter_snplist_per_ancestry:
    input: /data2/morgante_lab/data/ukbiobank/genotypes/array, /data2/morgante_lab/ukbiobank_projects/GxE_multi_ancestry/data/black_ids.txt
    output: /data2/morgante_lab/ukbiobank_projects/GxE_multi_ancestry/output/snp_lists/black_filtered_all_chr1.snplist
    jobid: 1
    wildcards: out_dir=/data2/morgante_lab/ukbiobank_projects/GxE_multi_ancestry/output/snp_lists, ancestry=black, chr=1
    resources: cpus=20, mem_mb=204800, time=24:00:00, partition=fm-bigmem-2, nodelist=bigmem007


[Thu Aug 29 11:08:42 2024]
rule filter_snplist_per_ancestry:
    input: /data2/morgante_lab/data/ukbiobank/genotypes/array, /data2/morgante_lab/ukbiobank_projects/GxE_multi_ancestry/data/asian_ids.txt
    output: /data2/morgante_lab/ukbiobank_projects/GxE_multi_ancestry/output/snp_lists/asian_filtered_all_chr13.snplist
    jobid: 35
    wildcards: out_dir=/data2/morgante_lab/ukbiobank_projects/GxE_multi_ancestry/output/snp_lists, ancestry=asian, chr=13
    resources: cpus=20, mem_mb=204800, time=24:00:00, partition=fm-bigmem-2, nodelist=bigmem007


[Thu Aug 29 11:08:51 2024]
rule filter_snplist_per_ancestry:
    input: /data2/morgante_lab/data/ukbiobank/genotypes/array, /data2/morgante_lab/ukbiobank_projects/GxE_multi_ancestry/data/mixed_ids.txt
    output: /data2/morgante_lab/ukbiobank_projects/GxE_multi_ancestry/output/snp_lists/mixed_filtered_all_chr21.snplist
    jobid: 65
    wildcards: out_dir=/data2/morgante_lab/ukbiobank_projects/GxE_multi_ancestry/output/snp_lists, ancestry=mixed, chr=21
    resources: cpus=20, mem_mb=204800, time=24:00:00, partition=fm-bigmem-2, nodelist=bigmem007

[Thu Aug 29 11:08:51 2024]
Finished job 63.
57 of 89 steps (64%) done
[Thu Aug 29 11:08:57 2024]
Finished job 45.
58 of 89 steps (65%) done
[Thu Aug 29 11:09:00 2024]
Finished job 32.
59 of 89 steps (66%) done
[Thu Aug 29 11:09:03 2024]
Finished job 68.
60 of 89 steps (67%) done

[Thu Aug 29 11:09:04 2024]
rule filter_snplist_per_ancestry:
    input: /data2/morgante_lab/data/ukbiobank/genotypes/array, /data2/morgante_lab/ukbiobank_projects/GxE_multi_ancestry/data/chinese_ids.txt
    output: /data2/morgante_lab/ukbiobank_projects/GxE_multi_ancestry/output/snp_lists/chinese_filtered_all_chr14.snplist
    jobid: 80
    wildcards: out_dir=/data2/morgante_lab/ukbiobank_projects/GxE_multi_ancestry/output/snp_lists, ancestry=chinese, chr=14
    resources: cpus=20, mem_mb=204800, time=24:00:00, partition=fm-bigmem-2, nodelist=bigmem007


[Thu Aug 29 11:09:07 2024]
rule filter_snplist_per_ancestry:
    input: /data2/morgante_lab/data/ukbiobank/genotypes/array, /data2/morgante_lab/ukbiobank_projects/GxE_multi_ancestry/data/asian_ids.txt
    output: /data2/morgante_lab/ukbiobank_projects/GxE_multi_ancestry/output/snp_lists/asian_filtered_all_chr6.snplist
    jobid: 28
    wildcards: out_dir=/data2/morgante_lab/ukbiobank_projects/GxE_multi_ancestry/output/snp_lists, ancestry=asian, chr=6
    resources: cpus=20, mem_mb=204800, time=24:00:00, partition=fm-bigmem-2, nodelist=bigmem007


[Thu Aug 29 11:09:13 2024]
rule filter_snplist_per_ancestry:
    input: /data2/morgante_lab/data/ukbiobank/genotypes/array, /data2/morgante_lab/ukbiobank_projects/GxE_multi_ancestry/data/mixed_ids.txt
    output: /data2/morgante_lab/ukbiobank_projects/GxE_multi_ancestry/output/snp_lists/mixed_filtered_all_chr14.snplist
    jobid: 58
    wildcards: out_dir=/data2/morgante_lab/ukbiobank_projects/GxE_multi_ancestry/output/snp_lists, ancestry=mixed, chr=14
    resources: cpus=20, mem_mb=204800, time=24:00:00, partition=fm-bigmem-2, nodelist=bigmem007

[Thu Aug 29 11:09:18 2024]
Finished job 77.
61 of 89 steps (69%) done

[Thu Aug 29 11:09:25 2024]
rule filter_snplist_per_ancestry:
    input: /data2/morgante_lab/data/ukbiobank/genotypes/array, /data2/morgante_lab/ukbiobank_projects/GxE_multi_ancestry/data/chinese_ids.txt
    output: /data2/morgante_lab/ukbiobank_projects/GxE_multi_ancestry/output/snp_lists/chinese_filtered_all_chr7.snplist
    jobid: 73
    wildcards: out_dir=/data2/morgante_lab/ukbiobank_projects/GxE_multi_ancestry/output/snp_lists, ancestry=chinese, chr=7
    resources: cpus=20, mem_mb=204800, time=24:00:00, partition=fm-bigmem-2, nodelist=bigmem007

[Thu Aug 29 11:09:27 2024]
Finished job 86.
62 of 89 steps (70%) done

[Thu Aug 29 11:09:34 2024]
rule filter_snplist_per_ancestry:
    input: /data2/morgante_lab/data/ukbiobank/genotypes/array, /data2/morgante_lab/ukbiobank_projects/GxE_multi_ancestry/data/chinese_ids.txt
    output: /data2/morgante_lab/ukbiobank_projects/GxE_multi_ancestry/output/snp_lists/chinese_filtered_all_chr22.snplist
    jobid: 88
    wildcards: out_dir=/data2/morgante_lab/ukbiobank_projects/GxE_multi_ancestry/output/snp_lists, ancestry=chinese, chr=22
    resources: cpus=20, mem_mb=204800, time=24:00:00, partition=fm-bigmem-2, nodelist=bigmem007

[Thu Aug 29 11:09:41 2024]
Finished job 23.
63 of 89 steps (71%) done

[Thu Aug 29 11:09:42 2024]
rule filter_snplist_per_ancestry:
    input: /data2/morgante_lab/data/ukbiobank/genotypes/array, /data2/morgante_lab/ukbiobank_projects/GxE_multi_ancestry/data/asian_ids.txt
    output: /data2/morgante_lab/ukbiobank_projects/GxE_multi_ancestry/output/snp_lists/asian_filtered_all_chr14.snplist
    jobid: 36
    wildcards: out_dir=/data2/morgante_lab/ukbiobank_projects/GxE_multi_ancestry/output/snp_lists, ancestry=asian, chr=14
    resources: cpus=20, mem_mb=204800, time=24:00:00, partition=fm-bigmem-2, nodelist=bigmem007

[Thu Aug 29 11:09:42 2024]
Finished job 65.
64 of 89 steps (72%) done
[Thu Aug 29 11:09:43 2024]
Finished job 33.
65 of 89 steps (73%) done
[Thu Aug 29 11:09:44 2024]
Finished job 64.
66 of 89 steps (74%) done
[Thu Aug 29 11:09:48 2024]
Finished job 70.
67 of 89 steps (75%) done
[Thu Aug 29 11:09:48 2024]
Finished job 78.
68 of 89 steps (76%) done

[Thu Aug 29 11:09:49 2024]
rule filter_snplist_per_ancestry:
    input: /data2/morgante_lab/data/ukbiobank/genotypes/array, /data2/morgante_lab/ukbiobank_projects/GxE_multi_ancestry/data/mixed_ids.txt
    output: /data2/morgante_lab/ukbiobank_projects/GxE_multi_ancestry/output/snp_lists/mixed_filtered_all_chr22.snplist
    jobid: 66
    wildcards: out_dir=/data2/morgante_lab/ukbiobank_projects/GxE_multi_ancestry/output/snp_lists, ancestry=mixed, chr=22
    resources: cpus=20, mem_mb=204800, time=24:00:00, partition=fm-bigmem-2, nodelist=bigmem007


[Thu Aug 29 11:09:57 2024]
rule filter_snplist_per_ancestry:
    input: /data2/morgante_lab/data/ukbiobank/genotypes/array, /data2/morgante_lab/ukbiobank_projects/GxE_multi_ancestry/data/chinese_ids.txt
    output: /data2/morgante_lab/ukbiobank_projects/GxE_multi_ancestry/output/snp_lists/chinese_filtered_all_chr15.snplist
    jobid: 81
    wildcards: out_dir=/data2/morgante_lab/ukbiobank_projects/GxE_multi_ancestry/output/snp_lists, ancestry=chinese, chr=15
    resources: cpus=20, mem_mb=204800, time=24:00:00, partition=fm-bigmem-2, nodelist=bigmem007

[Thu Aug 29 11:09:57 2024]
Finished job 24.
69 of 89 steps (78%) done

[Thu Aug 29 11:10:08 2024]
rule filter_snplist_per_ancestry:
    input: /data2/morgante_lab/data/ukbiobank/genotypes/array, /data2/morgante_lab/ukbiobank_projects/GxE_multi_ancestry/data/chinese_ids.txt
    output: /data2/morgante_lab/ukbiobank_projects/GxE_multi_ancestry/output/snp_lists/chinese_filtered_all_chr9.snplist
    jobid: 75
    wildcards: out_dir=/data2/morgante_lab/ukbiobank_projects/GxE_multi_ancestry/output/snp_lists, ancestry=chinese, chr=9
    resources: cpus=20, mem_mb=204800, time=24:00:00, partition=fm-bigmem-2, nodelist=bigmem007

[Thu Aug 29 11:10:11 2024]
Finished job 56.
70 of 89 steps (79%) done
[Thu Aug 29 11:10:12 2024]
Finished job 35.
71 of 89 steps (80%) done
Select jobs to execute...

[Thu Aug 29 11:10:16 2024]
rule filter_snplist_per_ancestry:
    input: /data2/morgante_lab/data/ukbiobank/genotypes/array, /data2/morgante_lab/ukbiobank_projects/GxE_multi_ancestry/data/chinese_ids.txt
    output: /data2/morgante_lab/ukbiobank_projects/GxE_multi_ancestry/output/snp_lists/chinese_filtered_all_chr13.snplist
    jobid: 79
    wildcards: out_dir=/data2/morgante_lab/ukbiobank_projects/GxE_multi_ancestry/output/snp_lists, ancestry=chinese, chr=13
    resources: cpus=20, mem_mb=204800, time=24:00:00, partition=fm-bigmem-2, nodelist=bigmem007

[Thu Aug 29 11:10:17 2024]
Finished job 88.
72 of 89 steps (81%) done
[Thu Aug 29 11:10:19 2024]
Finished job 71.
73 of 89 steps (82%) done
[Thu Aug 29 11:10:20 2024]
Finished job 34.
74 of 89 steps (83%) done

[Thu Aug 29 11:10:20 2024]
rule filter_snplist_per_ancestry:
    input: /data2/morgante_lab/data/ukbiobank/genotypes/array, /data2/morgante_lab/ukbiobank_projects/GxE_multi_ancestry/data/mixed_ids.txt
    output: /data2/morgante_lab/ukbiobank_projects/GxE_multi_ancestry/output/snp_lists/mixed_filtered_all_chr13.snplist
    jobid: 57
    wildcards: out_dir=/data2/morgante_lab/ukbiobank_projects/GxE_multi_ancestry/output/snp_lists, ancestry=mixed, chr=13
    resources: cpus=20, mem_mb=204800, time=24:00:00, partition=fm-bigmem-2, nodelist=bigmem007

[Thu Aug 29 11:10:22 2024]
Finished job 80.
75 of 89 steps (84%) done
[Thu Aug 29 11:10:27 2024]
Finished job 26.
76 of 89 steps (85%) done

[Thu Aug 29 11:10:29 2024]
rule filter_snplist_per_ancestry:
    input: /data2/morgante_lab/data/ukbiobank/genotypes/array, /data2/morgante_lab/ukbiobank_projects/GxE_multi_ancestry/data/chinese_ids.txt
    output: /data2/morgante_lab/ukbiobank_projects/GxE_multi_ancestry/output/snp_lists/chinese_filtered_all_chr6.snplist
    jobid: 72
    wildcards: out_dir=/data2/morgante_lab/ukbiobank_projects/GxE_multi_ancestry/output/snp_lists, ancestry=chinese, chr=6
    resources: cpus=20, mem_mb=204800, time=24:00:00, partition=fm-bigmem-2, nodelist=bigmem007

[Thu Aug 29 11:10:32 2024]
Finished job 66.
77 of 89 steps (87%) done
[Thu Aug 29 11:10:33 2024]
Finished job 58.
78 of 89 steps (88%) done

[Thu Aug 29 11:10:38 2024]
rule filter_snplist_per_ancestry:
    input: /data2/morgante_lab/data/ukbiobank/genotypes/array, /data2/morgante_lab/ukbiobank_projects/GxE_multi_ancestry/data/asian_ids.txt
    output: /data2/morgante_lab/ukbiobank_projects/GxE_multi_ancestry/output/snp_lists/asian_filtered_all_chr5.snplist
    jobid: 27
    wildcards: out_dir=/data2/morgante_lab/ukbiobank_projects/GxE_multi_ancestry/output/snp_lists, ancestry=asian, chr=5
    resources: cpus=20, mem_mb=204800, time=24:00:00, partition=fm-bigmem-2, nodelist=bigmem007

[Thu Aug 29 11:10:50 2024]
Finished job 36.
79 of 89 steps (89%) done
[Thu Aug 29 11:11:03 2024]
Finished job 81.
80 of 89 steps (90%) done
[Thu Aug 29 11:11:09 2024]
Finished job 73.
81 of 89 steps (91%) done
[Thu Aug 29 11:11:14 2024]
Finished job 79.
82 of 89 steps (92%) done
[Thu Aug 29 11:11:16 2024]
Finished job 28.
83 of 89 steps (93%) done
[Thu Aug 29 11:11:17 2024]
Finished job 1.
84 of 89 steps (94%) done
[Thu Aug 29 11:11:17 2024]
Finished job 75.
85 of 89 steps (96%) done
[Thu Aug 29 11:11:18 2024]
Finished job 57.
86 of 89 steps (97%) done
[Thu Aug 29 11:11:35 2024]
Finished job 27.
87 of 89 steps (98%) done
[Thu Aug 29 11:11:35 2024]
Finished job 72.
88 of 89 steps (99%) done
Select jobs to execute...

[Thu Aug 29 11:11:36 2024]
localrule all:
    input: /data2/morgante_lab/ukbiobank_projects/GxE_multi_ancestry/output/snp_lists/black_filtered_all_chr1.snplist, /data2/morgante_lab/ukbiobank_projects/GxE_multi_ancestry/output/snp_lists/black_filtered_all_chr2.snplist, /data2/morgante_lab/ukbiobank_projects/GxE_multi_ancestry/output/snp_lists/black_filtered_all_chr3.snplist, /data2/morgante_lab/ukbiobank_projects/GxE_multi_ancestry/output/snp_lists/black_filtered_all_chr4.snplist, /data2/morgante_lab/ukbiobank_projects/GxE_multi_ancestry/output/snp_lists/black_filtered_all_chr5.snplist, /data2/morgante_lab/ukbiobank_projects/GxE_multi_ancestry/output/snp_lists/black_filtered_all_chr6.snplist, /data2/morgante_lab/ukbiobank_projects/GxE_multi_ancestry/output/snp_lists/black_filtered_all_chr7.snplist, /data2/morgante_lab/ukbiobank_projects/GxE_multi_ancestry/output/snp_lists/black_filtered_all_chr8.snplist, /data2/morgante_lab/ukbiobank_projects/GxE_multi_ancestry/output/snp_lists/black_filtered_all_chr9.snplist, /data2/morgante_lab/ukbiobank_projects/GxE_multi_ancestry/output/snp_lists/black_filtered_all_chr10.snplist, /data2/morgante_lab/ukbiobank_projects/GxE_multi_ancestry/output/snp_lists/black_filtered_all_chr11.snplist, /data2/morgante_lab/ukbiobank_projects/GxE_multi_ancestry/output/snp_lists/black_filtered_all_chr12.snplist, /data2/morgante_lab/ukbiobank_projects/GxE_multi_ancestry/output/snp_lists/black_filtered_all_chr13.snplist, /data2/morgante_lab/ukbiobank_projects/GxE_multi_ancestry/output/snp_lists/black_filtered_all_chr14.snplist, /data2/morgante_lab/ukbiobank_projects/GxE_multi_ancestry/output/snp_lists/black_filtered_all_chr15.snplist, /data2/morgante_lab/ukbiobank_projects/GxE_multi_ancestry/output/snp_lists/black_filtered_all_chr16.snplist, /data2/morgante_lab/ukbiobank_projects/GxE_multi_ancestry/output/snp_lists/black_filtered_all_chr17.snplist, /data2/morgante_lab/ukbiobank_projects/GxE_multi_ancestry/output/snp_lists/black_filtered_all_chr18.snplist, /data2/morgante_lab/ukbiobank_projects/GxE_multi_ancestry/output/snp_lists/black_filtered_all_chr19.snplist, /data2/morgante_lab/ukbiobank_projects/GxE_multi_ancestry/output/snp_lists/black_filtered_all_chr20.snplist, /data2/morgante_lab/ukbiobank_projects/GxE_multi_ancestry/output/snp_lists/black_filtered_all_chr21.snplist, /data2/morgante_lab/ukbiobank_projects/GxE_multi_ancestry/output/snp_lists/black_filtered_all_chr22.snplist, /data2/morgante_lab/ukbiobank_projects/GxE_multi_ancestry/output/snp_lists/asian_filtered_all_chr1.snplist, /data2/morgante_lab/ukbiobank_projects/GxE_multi_ancestry/output/snp_lists/asian_filtered_all_chr2.snplist, /data2/morgante_lab/ukbiobank_projects/GxE_multi_ancestry/output/snp_lists/asian_filtered_all_chr3.snplist, /data2/morgante_lab/ukbiobank_projects/GxE_multi_ancestry/output/snp_lists/asian_filtered_all_chr4.snplist, /data2/morgante_lab/ukbiobank_projects/GxE_multi_ancestry/output/snp_lists/asian_filtered_all_chr5.snplist, /data2/morgante_lab/ukbiobank_projects/GxE_multi_ancestry/output/snp_lists/asian_filtered_all_chr6.snplist, /data2/morgante_lab/ukbiobank_projects/GxE_multi_ancestry/output/snp_lists/asian_filtered_all_chr7.snplist, /data2/morgante_lab/ukbiobank_projects/GxE_multi_ancestry/output/snp_lists/asian_filtered_all_chr8.snplist, /data2/morgante_lab/ukbiobank_projects/GxE_multi_ancestry/output/snp_lists/asian_filtered_all_chr9.snplist, /data2/morgante_lab/ukbiobank_projects/GxE_multi_ancestry/output/snp_lists/asian_filtered_all_chr10.snplist, /data2/morgante_lab/ukbiobank_projects/GxE_multi_ancestry/output/snp_lists/asian_filtered_all_chr11.snplist, /data2/morgante_lab/ukbiobank_projects/GxE_multi_ancestry/output/snp_lists/asian_filtered_all_chr12.snplist, /data2/morgante_lab/ukbiobank_projects/GxE_multi_ancestry/output/snp_lists/asian_filtered_all_chr13.snplist, /data2/morgante_lab/ukbiobank_projects/GxE_multi_ancestry/output/snp_lists/asian_filtered_all_chr14.snplist, /data2/morgante_lab/ukbiobank_projects/GxE_multi_ancestry/output/snp_lists/asian_filtered_all_chr15.snplist, /data2/morgante_lab/ukbiobank_projects/GxE_multi_ancestry/output/snp_lists/asian_filtered_all_chr16.snplist, /data2/morgante_lab/ukbiobank_projects/GxE_multi_ancestry/output/snp_lists/asian_filtered_all_chr17.snplist, /data2/morgante_lab/ukbiobank_projects/GxE_multi_ancestry/output/snp_lists/asian_filtered_all_chr18.snplist, /data2/morgante_lab/ukbiobank_projects/GxE_multi_ancestry/output/snp_lists/asian_filtered_all_chr19.snplist, /data2/morgante_lab/ukbiobank_projects/GxE_multi_ancestry/output/snp_lists/asian_filtered_all_chr20.snplist, /data2/morgante_lab/ukbiobank_projects/GxE_multi_ancestry/output/snp_lists/asian_filtered_all_chr21.snplist, /data2/morgante_lab/ukbiobank_projects/GxE_multi_ancestry/output/snp_lists/asian_filtered_all_chr22.snplist, /data2/morgante_lab/ukbiobank_projects/GxE_multi_ancestry/output/snp_lists/mixed_filtered_all_chr1.snplist, /data2/morgante_lab/ukbiobank_projects/GxE_multi_ancestry/output/snp_lists/mixed_filtered_all_chr2.snplist, /data2/morgante_lab/ukbiobank_projects/GxE_multi_ancestry/output/snp_lists/mixed_filtered_all_chr3.snplist, /data2/morgante_lab/ukbiobank_projects/GxE_multi_ancestry/output/snp_lists/mixed_filtered_all_chr4.snplist, /data2/morgante_lab/ukbiobank_projects/GxE_multi_ancestry/output/snp_lists/mixed_filtered_all_chr5.snplist, /data2/morgante_lab/ukbiobank_projects/GxE_multi_ancestry/output/snp_lists/mixed_filtered_all_chr6.snplist, /data2/morgante_lab/ukbiobank_projects/GxE_multi_ancestry/output/snp_lists/mixed_filtered_all_chr7.snplist, /data2/morgante_lab/ukbiobank_projects/GxE_multi_ancestry/output/snp_lists/mixed_filtered_all_chr8.snplist, /data2/morgante_lab/ukbiobank_projects/GxE_multi_ancestry/output/snp_lists/mixed_filtered_all_chr9.snplist, /data2/morgante_lab/ukbiobank_projects/GxE_multi_ancestry/output/snp_lists/mixed_filtered_all_chr10.snplist, /data2/morgante_lab/ukbiobank_projects/GxE_multi_ancestry/output/snp_lists/mixed_filtered_all_chr11.snplist, /data2/morgante_lab/ukbiobank_projects/GxE_multi_ancestry/output/snp_lists/mixed_filtered_all_chr12.snplist, /data2/morgante_lab/ukbiobank_projects/GxE_multi_ancestry/output/snp_lists/mixed_filtered_all_chr13.snplist, /data2/morgante_lab/ukbiobank_projects/GxE_multi_ancestry/output/snp_lists/mixed_filtered_all_chr14.snplist, /data2/morgante_lab/ukbiobank_projects/GxE_multi_ancestry/output/snp_lists/mixed_filtered_all_chr15.snplist, /data2/morgante_lab/ukbiobank_projects/GxE_multi_ancestry/output/snp_lists/mixed_filtered_all_chr16.snplist, /data2/morgante_lab/ukbiobank_projects/GxE_multi_ancestry/output/snp_lists/mixed_filtered_all_chr17.snplist, /data2/morgante_lab/ukbiobank_projects/GxE_multi_ancestry/output/snp_lists/mixed_filtered_all_chr18.snplist, /data2/morgante_lab/ukbiobank_projects/GxE_multi_ancestry/output/snp_lists/mixed_filtered_all_chr19.snplist, /data2/morgante_lab/ukbiobank_projects/GxE_multi_ancestry/output/snp_lists/mixed_filtered_all_chr20.snplist, /data2/morgante_lab/ukbiobank_projects/GxE_multi_ancestry/output/snp_lists/mixed_filtered_all_chr21.snplist, /data2/morgante_lab/ukbiobank_projects/GxE_multi_ancestry/output/snp_lists/mixed_filtered_all_chr22.snplist, /data2/morgante_lab/ukbiobank_projects/GxE_multi_ancestry/output/snp_lists/chinese_filtered_all_chr1.snplist, /data2/morgante_lab/ukbiobank_projects/GxE_multi_ancestry/output/snp_lists/chinese_filtered_all_chr2.snplist, /data2/morgante_lab/ukbiobank_projects/GxE_multi_ancestry/output/snp_lists/chinese_filtered_all_chr3.snplist, /data2/morgante_lab/ukbiobank_projects/GxE_multi_ancestry/output/snp_lists/chinese_filtered_all_chr4.snplist, /data2/morgante_lab/ukbiobank_projects/GxE_multi_ancestry/output/snp_lists/chinese_filtered_all_chr5.snplist, /data2/morgante_lab/ukbiobank_projects/GxE_multi_ancestry/output/snp_lists/chinese_filtered_all_chr6.snplist, /data2/morgante_lab/ukbiobank_projects/GxE_multi_ancestry/output/snp_lists/chinese_filtered_all_chr7.snplist, /data2/morgante_lab/ukbiobank_projects/GxE_multi_ancestry/output/snp_lists/chinese_filtered_all_chr8.snplist, /data2/morgante_lab/ukbiobank_projects/GxE_multi_ancestry/output/snp_lists/chinese_filtered_all_chr9.snplist, /data2/morgante_lab/ukbiobank_projects/GxE_multi_ancestry/output/snp_lists/chinese_filtered_all_chr10.snplist, /data2/morgante_lab/ukbiobank_projects/GxE_multi_ancestry/output/snp_lists/chinese_filtered_all_chr11.snplist, /data2/morgante_lab/ukbiobank_projects/GxE_multi_ancestry/output/snp_lists/chinese_filtered_all_chr12.snplist, /data2/morgante_lab/ukbiobank_projects/GxE_multi_ancestry/output/snp_lists/chinese_filtered_all_chr13.snplist, /data2/morgante_lab/ukbiobank_projects/GxE_multi_ancestry/output/snp_lists/chinese_filtered_all_chr14.snplist, /data2/morgante_lab/ukbiobank_projects/GxE_multi_ancestry/output/snp_lists/chinese_filtered_all_chr15.snplist, /data2/morgante_lab/ukbiobank_projects/GxE_multi_ancestry/output/snp_lists/chinese_filtered_all_chr16.snplist, /data2/morgante_lab/ukbiobank_projects/GxE_multi_ancestry/output/snp_lists/chinese_filtered_all_chr17.snplist, /data2/morgante_lab/ukbiobank_projects/GxE_multi_ancestry/output/snp_lists/chinese_filtered_all_chr18.snplist, /data2/morgante_lab/ukbiobank_projects/GxE_multi_ancestry/output/snp_lists/chinese_filtered_all_chr19.snplist, /data2/morgante_lab/ukbiobank_projects/GxE_multi_ancestry/output/snp_lists/chinese_filtered_all_chr20.snplist, /data2/morgante_lab/ukbiobank_projects/GxE_multi_ancestry/output/snp_lists/chinese_filtered_all_chr21.snplist, /data2/morgante_lab/ukbiobank_projects/GxE_multi_ancestry/output/snp_lists/chinese_filtered_all_chr22.snplist
    jobid: 0

[Thu Aug 29 11:11:36 2024]
Finished job 0.
89 of 89 steps (100%) done
Complete log: /data2/morgante_lab/ukbiobank_projects/GxE_multi_ancestry/code/.snakemake/log/2024-08-29T110049.962701.snakemake.log
