Building DAG of jobs...
Using shell: /usr/bin/bash
Provided cores: 50
Rules claiming more threads will be scaled down.
Job counts:
	count	jobs
	1	all
	110	filter_snplist_per_ancestry
	111
Select jobs to execute...

[Wed Aug 28 17:34:11 2024]
rule filter_snplist_per_ancestry:
    input: /data2/morgante_lab/data/ukbiobank/genotypes/array, /data2/morgante_lab/ukbiobank_projects/GxE_multi_ancestry/data/chinese_sampled_ids.txt
    output: /data2/morgante_lab/ukbiobank_projects/GxE_multi_ancestry/output/snp_lists/chinese_filtered_all_chr22.snplist
    jobid: 110
    wildcards: out_dir=/data2/morgante_lab/ukbiobank_projects/GxE_multi_ancestry/output/snp_lists, ancestry=chinese, chr=22
    resources: cpus=20, mem_mb=204800, time=24:00:00, partition=fm-bigmem-2, nodelist=bigmem007


[Wed Aug 28 17:34:12 2024]
rule filter_snplist_per_ancestry:
    input: /data2/morgante_lab/data/ukbiobank/genotypes/array, /data2/morgante_lab/ukbiobank_projects/GxE_multi_ancestry/data/white_sampled_ids.txt
    output: /data2/morgante_lab/ukbiobank_projects/GxE_multi_ancestry/output/snp_lists/white_filtered_all_chr16.snplist
    jobid: 16
    wildcards: out_dir=/data2/morgante_lab/ukbiobank_projects/GxE_multi_ancestry/output/snp_lists, ancestry=white, chr=16
    resources: cpus=20, mem_mb=204800, time=24:00:00, partition=fm-bigmem-2, nodelist=bigmem007

[Wed Aug 28 17:34:12 2024]
Error in rule filter_snplist_per_ancestry:
    jobid: 110
    output: /data2/morgante_lab/ukbiobank_projects/GxE_multi_ancestry/output/snp_lists/chinese_filtered_all_chr22.snplist
    shell:
        
        /data2/morgante_lab/kgoda/software/plink1.9/plink   --bfile /data2/morgante_lab/data/ukbiobank/genotypes/array/ukb22418_c$22_b0_v2_s488243                                     --keep /data2/morgante_lab/ukbiobank_projects/GxE_multi_ancestry/data/chinese_sampled_ids.txt                                     --maf 0.01                                     --mac 5                                     --geno 0.1                                     --hwe 1e-10                                     --keep-allele-order                                     --threads 20                                     --write-snplist                                     --out /data2/morgante_lab/ukbiobank_projects/GxE_multi_ancestry/output/snp_lists/chinese_filtered_all_chr22.snplist
        done
        
        (one of the commands exited with non-zero exit code; note that snakemake uses bash strict mode!)


[Wed Aug 28 17:34:12 2024]
rule filter_snplist_per_ancestry:
    input: /data2/morgante_lab/data/ukbiobank/genotypes/array, /data2/morgante_lab/ukbiobank_projects/GxE_multi_ancestry/data/black_sampled_ids.txt
    output: /data2/morgante_lab/ukbiobank_projects/GxE_multi_ancestry/output/snp_lists/black_filtered_all_chr9.snplist
    jobid: 31
    wildcards: out_dir=/data2/morgante_lab/ukbiobank_projects/GxE_multi_ancestry/output/snp_lists, ancestry=black, chr=9
    resources: cpus=20, mem_mb=204800, time=24:00:00, partition=fm-bigmem-2, nodelist=bigmem007

[Wed Aug 28 17:34:12 2024]
Error in rule filter_snplist_per_ancestry:
    jobid: 16
    output: /data2/morgante_lab/ukbiobank_projects/GxE_multi_ancestry/output/snp_lists/white_filtered_all_chr16.snplist
    shell:
        
        /data2/morgante_lab/kgoda/software/plink1.9/plink   --bfile /data2/morgante_lab/data/ukbiobank/genotypes/array/ukb22418_c$16_b0_v2_s488243                                     --keep /data2/morgante_lab/ukbiobank_projects/GxE_multi_ancestry/data/white_sampled_ids.txt                                     --maf 0.01                                     --mac 5                                     --geno 0.1                                     --hwe 1e-10                                     --keep-allele-order                                     --threads 20                                     --write-snplist                                     --out /data2/morgante_lab/ukbiobank_projects/GxE_multi_ancestry/output/snp_lists/white_filtered_all_chr16.snplist
        done
        
        (one of the commands exited with non-zero exit code; note that snakemake uses bash strict mode!)


[Wed Aug 28 17:34:13 2024]
rule filter_snplist_per_ancestry:
    input: /data2/morgante_lab/data/ukbiobank/genotypes/array, /data2/morgante_lab/ukbiobank_projects/GxE_multi_ancestry/data/chinese_sampled_ids.txt
    output: /data2/morgante_lab/ukbiobank_projects/GxE_multi_ancestry/output/snp_lists/chinese_filtered_all_chr18.snplist
    jobid: 106
    wildcards: out_dir=/data2/morgante_lab/ukbiobank_projects/GxE_multi_ancestry/output/snp_lists, ancestry=chinese, chr=18
    resources: cpus=20, mem_mb=204800, time=24:00:00, partition=fm-bigmem-2, nodelist=bigmem007

[Wed Aug 28 17:34:13 2024]
Error in rule filter_snplist_per_ancestry:
    jobid: 31
    output: /data2/morgante_lab/ukbiobank_projects/GxE_multi_ancestry/output/snp_lists/black_filtered_all_chr9.snplist
    shell:
        
        /data2/morgante_lab/kgoda/software/plink1.9/plink   --bfile /data2/morgante_lab/data/ukbiobank/genotypes/array/ukb22418_c$9_b0_v2_s488243                                     --keep /data2/morgante_lab/ukbiobank_projects/GxE_multi_ancestry/data/black_sampled_ids.txt                                     --maf 0.01                                     --mac 5                                     --geno 0.1                                     --hwe 1e-10                                     --keep-allele-order                                     --threads 20                                     --write-snplist                                     --out /data2/morgante_lab/ukbiobank_projects/GxE_multi_ancestry/output/snp_lists/black_filtered_all_chr9.snplist
        done
        
        (one of the commands exited with non-zero exit code; note that snakemake uses bash strict mode!)


[Wed Aug 28 17:34:14 2024]
rule filter_snplist_per_ancestry:
    input: /data2/morgante_lab/data/ukbiobank/genotypes/array, /data2/morgante_lab/ukbiobank_projects/GxE_multi_ancestry/data/asian_sampled_ids.txt
    output: /data2/morgante_lab/ukbiobank_projects/GxE_multi_ancestry/output/snp_lists/asian_filtered_all_chr2.snplist
    jobid: 46
    wildcards: out_dir=/data2/morgante_lab/ukbiobank_projects/GxE_multi_ancestry/output/snp_lists, ancestry=asian, chr=2
    resources: cpus=20, mem_mb=204800, time=24:00:00, partition=fm-bigmem-2, nodelist=bigmem007

[Wed Aug 28 17:34:14 2024]
Error in rule filter_snplist_per_ancestry:
    jobid: 106
    output: /data2/morgante_lab/ukbiobank_projects/GxE_multi_ancestry/output/snp_lists/chinese_filtered_all_chr18.snplist
    shell:
        
        /data2/morgante_lab/kgoda/software/plink1.9/plink   --bfile /data2/morgante_lab/data/ukbiobank/genotypes/array/ukb22418_c$18_b0_v2_s488243                                     --keep /data2/morgante_lab/ukbiobank_projects/GxE_multi_ancestry/data/chinese_sampled_ids.txt                                     --maf 0.01                                     --mac 5                                     --geno 0.1                                     --hwe 1e-10                                     --keep-allele-order                                     --threads 20                                     --write-snplist                                     --out /data2/morgante_lab/ukbiobank_projects/GxE_multi_ancestry/output/snp_lists/chinese_filtered_all_chr18.snplist
        done
        
        (one of the commands exited with non-zero exit code; note that snakemake uses bash strict mode!)


[Wed Aug 28 17:34:15 2024]
rule filter_snplist_per_ancestry:
    input: /data2/morgante_lab/data/ukbiobank/genotypes/array, /data2/morgante_lab/ukbiobank_projects/GxE_multi_ancestry/data/chinese_sampled_ids.txt
    output: /data2/morgante_lab/ukbiobank_projects/GxE_multi_ancestry/output/snp_lists/chinese_filtered_all_chr3.snplist
    jobid: 91
    wildcards: out_dir=/data2/morgante_lab/ukbiobank_projects/GxE_multi_ancestry/output/snp_lists, ancestry=chinese, chr=3
    resources: cpus=20, mem_mb=204800, time=24:00:00, partition=fm-bigmem-2, nodelist=bigmem007

[Wed Aug 28 17:34:15 2024]
Error in rule filter_snplist_per_ancestry:
    jobid: 46
    output: /data2/morgante_lab/ukbiobank_projects/GxE_multi_ancestry/output/snp_lists/asian_filtered_all_chr2.snplist
    shell:
        
        /data2/morgante_lab/kgoda/software/plink1.9/plink   --bfile /data2/morgante_lab/data/ukbiobank/genotypes/array/ukb22418_c$2_b0_v2_s488243                                     --keep /data2/morgante_lab/ukbiobank_projects/GxE_multi_ancestry/data/asian_sampled_ids.txt                                     --maf 0.01                                     --mac 5                                     --geno 0.1                                     --hwe 1e-10                                     --keep-allele-order                                     --threads 20                                     --write-snplist                                     --out /data2/morgante_lab/ukbiobank_projects/GxE_multi_ancestry/output/snp_lists/asian_filtered_all_chr2.snplist
        done
        
        (one of the commands exited with non-zero exit code; note that snakemake uses bash strict mode!)


[Wed Aug 28 17:34:15 2024]
rule filter_snplist_per_ancestry:
    input: /data2/morgante_lab/data/ukbiobank/genotypes/array, /data2/morgante_lab/ukbiobank_projects/GxE_multi_ancestry/data/chinese_sampled_ids.txt
    output: /data2/morgante_lab/ukbiobank_projects/GxE_multi_ancestry/output/snp_lists/chinese_filtered_all_chr4.snplist
    jobid: 92
    wildcards: out_dir=/data2/morgante_lab/ukbiobank_projects/GxE_multi_ancestry/output/snp_lists, ancestry=chinese, chr=4
    resources: cpus=20, mem_mb=204800, time=24:00:00, partition=fm-bigmem-2, nodelist=bigmem007

[Wed Aug 28 17:34:15 2024]
Error in rule filter_snplist_per_ancestry:
    jobid: 91
    output: /data2/morgante_lab/ukbiobank_projects/GxE_multi_ancestry/output/snp_lists/chinese_filtered_all_chr3.snplist
    shell:
        
        /data2/morgante_lab/kgoda/software/plink1.9/plink   --bfile /data2/morgante_lab/data/ukbiobank/genotypes/array/ukb22418_c$3_b0_v2_s488243                                     --keep /data2/morgante_lab/ukbiobank_projects/GxE_multi_ancestry/data/chinese_sampled_ids.txt                                     --maf 0.01                                     --mac 5                                     --geno 0.1                                     --hwe 1e-10                                     --keep-allele-order                                     --threads 20                                     --write-snplist                                     --out /data2/morgante_lab/ukbiobank_projects/GxE_multi_ancestry/output/snp_lists/chinese_filtered_all_chr3.snplist
        done
        
        (one of the commands exited with non-zero exit code; note that snakemake uses bash strict mode!)


[Wed Aug 28 17:34:16 2024]
rule filter_snplist_per_ancestry:
    input: /data2/morgante_lab/data/ukbiobank/genotypes/array, /data2/morgante_lab/ukbiobank_projects/GxE_multi_ancestry/data/chinese_sampled_ids.txt
    output: /data2/morgante_lab/ukbiobank_projects/GxE_multi_ancestry/output/snp_lists/chinese_filtered_all_chr19.snplist
    jobid: 107
    wildcards: out_dir=/data2/morgante_lab/ukbiobank_projects/GxE_multi_ancestry/output/snp_lists, ancestry=chinese, chr=19
    resources: cpus=20, mem_mb=204800, time=24:00:00, partition=fm-bigmem-2, nodelist=bigmem007

[Wed Aug 28 17:34:16 2024]
Error in rule filter_snplist_per_ancestry:
    jobid: 92
    output: /data2/morgante_lab/ukbiobank_projects/GxE_multi_ancestry/output/snp_lists/chinese_filtered_all_chr4.snplist
    shell:
        
        /data2/morgante_lab/kgoda/software/plink1.9/plink   --bfile /data2/morgante_lab/data/ukbiobank/genotypes/array/ukb22418_c$4_b0_v2_s488243                                     --keep /data2/morgante_lab/ukbiobank_projects/GxE_multi_ancestry/data/chinese_sampled_ids.txt                                     --maf 0.01                                     --mac 5                                     --geno 0.1                                     --hwe 1e-10                                     --keep-allele-order                                     --threads 20                                     --write-snplist                                     --out /data2/morgante_lab/ukbiobank_projects/GxE_multi_ancestry/output/snp_lists/chinese_filtered_all_chr4.snplist
        done
        
        (one of the commands exited with non-zero exit code; note that snakemake uses bash strict mode!)


[Wed Aug 28 17:34:17 2024]
rule filter_snplist_per_ancestry:
    input: /data2/morgante_lab/data/ukbiobank/genotypes/array, /data2/morgante_lab/ukbiobank_projects/GxE_multi_ancestry/data/mixed_sampled_ids.txt
    output: /data2/morgante_lab/ukbiobank_projects/GxE_multi_ancestry/output/snp_lists/mixed_filtered_all_chr4.snplist
    jobid: 70
    wildcards: out_dir=/data2/morgante_lab/ukbiobank_projects/GxE_multi_ancestry/output/snp_lists, ancestry=mixed, chr=4
    resources: cpus=20, mem_mb=204800, time=24:00:00, partition=fm-bigmem-2, nodelist=bigmem007

[Wed Aug 28 17:34:17 2024]
Error in rule filter_snplist_per_ancestry:
    jobid: 107
    output: /data2/morgante_lab/ukbiobank_projects/GxE_multi_ancestry/output/snp_lists/chinese_filtered_all_chr19.snplist
    shell:
        
        /data2/morgante_lab/kgoda/software/plink1.9/plink   --bfile /data2/morgante_lab/data/ukbiobank/genotypes/array/ukb22418_c$19_b0_v2_s488243                                     --keep /data2/morgante_lab/ukbiobank_projects/GxE_multi_ancestry/data/chinese_sampled_ids.txt                                     --maf 0.01                                     --mac 5                                     --geno 0.1                                     --hwe 1e-10                                     --keep-allele-order                                     --threads 20                                     --write-snplist                                     --out /data2/morgante_lab/ukbiobank_projects/GxE_multi_ancestry/output/snp_lists/chinese_filtered_all_chr19.snplist
        done
        
        (one of the commands exited with non-zero exit code; note that snakemake uses bash strict mode!)


[Wed Aug 28 17:34:18 2024]
rule filter_snplist_per_ancestry:
    input: /data2/morgante_lab/data/ukbiobank/genotypes/array, /data2/morgante_lab/ukbiobank_projects/GxE_multi_ancestry/data/white_sampled_ids.txt
    output: /data2/morgante_lab/ukbiobank_projects/GxE_multi_ancestry/output/snp_lists/white_filtered_all_chr3.snplist
    jobid: 3
    wildcards: out_dir=/data2/morgante_lab/ukbiobank_projects/GxE_multi_ancestry/output/snp_lists, ancestry=white, chr=3
    resources: cpus=20, mem_mb=204800, time=24:00:00, partition=fm-bigmem-2, nodelist=bigmem007

[Wed Aug 28 17:34:18 2024]
Error in rule filter_snplist_per_ancestry:
    jobid: 70
    output: /data2/morgante_lab/ukbiobank_projects/GxE_multi_ancestry/output/snp_lists/mixed_filtered_all_chr4.snplist
    shell:
        
        /data2/morgante_lab/kgoda/software/plink1.9/plink   --bfile /data2/morgante_lab/data/ukbiobank/genotypes/array/ukb22418_c$4_b0_v2_s488243                                     --keep /data2/morgante_lab/ukbiobank_projects/GxE_multi_ancestry/data/mixed_sampled_ids.txt                                     --maf 0.01                                     --mac 5                                     --geno 0.1                                     --hwe 1e-10                                     --keep-allele-order                                     --threads 20                                     --write-snplist                                     --out /data2/morgante_lab/ukbiobank_projects/GxE_multi_ancestry/output/snp_lists/mixed_filtered_all_chr4.snplist
        done
        
        (one of the commands exited with non-zero exit code; note that snakemake uses bash strict mode!)


[Wed Aug 28 17:34:18 2024]
rule filter_snplist_per_ancestry:
    input: /data2/morgante_lab/data/ukbiobank/genotypes/array, /data2/morgante_lab/ukbiobank_projects/GxE_multi_ancestry/data/white_sampled_ids.txt
    output: /data2/morgante_lab/ukbiobank_projects/GxE_multi_ancestry/output/snp_lists/white_filtered_all_chr18.snplist
    jobid: 18
    wildcards: out_dir=/data2/morgante_lab/ukbiobank_projects/GxE_multi_ancestry/output/snp_lists, ancestry=white, chr=18
    resources: cpus=20, mem_mb=204800, time=24:00:00, partition=fm-bigmem-2, nodelist=bigmem007

[Wed Aug 28 17:34:18 2024]
Error in rule filter_snplist_per_ancestry:
    jobid: 3
    output: /data2/morgante_lab/ukbiobank_projects/GxE_multi_ancestry/output/snp_lists/white_filtered_all_chr3.snplist
    shell:
        
        /data2/morgante_lab/kgoda/software/plink1.9/plink   --bfile /data2/morgante_lab/data/ukbiobank/genotypes/array/ukb22418_c$3_b0_v2_s488243                                     --keep /data2/morgante_lab/ukbiobank_projects/GxE_multi_ancestry/data/white_sampled_ids.txt                                     --maf 0.01                                     --mac 5                                     --geno 0.1                                     --hwe 1e-10                                     --keep-allele-order                                     --threads 20                                     --write-snplist                                     --out /data2/morgante_lab/ukbiobank_projects/GxE_multi_ancestry/output/snp_lists/white_filtered_all_chr3.snplist
        done
        
        (one of the commands exited with non-zero exit code; note that snakemake uses bash strict mode!)


[Wed Aug 28 17:34:19 2024]
rule filter_snplist_per_ancestry:
    input: /data2/morgante_lab/data/ukbiobank/genotypes/array, /data2/morgante_lab/ukbiobank_projects/GxE_multi_ancestry/data/black_sampled_ids.txt
    output: /data2/morgante_lab/ukbiobank_projects/GxE_multi_ancestry/output/snp_lists/black_filtered_all_chr11.snplist
    jobid: 33
    wildcards: out_dir=/data2/morgante_lab/ukbiobank_projects/GxE_multi_ancestry/output/snp_lists, ancestry=black, chr=11
    resources: cpus=20, mem_mb=204800, time=24:00:00, partition=fm-bigmem-2, nodelist=bigmem007

[Wed Aug 28 17:34:19 2024]
Error in rule filter_snplist_per_ancestry:
    jobid: 18
    output: /data2/morgante_lab/ukbiobank_projects/GxE_multi_ancestry/output/snp_lists/white_filtered_all_chr18.snplist
    shell:
        
        /data2/morgante_lab/kgoda/software/plink1.9/plink   --bfile /data2/morgante_lab/data/ukbiobank/genotypes/array/ukb22418_c$18_b0_v2_s488243                                     --keep /data2/morgante_lab/ukbiobank_projects/GxE_multi_ancestry/data/white_sampled_ids.txt                                     --maf 0.01                                     --mac 5                                     --geno 0.1                                     --hwe 1e-10                                     --keep-allele-order                                     --threads 20                                     --write-snplist                                     --out /data2/morgante_lab/ukbiobank_projects/GxE_multi_ancestry/output/snp_lists/white_filtered_all_chr18.snplist
        done
        
        (one of the commands exited with non-zero exit code; note that snakemake uses bash strict mode!)


[Wed Aug 28 17:34:20 2024]
rule filter_snplist_per_ancestry:
    input: /data2/morgante_lab/data/ukbiobank/genotypes/array, /data2/morgante_lab/ukbiobank_projects/GxE_multi_ancestry/data/asian_sampled_ids.txt
    output: /data2/morgante_lab/ukbiobank_projects/GxE_multi_ancestry/output/snp_lists/asian_filtered_all_chr4.snplist
    jobid: 48
    wildcards: out_dir=/data2/morgante_lab/ukbiobank_projects/GxE_multi_ancestry/output/snp_lists, ancestry=asian, chr=4
    resources: cpus=20, mem_mb=204800, time=24:00:00, partition=fm-bigmem-2, nodelist=bigmem007

[Wed Aug 28 17:34:20 2024]
Error in rule filter_snplist_per_ancestry:
    jobid: 33
    output: /data2/morgante_lab/ukbiobank_projects/GxE_multi_ancestry/output/snp_lists/black_filtered_all_chr11.snplist
    shell:
        
        /data2/morgante_lab/kgoda/software/plink1.9/plink   --bfile /data2/morgante_lab/data/ukbiobank/genotypes/array/ukb22418_c$11_b0_v2_s488243                                     --keep /data2/morgante_lab/ukbiobank_projects/GxE_multi_ancestry/data/black_sampled_ids.txt                                     --maf 0.01                                     --mac 5                                     --geno 0.1                                     --hwe 1e-10                                     --keep-allele-order                                     --threads 20                                     --write-snplist                                     --out /data2/morgante_lab/ukbiobank_projects/GxE_multi_ancestry/output/snp_lists/black_filtered_all_chr11.snplist
        done
        
        (one of the commands exited with non-zero exit code; note that snakemake uses bash strict mode!)


[Wed Aug 28 17:34:21 2024]
rule filter_snplist_per_ancestry:
    input: /data2/morgante_lab/data/ukbiobank/genotypes/array, /data2/morgante_lab/ukbiobank_projects/GxE_multi_ancestry/data/chinese_sampled_ids.txt
    output: /data2/morgante_lab/ukbiobank_projects/GxE_multi_ancestry/output/snp_lists/chinese_filtered_all_chr5.snplist
    jobid: 93
    wildcards: out_dir=/data2/morgante_lab/ukbiobank_projects/GxE_multi_ancestry/output/snp_lists, ancestry=chinese, chr=5
    resources: cpus=20, mem_mb=204800, time=24:00:00, partition=fm-bigmem-2, nodelist=bigmem007

[Wed Aug 28 17:34:21 2024]
Error in rule filter_snplist_per_ancestry:
    jobid: 48
    output: /data2/morgante_lab/ukbiobank_projects/GxE_multi_ancestry/output/snp_lists/asian_filtered_all_chr4.snplist
    shell:
        
        /data2/morgante_lab/kgoda/software/plink1.9/plink   --bfile /data2/morgante_lab/data/ukbiobank/genotypes/array/ukb22418_c$4_b0_v2_s488243                                     --keep /data2/morgante_lab/ukbiobank_projects/GxE_multi_ancestry/data/asian_sampled_ids.txt                                     --maf 0.01                                     --mac 5                                     --geno 0.1                                     --hwe 1e-10                                     --keep-allele-order                                     --threads 20                                     --write-snplist                                     --out /data2/morgante_lab/ukbiobank_projects/GxE_multi_ancestry/output/snp_lists/asian_filtered_all_chr4.snplist
        done
        
        (one of the commands exited with non-zero exit code; note that snakemake uses bash strict mode!)


[Wed Aug 28 17:34:21 2024]
rule filter_snplist_per_ancestry:
    input: /data2/morgante_lab/data/ukbiobank/genotypes/array, /data2/morgante_lab/ukbiobank_projects/GxE_multi_ancestry/data/chinese_sampled_ids.txt
    output: /data2/morgante_lab/ukbiobank_projects/GxE_multi_ancestry/output/snp_lists/chinese_filtered_all_chr20.snplist
    jobid: 108
    wildcards: out_dir=/data2/morgante_lab/ukbiobank_projects/GxE_multi_ancestry/output/snp_lists, ancestry=chinese, chr=20
    resources: cpus=20, mem_mb=204800, time=24:00:00, partition=fm-bigmem-2, nodelist=bigmem007

[Wed Aug 28 17:34:21 2024]
Error in rule filter_snplist_per_ancestry:
    jobid: 93
    output: /data2/morgante_lab/ukbiobank_projects/GxE_multi_ancestry/output/snp_lists/chinese_filtered_all_chr5.snplist
    shell:
        
        /data2/morgante_lab/kgoda/software/plink1.9/plink   --bfile /data2/morgante_lab/data/ukbiobank/genotypes/array/ukb22418_c$5_b0_v2_s488243                                     --keep /data2/morgante_lab/ukbiobank_projects/GxE_multi_ancestry/data/chinese_sampled_ids.txt                                     --maf 0.01                                     --mac 5                                     --geno 0.1                                     --hwe 1e-10                                     --keep-allele-order                                     --threads 20                                     --write-snplist                                     --out /data2/morgante_lab/ukbiobank_projects/GxE_multi_ancestry/output/snp_lists/chinese_filtered_all_chr5.snplist
        done
        
        (one of the commands exited with non-zero exit code; note that snakemake uses bash strict mode!)


[Wed Aug 28 17:34:22 2024]
rule filter_snplist_per_ancestry:
    input: /data2/morgante_lab/data/ukbiobank/genotypes/array, /data2/morgante_lab/ukbiobank_projects/GxE_multi_ancestry/data/chinese_sampled_ids.txt
    output: /data2/morgante_lab/ukbiobank_projects/GxE_multi_ancestry/output/snp_lists/chinese_filtered_all_chr7.snplist
    jobid: 95
    wildcards: out_dir=/data2/morgante_lab/ukbiobank_projects/GxE_multi_ancestry/output/snp_lists, ancestry=chinese, chr=7
    resources: cpus=20, mem_mb=204800, time=24:00:00, partition=fm-bigmem-2, nodelist=bigmem007

[Wed Aug 28 17:34:22 2024]
Error in rule filter_snplist_per_ancestry:
    jobid: 108
    output: /data2/morgante_lab/ukbiobank_projects/GxE_multi_ancestry/output/snp_lists/chinese_filtered_all_chr20.snplist
    shell:
        
        /data2/morgante_lab/kgoda/software/plink1.9/plink   --bfile /data2/morgante_lab/data/ukbiobank/genotypes/array/ukb22418_c$20_b0_v2_s488243                                     --keep /data2/morgante_lab/ukbiobank_projects/GxE_multi_ancestry/data/chinese_sampled_ids.txt                                     --maf 0.01                                     --mac 5                                     --geno 0.1                                     --hwe 1e-10                                     --keep-allele-order                                     --threads 20                                     --write-snplist                                     --out /data2/morgante_lab/ukbiobank_projects/GxE_multi_ancestry/output/snp_lists/chinese_filtered_all_chr20.snplist
        done
        
        (one of the commands exited with non-zero exit code; note that snakemake uses bash strict mode!)


[Wed Aug 28 17:34:23 2024]
rule filter_snplist_per_ancestry:
    input: /data2/morgante_lab/data/ukbiobank/genotypes/array, /data2/morgante_lab/ukbiobank_projects/GxE_multi_ancestry/data/mixed_sampled_ids.txt
    output: /data2/morgante_lab/ukbiobank_projects/GxE_multi_ancestry/output/snp_lists/mixed_filtered_all_chr5.snplist
    jobid: 71
    wildcards: out_dir=/data2/morgante_lab/ukbiobank_projects/GxE_multi_ancestry/output/snp_lists, ancestry=mixed, chr=5
    resources: cpus=20, mem_mb=204800, time=24:00:00, partition=fm-bigmem-2, nodelist=bigmem007

[Wed Aug 28 17:34:23 2024]
Error in rule filter_snplist_per_ancestry:
    jobid: 95
    output: /data2/morgante_lab/ukbiobank_projects/GxE_multi_ancestry/output/snp_lists/chinese_filtered_all_chr7.snplist
    shell:
        
        /data2/morgante_lab/kgoda/software/plink1.9/plink   --bfile /data2/morgante_lab/data/ukbiobank/genotypes/array/ukb22418_c$7_b0_v2_s488243                                     --keep /data2/morgante_lab/ukbiobank_projects/GxE_multi_ancestry/data/chinese_sampled_ids.txt                                     --maf 0.01                                     --mac 5                                     --geno 0.1                                     --hwe 1e-10                                     --keep-allele-order                                     --threads 20                                     --write-snplist                                     --out /data2/morgante_lab/ukbiobank_projects/GxE_multi_ancestry/output/snp_lists/chinese_filtered_all_chr7.snplist
        done
        
        (one of the commands exited with non-zero exit code; note that snakemake uses bash strict mode!)


[Wed Aug 28 17:34:24 2024]
rule filter_snplist_per_ancestry:
    input: /data2/morgante_lab/data/ukbiobank/genotypes/array, /data2/morgante_lab/ukbiobank_projects/GxE_multi_ancestry/data/chinese_sampled_ids.txt
    output: /data2/morgante_lab/ukbiobank_projects/GxE_multi_ancestry/output/snp_lists/chinese_filtered_all_chr13.snplist
    jobid: 101
    wildcards: out_dir=/data2/morgante_lab/ukbiobank_projects/GxE_multi_ancestry/output/snp_lists, ancestry=chinese, chr=13
    resources: cpus=20, mem_mb=204800, time=24:00:00, partition=fm-bigmem-2, nodelist=bigmem007

[Wed Aug 28 17:34:24 2024]
Error in rule filter_snplist_per_ancestry:
    jobid: 71
    output: /data2/morgante_lab/ukbiobank_projects/GxE_multi_ancestry/output/snp_lists/mixed_filtered_all_chr5.snplist
    shell:
        
        /data2/morgante_lab/kgoda/software/plink1.9/plink   --bfile /data2/morgante_lab/data/ukbiobank/genotypes/array/ukb22418_c$5_b0_v2_s488243                                     --keep /data2/morgante_lab/ukbiobank_projects/GxE_multi_ancestry/data/mixed_sampled_ids.txt                                     --maf 0.01                                     --mac 5                                     --geno 0.1                                     --hwe 1e-10                                     --keep-allele-order                                     --threads 20                                     --write-snplist                                     --out /data2/morgante_lab/ukbiobank_projects/GxE_multi_ancestry/output/snp_lists/mixed_filtered_all_chr5.snplist
        done
        
        (one of the commands exited with non-zero exit code; note that snakemake uses bash strict mode!)


[Wed Aug 28 17:34:25 2024]
rule filter_snplist_per_ancestry:
    input: /data2/morgante_lab/data/ukbiobank/genotypes/array, /data2/morgante_lab/ukbiobank_projects/GxE_multi_ancestry/data/asian_sampled_ids.txt
    output: /data2/morgante_lab/ukbiobank_projects/GxE_multi_ancestry/output/snp_lists/asian_filtered_all_chr12.snplist
    jobid: 56
    wildcards: out_dir=/data2/morgante_lab/ukbiobank_projects/GxE_multi_ancestry/output/snp_lists, ancestry=asian, chr=12
    resources: cpus=20, mem_mb=204800, time=24:00:00, partition=fm-bigmem-2, nodelist=bigmem007

[Wed Aug 28 17:34:25 2024]
Error in rule filter_snplist_per_ancestry:
    jobid: 101
    output: /data2/morgante_lab/ukbiobank_projects/GxE_multi_ancestry/output/snp_lists/chinese_filtered_all_chr13.snplist
    shell:
        
        /data2/morgante_lab/kgoda/software/plink1.9/plink   --bfile /data2/morgante_lab/data/ukbiobank/genotypes/array/ukb22418_c$13_b0_v2_s488243                                     --keep /data2/morgante_lab/ukbiobank_projects/GxE_multi_ancestry/data/chinese_sampled_ids.txt                                     --maf 0.01                                     --mac 5                                     --geno 0.1                                     --hwe 1e-10                                     --keep-allele-order                                     --threads 20                                     --write-snplist                                     --out /data2/morgante_lab/ukbiobank_projects/GxE_multi_ancestry/output/snp_lists/chinese_filtered_all_chr13.snplist
        done
        
        (one of the commands exited with non-zero exit code; note that snakemake uses bash strict mode!)


[Wed Aug 28 17:34:25 2024]
rule filter_snplist_per_ancestry:
    input: /data2/morgante_lab/data/ukbiobank/genotypes/array, /data2/morgante_lab/ukbiobank_projects/GxE_multi_ancestry/data/white_sampled_ids.txt
    output: /data2/morgante_lab/ukbiobank_projects/GxE_multi_ancestry/output/snp_lists/white_filtered_all_chr4.snplist
    jobid: 4
    wildcards: out_dir=/data2/morgante_lab/ukbiobank_projects/GxE_multi_ancestry/output/snp_lists, ancestry=white, chr=4
    resources: cpus=20, mem_mb=204800, time=24:00:00, partition=fm-bigmem-2, nodelist=bigmem007

[Wed Aug 28 17:34:25 2024]
Error in rule filter_snplist_per_ancestry:
    jobid: 56
    output: /data2/morgante_lab/ukbiobank_projects/GxE_multi_ancestry/output/snp_lists/asian_filtered_all_chr12.snplist
    shell:
        
        /data2/morgante_lab/kgoda/software/plink1.9/plink   --bfile /data2/morgante_lab/data/ukbiobank/genotypes/array/ukb22418_c$12_b0_v2_s488243                                     --keep /data2/morgante_lab/ukbiobank_projects/GxE_multi_ancestry/data/asian_sampled_ids.txt                                     --maf 0.01                                     --mac 5                                     --geno 0.1                                     --hwe 1e-10                                     --keep-allele-order                                     --threads 20                                     --write-snplist                                     --out /data2/morgante_lab/ukbiobank_projects/GxE_multi_ancestry/output/snp_lists/asian_filtered_all_chr12.snplist
        done
        
        (one of the commands exited with non-zero exit code; note that snakemake uses bash strict mode!)


[Wed Aug 28 17:34:26 2024]
rule filter_snplist_per_ancestry:
    input: /data2/morgante_lab/data/ukbiobank/genotypes/array, /data2/morgante_lab/ukbiobank_projects/GxE_multi_ancestry/data/white_sampled_ids.txt
    output: /data2/morgante_lab/ukbiobank_projects/GxE_multi_ancestry/output/snp_lists/white_filtered_all_chr19.snplist
    jobid: 19
    wildcards: out_dir=/data2/morgante_lab/ukbiobank_projects/GxE_multi_ancestry/output/snp_lists, ancestry=white, chr=19
    resources: cpus=20, mem_mb=204800, time=24:00:00, partition=fm-bigmem-2, nodelist=bigmem007

[Wed Aug 28 17:34:26 2024]
Error in rule filter_snplist_per_ancestry:
    jobid: 4
    output: /data2/morgante_lab/ukbiobank_projects/GxE_multi_ancestry/output/snp_lists/white_filtered_all_chr4.snplist
    shell:
        
        /data2/morgante_lab/kgoda/software/plink1.9/plink   --bfile /data2/morgante_lab/data/ukbiobank/genotypes/array/ukb22418_c$4_b0_v2_s488243                                     --keep /data2/morgante_lab/ukbiobank_projects/GxE_multi_ancestry/data/white_sampled_ids.txt                                     --maf 0.01                                     --mac 5                                     --geno 0.1                                     --hwe 1e-10                                     --keep-allele-order                                     --threads 20                                     --write-snplist                                     --out /data2/morgante_lab/ukbiobank_projects/GxE_multi_ancestry/output/snp_lists/white_filtered_all_chr4.snplist
        done
        
        (one of the commands exited with non-zero exit code; note that snakemake uses bash strict mode!)


[Wed Aug 28 17:34:27 2024]
rule filter_snplist_per_ancestry:
    input: /data2/morgante_lab/data/ukbiobank/genotypes/array, /data2/morgante_lab/ukbiobank_projects/GxE_multi_ancestry/data/black_sampled_ids.txt
    output: /data2/morgante_lab/ukbiobank_projects/GxE_multi_ancestry/output/snp_lists/black_filtered_all_chr12.snplist
    jobid: 34
    wildcards: out_dir=/data2/morgante_lab/ukbiobank_projects/GxE_multi_ancestry/output/snp_lists, ancestry=black, chr=12
    resources: cpus=20, mem_mb=204800, time=24:00:00, partition=fm-bigmem-2, nodelist=bigmem007

[Wed Aug 28 17:34:27 2024]
Error in rule filter_snplist_per_ancestry:
    jobid: 19
    output: /data2/morgante_lab/ukbiobank_projects/GxE_multi_ancestry/output/snp_lists/white_filtered_all_chr19.snplist
    shell:
        
        /data2/morgante_lab/kgoda/software/plink1.9/plink   --bfile /data2/morgante_lab/data/ukbiobank/genotypes/array/ukb22418_c$19_b0_v2_s488243                                     --keep /data2/morgante_lab/ukbiobank_projects/GxE_multi_ancestry/data/white_sampled_ids.txt                                     --maf 0.01                                     --mac 5                                     --geno 0.1                                     --hwe 1e-10                                     --keep-allele-order                                     --threads 20                                     --write-snplist                                     --out /data2/morgante_lab/ukbiobank_projects/GxE_multi_ancestry/output/snp_lists/white_filtered_all_chr19.snplist
        done
        
        (one of the commands exited with non-zero exit code; note that snakemake uses bash strict mode!)


[Wed Aug 28 17:34:28 2024]
rule filter_snplist_per_ancestry:
    input: /data2/morgante_lab/data/ukbiobank/genotypes/array, /data2/morgante_lab/ukbiobank_projects/GxE_multi_ancestry/data/asian_sampled_ids.txt
    output: /data2/morgante_lab/ukbiobank_projects/GxE_multi_ancestry/output/snp_lists/asian_filtered_all_chr5.snplist
    jobid: 49
    wildcards: out_dir=/data2/morgante_lab/ukbiobank_projects/GxE_multi_ancestry/output/snp_lists, ancestry=asian, chr=5
    resources: cpus=20, mem_mb=204800, time=24:00:00, partition=fm-bigmem-2, nodelist=bigmem007

[Wed Aug 28 17:34:28 2024]
Error in rule filter_snplist_per_ancestry:
    jobid: 34
    output: /data2/morgante_lab/ukbiobank_projects/GxE_multi_ancestry/output/snp_lists/black_filtered_all_chr12.snplist
    shell:
        
        /data2/morgante_lab/kgoda/software/plink1.9/plink   --bfile /data2/morgante_lab/data/ukbiobank/genotypes/array/ukb22418_c$12_b0_v2_s488243                                     --keep /data2/morgante_lab/ukbiobank_projects/GxE_multi_ancestry/data/black_sampled_ids.txt                                     --maf 0.01                                     --mac 5                                     --geno 0.1                                     --hwe 1e-10                                     --keep-allele-order                                     --threads 20                                     --write-snplist                                     --out /data2/morgante_lab/ukbiobank_projects/GxE_multi_ancestry/output/snp_lists/black_filtered_all_chr12.snplist
        done
        
        (one of the commands exited with non-zero exit code; note that snakemake uses bash strict mode!)


[Wed Aug 28 17:34:29 2024]
rule filter_snplist_per_ancestry:
    input: /data2/morgante_lab/data/ukbiobank/genotypes/array, /data2/morgante_lab/ukbiobank_projects/GxE_multi_ancestry/data/chinese_sampled_ids.txt
    output: /data2/morgante_lab/ukbiobank_projects/GxE_multi_ancestry/output/snp_lists/chinese_filtered_all_chr6.snplist
    jobid: 94
    wildcards: out_dir=/data2/morgante_lab/ukbiobank_projects/GxE_multi_ancestry/output/snp_lists, ancestry=chinese, chr=6
    resources: cpus=20, mem_mb=204800, time=24:00:00, partition=fm-bigmem-2, nodelist=bigmem007

[Wed Aug 28 17:34:29 2024]
Error in rule filter_snplist_per_ancestry:
    jobid: 49
    output: /data2/morgante_lab/ukbiobank_projects/GxE_multi_ancestry/output/snp_lists/asian_filtered_all_chr5.snplist
    shell:
        
        /data2/morgante_lab/kgoda/software/plink1.9/plink   --bfile /data2/morgante_lab/data/ukbiobank/genotypes/array/ukb22418_c$5_b0_v2_s488243                                     --keep /data2/morgante_lab/ukbiobank_projects/GxE_multi_ancestry/data/asian_sampled_ids.txt                                     --maf 0.01                                     --mac 5                                     --geno 0.1                                     --hwe 1e-10                                     --keep-allele-order                                     --threads 20                                     --write-snplist                                     --out /data2/morgante_lab/ukbiobank_projects/GxE_multi_ancestry/output/snp_lists/asian_filtered_all_chr5.snplist
        done
        
        (one of the commands exited with non-zero exit code; note that snakemake uses bash strict mode!)


[Wed Aug 28 17:34:29 2024]
rule filter_snplist_per_ancestry:
    input: /data2/morgante_lab/data/ukbiobank/genotypes/array, /data2/morgante_lab/ukbiobank_projects/GxE_multi_ancestry/data/chinese_sampled_ids.txt
    output: /data2/morgante_lab/ukbiobank_projects/GxE_multi_ancestry/output/snp_lists/chinese_filtered_all_chr21.snplist
    jobid: 109
    wildcards: out_dir=/data2/morgante_lab/ukbiobank_projects/GxE_multi_ancestry/output/snp_lists, ancestry=chinese, chr=21
    resources: cpus=20, mem_mb=204800, time=24:00:00, partition=fm-bigmem-2, nodelist=bigmem007

[Wed Aug 28 17:34:29 2024]
Error in rule filter_snplist_per_ancestry:
    jobid: 94
    output: /data2/morgante_lab/ukbiobank_projects/GxE_multi_ancestry/output/snp_lists/chinese_filtered_all_chr6.snplist
    shell:
        
        /data2/morgante_lab/kgoda/software/plink1.9/plink   --bfile /data2/morgante_lab/data/ukbiobank/genotypes/array/ukb22418_c$6_b0_v2_s488243                                     --keep /data2/morgante_lab/ukbiobank_projects/GxE_multi_ancestry/data/chinese_sampled_ids.txt                                     --maf 0.01                                     --mac 5                                     --geno 0.1                                     --hwe 1e-10                                     --keep-allele-order                                     --threads 20                                     --write-snplist                                     --out /data2/morgante_lab/ukbiobank_projects/GxE_multi_ancestry/output/snp_lists/chinese_filtered_all_chr6.snplist
        done
        
        (one of the commands exited with non-zero exit code; note that snakemake uses bash strict mode!)


[Wed Aug 28 17:34:30 2024]
rule filter_snplist_per_ancestry:
    input: /data2/morgante_lab/data/ukbiobank/genotypes/array, /data2/morgante_lab/ukbiobank_projects/GxE_multi_ancestry/data/asian_sampled_ids.txt
    output: /data2/morgante_lab/ukbiobank_projects/GxE_multi_ancestry/output/snp_lists/asian_filtered_all_chr13.snplist
    jobid: 57
    wildcards: out_dir=/data2/morgante_lab/ukbiobank_projects/GxE_multi_ancestry/output/snp_lists, ancestry=asian, chr=13
    resources: cpus=20, mem_mb=204800, time=24:00:00, partition=fm-bigmem-2, nodelist=bigmem007

[Wed Aug 28 17:34:30 2024]
Error in rule filter_snplist_per_ancestry:
    jobid: 109
    output: /data2/morgante_lab/ukbiobank_projects/GxE_multi_ancestry/output/snp_lists/chinese_filtered_all_chr21.snplist
    shell:
        
        /data2/morgante_lab/kgoda/software/plink1.9/plink   --bfile /data2/morgante_lab/data/ukbiobank/genotypes/array/ukb22418_c$21_b0_v2_s488243                                     --keep /data2/morgante_lab/ukbiobank_projects/GxE_multi_ancestry/data/chinese_sampled_ids.txt                                     --maf 0.01                                     --mac 5                                     --geno 0.1                                     --hwe 1e-10                                     --keep-allele-order                                     --threads 20                                     --write-snplist                                     --out /data2/morgante_lab/ukbiobank_projects/GxE_multi_ancestry/output/snp_lists/chinese_filtered_all_chr21.snplist
        done
        
        (one of the commands exited with non-zero exit code; note that snakemake uses bash strict mode!)


[Wed Aug 28 17:34:31 2024]
rule filter_snplist_per_ancestry:
    input: /data2/morgante_lab/data/ukbiobank/genotypes/array, /data2/morgante_lab/ukbiobank_projects/GxE_multi_ancestry/data/white_sampled_ids.txt
    output: /data2/morgante_lab/ukbiobank_projects/GxE_multi_ancestry/output/snp_lists/white_filtered_all_chr12.snplist
    jobid: 12
    wildcards: out_dir=/data2/morgante_lab/ukbiobank_projects/GxE_multi_ancestry/output/snp_lists, ancestry=white, chr=12
    resources: cpus=20, mem_mb=204800, time=24:00:00, partition=fm-bigmem-2, nodelist=bigmem007

[Wed Aug 28 17:34:31 2024]
Error in rule filter_snplist_per_ancestry:
    jobid: 57
    output: /data2/morgante_lab/ukbiobank_projects/GxE_multi_ancestry/output/snp_lists/asian_filtered_all_chr13.snplist
    shell:
        
        /data2/morgante_lab/kgoda/software/plink1.9/plink   --bfile /data2/morgante_lab/data/ukbiobank/genotypes/array/ukb22418_c$13_b0_v2_s488243                                     --keep /data2/morgante_lab/ukbiobank_projects/GxE_multi_ancestry/data/asian_sampled_ids.txt                                     --maf 0.01                                     --mac 5                                     --geno 0.1                                     --hwe 1e-10                                     --keep-allele-order                                     --threads 20                                     --write-snplist                                     --out /data2/morgante_lab/ukbiobank_projects/GxE_multi_ancestry/output/snp_lists/asian_filtered_all_chr13.snplist
        done
        
        (one of the commands exited with non-zero exit code; note that snakemake uses bash strict mode!)


[Wed Aug 28 17:34:32 2024]
rule filter_snplist_per_ancestry:
    input: /data2/morgante_lab/data/ukbiobank/genotypes/array, /data2/morgante_lab/ukbiobank_projects/GxE_multi_ancestry/data/black_sampled_ids.txt
    output: /data2/morgante_lab/ukbiobank_projects/GxE_multi_ancestry/output/snp_lists/black_filtered_all_chr5.snplist
    jobid: 27
    wildcards: out_dir=/data2/morgante_lab/ukbiobank_projects/GxE_multi_ancestry/output/snp_lists, ancestry=black, chr=5
    resources: cpus=20, mem_mb=204800, time=24:00:00, partition=fm-bigmem-2, nodelist=bigmem007

[Wed Aug 28 17:34:32 2024]
Error in rule filter_snplist_per_ancestry:
    jobid: 12
    output: /data2/morgante_lab/ukbiobank_projects/GxE_multi_ancestry/output/snp_lists/white_filtered_all_chr12.snplist
    shell:
        
        /data2/morgante_lab/kgoda/software/plink1.9/plink   --bfile /data2/morgante_lab/data/ukbiobank/genotypes/array/ukb22418_c$12_b0_v2_s488243                                     --keep /data2/morgante_lab/ukbiobank_projects/GxE_multi_ancestry/data/white_sampled_ids.txt                                     --maf 0.01                                     --mac 5                                     --geno 0.1                                     --hwe 1e-10                                     --keep-allele-order                                     --threads 20                                     --write-snplist                                     --out /data2/morgante_lab/ukbiobank_projects/GxE_multi_ancestry/output/snp_lists/white_filtered_all_chr12.snplist
        done
        
        (one of the commands exited with non-zero exit code; note that snakemake uses bash strict mode!)


[Wed Aug 28 17:34:33 2024]
rule filter_snplist_per_ancestry:
    input: /data2/morgante_lab/data/ukbiobank/genotypes/array, /data2/morgante_lab/ukbiobank_projects/GxE_multi_ancestry/data/black_sampled_ids.txt
    output: /data2/morgante_lab/ukbiobank_projects/GxE_multi_ancestry/output/snp_lists/black_filtered_all_chr20.snplist
    jobid: 42
    wildcards: out_dir=/data2/morgante_lab/ukbiobank_projects/GxE_multi_ancestry/output/snp_lists, ancestry=black, chr=20
    resources: cpus=20, mem_mb=204800, time=24:00:00, partition=fm-bigmem-2, nodelist=bigmem007

[Wed Aug 28 17:34:33 2024]
Error in rule filter_snplist_per_ancestry:
    jobid: 27
    output: /data2/morgante_lab/ukbiobank_projects/GxE_multi_ancestry/output/snp_lists/black_filtered_all_chr5.snplist
    shell:
        
        /data2/morgante_lab/kgoda/software/plink1.9/plink   --bfile /data2/morgante_lab/data/ukbiobank/genotypes/array/ukb22418_c$5_b0_v2_s488243                                     --keep /data2/morgante_lab/ukbiobank_projects/GxE_multi_ancestry/data/black_sampled_ids.txt                                     --maf 0.01                                     --mac 5                                     --geno 0.1                                     --hwe 1e-10                                     --keep-allele-order                                     --threads 20                                     --write-snplist                                     --out /data2/morgante_lab/ukbiobank_projects/GxE_multi_ancestry/output/snp_lists/black_filtered_all_chr5.snplist
        done
        
        (one of the commands exited with non-zero exit code; note that snakemake uses bash strict mode!)


[Wed Aug 28 17:34:33 2024]
rule filter_snplist_per_ancestry:
    input: /data2/morgante_lab/data/ukbiobank/genotypes/array, /data2/morgante_lab/ukbiobank_projects/GxE_multi_ancestry/data/mixed_sampled_ids.txt
    output: /data2/morgante_lab/ukbiobank_projects/GxE_multi_ancestry/output/snp_lists/mixed_filtered_all_chr21.snplist
    jobid: 87
    wildcards: out_dir=/data2/morgante_lab/ukbiobank_projects/GxE_multi_ancestry/output/snp_lists, ancestry=mixed, chr=21
    resources: cpus=20, mem_mb=204800, time=24:00:00, partition=fm-bigmem-2, nodelist=bigmem007

[Wed Aug 28 17:34:33 2024]
Error in rule filter_snplist_per_ancestry:
    jobid: 42
    output: /data2/morgante_lab/ukbiobank_projects/GxE_multi_ancestry/output/snp_lists/black_filtered_all_chr20.snplist
    shell:
        
        /data2/morgante_lab/kgoda/software/plink1.9/plink   --bfile /data2/morgante_lab/data/ukbiobank/genotypes/array/ukb22418_c$20_b0_v2_s488243                                     --keep /data2/morgante_lab/ukbiobank_projects/GxE_multi_ancestry/data/black_sampled_ids.txt                                     --maf 0.01                                     --mac 5                                     --geno 0.1                                     --hwe 1e-10                                     --keep-allele-order                                     --threads 20                                     --write-snplist                                     --out /data2/morgante_lab/ukbiobank_projects/GxE_multi_ancestry/output/snp_lists/black_filtered_all_chr20.snplist
        done
        
        (one of the commands exited with non-zero exit code; note that snakemake uses bash strict mode!)


[Wed Aug 28 17:34:34 2024]
rule filter_snplist_per_ancestry:
    input: /data2/morgante_lab/data/ukbiobank/genotypes/array, /data2/morgante_lab/ukbiobank_projects/GxE_multi_ancestry/data/chinese_sampled_ids.txt
    output: /data2/morgante_lab/ukbiobank_projects/GxE_multi_ancestry/output/snp_lists/chinese_filtered_all_chr14.snplist
    jobid: 102
    wildcards: out_dir=/data2/morgante_lab/ukbiobank_projects/GxE_multi_ancestry/output/snp_lists, ancestry=chinese, chr=14
    resources: cpus=20, mem_mb=204800, time=24:00:00, partition=fm-bigmem-2, nodelist=bigmem007

[Wed Aug 28 17:34:34 2024]
Error in rule filter_snplist_per_ancestry:
    jobid: 87
    output: /data2/morgante_lab/ukbiobank_projects/GxE_multi_ancestry/output/snp_lists/mixed_filtered_all_chr21.snplist
    shell:
        
        /data2/morgante_lab/kgoda/software/plink1.9/plink   --bfile /data2/morgante_lab/data/ukbiobank/genotypes/array/ukb22418_c$21_b0_v2_s488243                                     --keep /data2/morgante_lab/ukbiobank_projects/GxE_multi_ancestry/data/mixed_sampled_ids.txt                                     --maf 0.01                                     --mac 5                                     --geno 0.1                                     --hwe 1e-10                                     --keep-allele-order                                     --threads 20                                     --write-snplist                                     --out /data2/morgante_lab/ukbiobank_projects/GxE_multi_ancestry/output/snp_lists/mixed_filtered_all_chr21.snplist
        done
        
        (one of the commands exited with non-zero exit code; note that snakemake uses bash strict mode!)


[Wed Aug 28 17:34:35 2024]
rule filter_snplist_per_ancestry:
    input: /data2/morgante_lab/data/ukbiobank/genotypes/array, /data2/morgante_lab/ukbiobank_projects/GxE_multi_ancestry/data/white_sampled_ids.txt
    output: /data2/morgante_lab/ukbiobank_projects/GxE_multi_ancestry/output/snp_lists/white_filtered_all_chr5.snplist
    jobid: 5
    wildcards: out_dir=/data2/morgante_lab/ukbiobank_projects/GxE_multi_ancestry/output/snp_lists, ancestry=white, chr=5
    resources: cpus=20, mem_mb=204800, time=24:00:00, partition=fm-bigmem-2, nodelist=bigmem007

[Wed Aug 28 17:34:35 2024]
Error in rule filter_snplist_per_ancestry:
    jobid: 102
    output: /data2/morgante_lab/ukbiobank_projects/GxE_multi_ancestry/output/snp_lists/chinese_filtered_all_chr14.snplist
    shell:
        
        /data2/morgante_lab/kgoda/software/plink1.9/plink   --bfile /data2/morgante_lab/data/ukbiobank/genotypes/array/ukb22418_c$14_b0_v2_s488243                                     --keep /data2/morgante_lab/ukbiobank_projects/GxE_multi_ancestry/data/chinese_sampled_ids.txt                                     --maf 0.01                                     --mac 5                                     --geno 0.1                                     --hwe 1e-10                                     --keep-allele-order                                     --threads 20                                     --write-snplist                                     --out /data2/morgante_lab/ukbiobank_projects/GxE_multi_ancestry/output/snp_lists/chinese_filtered_all_chr14.snplist
        done
        
        (one of the commands exited with non-zero exit code; note that snakemake uses bash strict mode!)


[Wed Aug 28 17:34:36 2024]
rule filter_snplist_per_ancestry:
    input: /data2/morgante_lab/data/ukbiobank/genotypes/array, /data2/morgante_lab/ukbiobank_projects/GxE_multi_ancestry/data/white_sampled_ids.txt
    output: /data2/morgante_lab/ukbiobank_projects/GxE_multi_ancestry/output/snp_lists/white_filtered_all_chr20.snplist
    jobid: 20
    wildcards: out_dir=/data2/morgante_lab/ukbiobank_projects/GxE_multi_ancestry/output/snp_lists, ancestry=white, chr=20
    resources: cpus=20, mem_mb=204800, time=24:00:00, partition=fm-bigmem-2, nodelist=bigmem007

[Wed Aug 28 17:34:36 2024]
Error in rule filter_snplist_per_ancestry:
    jobid: 5
    output: /data2/morgante_lab/ukbiobank_projects/GxE_multi_ancestry/output/snp_lists/white_filtered_all_chr5.snplist
    shell:
        
        /data2/morgante_lab/kgoda/software/plink1.9/plink   --bfile /data2/morgante_lab/data/ukbiobank/genotypes/array/ukb22418_c$5_b0_v2_s488243                                     --keep /data2/morgante_lab/ukbiobank_projects/GxE_multi_ancestry/data/white_sampled_ids.txt                                     --maf 0.01                                     --mac 5                                     --geno 0.1                                     --hwe 1e-10                                     --keep-allele-order                                     --threads 20                                     --write-snplist                                     --out /data2/morgante_lab/ukbiobank_projects/GxE_multi_ancestry/output/snp_lists/white_filtered_all_chr5.snplist
        done
        
        (one of the commands exited with non-zero exit code; note that snakemake uses bash strict mode!)


[Wed Aug 28 17:34:36 2024]
rule filter_snplist_per_ancestry:
    input: /data2/morgante_lab/data/ukbiobank/genotypes/array, /data2/morgante_lab/ukbiobank_projects/GxE_multi_ancestry/data/black_sampled_ids.txt
    output: /data2/morgante_lab/ukbiobank_projects/GxE_multi_ancestry/output/snp_lists/black_filtered_all_chr13.snplist
    jobid: 35
    wildcards: out_dir=/data2/morgante_lab/ukbiobank_projects/GxE_multi_ancestry/output/snp_lists, ancestry=black, chr=13
    resources: cpus=20, mem_mb=204800, time=24:00:00, partition=fm-bigmem-2, nodelist=bigmem007

[Wed Aug 28 17:34:36 2024]
Error in rule filter_snplist_per_ancestry:
    jobid: 20
    output: /data2/morgante_lab/ukbiobank_projects/GxE_multi_ancestry/output/snp_lists/white_filtered_all_chr20.snplist
    shell:
        
        /data2/morgante_lab/kgoda/software/plink1.9/plink   --bfile /data2/morgante_lab/data/ukbiobank/genotypes/array/ukb22418_c$20_b0_v2_s488243                                     --keep /data2/morgante_lab/ukbiobank_projects/GxE_multi_ancestry/data/white_sampled_ids.txt                                     --maf 0.01                                     --mac 5                                     --geno 0.1                                     --hwe 1e-10                                     --keep-allele-order                                     --threads 20                                     --write-snplist                                     --out /data2/morgante_lab/ukbiobank_projects/GxE_multi_ancestry/output/snp_lists/white_filtered_all_chr20.snplist
        done
        
        (one of the commands exited with non-zero exit code; note that snakemake uses bash strict mode!)


[Wed Aug 28 17:34:37 2024]
rule filter_snplist_per_ancestry:
    input: /data2/morgante_lab/data/ukbiobank/genotypes/array, /data2/morgante_lab/ukbiobank_projects/GxE_multi_ancestry/data/asian_sampled_ids.txt
    output: /data2/morgante_lab/ukbiobank_projects/GxE_multi_ancestry/output/snp_lists/asian_filtered_all_chr6.snplist
    jobid: 50
    wildcards: out_dir=/data2/morgante_lab/ukbiobank_projects/GxE_multi_ancestry/output/snp_lists, ancestry=asian, chr=6
    resources: cpus=20, mem_mb=204800, time=24:00:00, partition=fm-bigmem-2, nodelist=bigmem007

[Wed Aug 28 17:34:37 2024]
Error in rule filter_snplist_per_ancestry:
    jobid: 35
    output: /data2/morgante_lab/ukbiobank_projects/GxE_multi_ancestry/output/snp_lists/black_filtered_all_chr13.snplist
    shell:
        
        /data2/morgante_lab/kgoda/software/plink1.9/plink   --bfile /data2/morgante_lab/data/ukbiobank/genotypes/array/ukb22418_c$13_b0_v2_s488243                                     --keep /data2/morgante_lab/ukbiobank_projects/GxE_multi_ancestry/data/black_sampled_ids.txt                                     --maf 0.01                                     --mac 5                                     --geno 0.1                                     --hwe 1e-10                                     --keep-allele-order                                     --threads 20                                     --write-snplist                                     --out /data2/morgante_lab/ukbiobank_projects/GxE_multi_ancestry/output/snp_lists/black_filtered_all_chr13.snplist
        done
        
        (one of the commands exited with non-zero exit code; note that snakemake uses bash strict mode!)


[Wed Aug 28 17:34:38 2024]
rule filter_snplist_per_ancestry:
    input: /data2/morgante_lab/data/ukbiobank/genotypes/array, /data2/morgante_lab/ukbiobank_projects/GxE_multi_ancestry/data/white_sampled_ids.txt
    output: /data2/morgante_lab/ukbiobank_projects/GxE_multi_ancestry/output/snp_lists/white_filtered_all_chr13.snplist
    jobid: 13
    wildcards: out_dir=/data2/morgante_lab/ukbiobank_projects/GxE_multi_ancestry/output/snp_lists, ancestry=white, chr=13
    resources: cpus=20, mem_mb=204800, time=24:00:00, partition=fm-bigmem-2, nodelist=bigmem007

[Wed Aug 28 17:34:38 2024]
Error in rule filter_snplist_per_ancestry:
    jobid: 50
    output: /data2/morgante_lab/ukbiobank_projects/GxE_multi_ancestry/output/snp_lists/asian_filtered_all_chr6.snplist
    shell:
        
        /data2/morgante_lab/kgoda/software/plink1.9/plink   --bfile /data2/morgante_lab/data/ukbiobank/genotypes/array/ukb22418_c$6_b0_v2_s488243                                     --keep /data2/morgante_lab/ukbiobank_projects/GxE_multi_ancestry/data/asian_sampled_ids.txt                                     --maf 0.01                                     --mac 5                                     --geno 0.1                                     --hwe 1e-10                                     --keep-allele-order                                     --threads 20                                     --write-snplist                                     --out /data2/morgante_lab/ukbiobank_projects/GxE_multi_ancestry/output/snp_lists/asian_filtered_all_chr6.snplist
        done
        
        (one of the commands exited with non-zero exit code; note that snakemake uses bash strict mode!)


[Wed Aug 28 17:34:39 2024]
rule filter_snplist_per_ancestry:
    input: /data2/morgante_lab/data/ukbiobank/genotypes/array, /data2/morgante_lab/ukbiobank_projects/GxE_multi_ancestry/data/black_sampled_ids.txt
    output: /data2/morgante_lab/ukbiobank_projects/GxE_multi_ancestry/output/snp_lists/black_filtered_all_chr6.snplist
    jobid: 28
    wildcards: out_dir=/data2/morgante_lab/ukbiobank_projects/GxE_multi_ancestry/output/snp_lists, ancestry=black, chr=6
    resources: cpus=20, mem_mb=204800, time=24:00:00, partition=fm-bigmem-2, nodelist=bigmem007

[Wed Aug 28 17:34:39 2024]
Error in rule filter_snplist_per_ancestry:
    jobid: 13
    output: /data2/morgante_lab/ukbiobank_projects/GxE_multi_ancestry/output/snp_lists/white_filtered_all_chr13.snplist
    shell:
        
        /data2/morgante_lab/kgoda/software/plink1.9/plink   --bfile /data2/morgante_lab/data/ukbiobank/genotypes/array/ukb22418_c$13_b0_v2_s488243                                     --keep /data2/morgante_lab/ukbiobank_projects/GxE_multi_ancestry/data/white_sampled_ids.txt                                     --maf 0.01                                     --mac 5                                     --geno 0.1                                     --hwe 1e-10                                     --keep-allele-order                                     --threads 20                                     --write-snplist                                     --out /data2/morgante_lab/ukbiobank_projects/GxE_multi_ancestry/output/snp_lists/white_filtered_all_chr13.snplist
        done
        
        (one of the commands exited with non-zero exit code; note that snakemake uses bash strict mode!)


[Wed Aug 28 17:34:39 2024]
rule filter_snplist_per_ancestry:
    input: /data2/morgante_lab/data/ukbiobank/genotypes/array, /data2/morgante_lab/ukbiobank_projects/GxE_multi_ancestry/data/black_sampled_ids.txt
    output: /data2/morgante_lab/ukbiobank_projects/GxE_multi_ancestry/output/snp_lists/black_filtered_all_chr21.snplist
    jobid: 43
    wildcards: out_dir=/data2/morgante_lab/ukbiobank_projects/GxE_multi_ancestry/output/snp_lists, ancestry=black, chr=21
    resources: cpus=20, mem_mb=204800, time=24:00:00, partition=fm-bigmem-2, nodelist=bigmem007

[Wed Aug 28 17:34:40 2024]
Error in rule filter_snplist_per_ancestry:
    jobid: 28
    output: /data2/morgante_lab/ukbiobank_projects/GxE_multi_ancestry/output/snp_lists/black_filtered_all_chr6.snplist
    shell:
        
        /data2/morgante_lab/kgoda/software/plink1.9/plink   --bfile /data2/morgante_lab/data/ukbiobank/genotypes/array/ukb22418_c$6_b0_v2_s488243                                     --keep /data2/morgante_lab/ukbiobank_projects/GxE_multi_ancestry/data/black_sampled_ids.txt                                     --maf 0.01                                     --mac 5                                     --geno 0.1                                     --hwe 1e-10                                     --keep-allele-order                                     --threads 20                                     --write-snplist                                     --out /data2/morgante_lab/ukbiobank_projects/GxE_multi_ancestry/output/snp_lists/black_filtered_all_chr6.snplist
        done
        
        (one of the commands exited with non-zero exit code; note that snakemake uses bash strict mode!)


[Wed Aug 28 17:34:40 2024]
rule filter_snplist_per_ancestry:
    input: /data2/morgante_lab/data/ukbiobank/genotypes/array, /data2/morgante_lab/ukbiobank_projects/GxE_multi_ancestry/data/mixed_sampled_ids.txt
    output: /data2/morgante_lab/ukbiobank_projects/GxE_multi_ancestry/output/snp_lists/mixed_filtered_all_chr22.snplist
    jobid: 88
    wildcards: out_dir=/data2/morgante_lab/ukbiobank_projects/GxE_multi_ancestry/output/snp_lists, ancestry=mixed, chr=22
    resources: cpus=20, mem_mb=204800, time=24:00:00, partition=fm-bigmem-2, nodelist=bigmem007

[Wed Aug 28 17:34:40 2024]
Error in rule filter_snplist_per_ancestry:
    jobid: 43
    output: /data2/morgante_lab/ukbiobank_projects/GxE_multi_ancestry/output/snp_lists/black_filtered_all_chr21.snplist
    shell:
        
        /data2/morgante_lab/kgoda/software/plink1.9/plink   --bfile /data2/morgante_lab/data/ukbiobank/genotypes/array/ukb22418_c$21_b0_v2_s488243                                     --keep /data2/morgante_lab/ukbiobank_projects/GxE_multi_ancestry/data/black_sampled_ids.txt                                     --maf 0.01                                     --mac 5                                     --geno 0.1                                     --hwe 1e-10                                     --keep-allele-order                                     --threads 20                                     --write-snplist                                     --out /data2/morgante_lab/ukbiobank_projects/GxE_multi_ancestry/output/snp_lists/black_filtered_all_chr21.snplist
        done
        
        (one of the commands exited with non-zero exit code; note that snakemake uses bash strict mode!)


[Wed Aug 28 17:34:41 2024]
rule filter_snplist_per_ancestry:
    input: /data2/morgante_lab/data/ukbiobank/genotypes/array, /data2/morgante_lab/ukbiobank_projects/GxE_multi_ancestry/data/chinese_sampled_ids.txt
    output: /data2/morgante_lab/ukbiobank_projects/GxE_multi_ancestry/output/snp_lists/chinese_filtered_all_chr15.snplist
    jobid: 103
    wildcards: out_dir=/data2/morgante_lab/ukbiobank_projects/GxE_multi_ancestry/output/snp_lists, ancestry=chinese, chr=15
    resources: cpus=20, mem_mb=204800, time=24:00:00, partition=fm-bigmem-2, nodelist=bigmem007

[Wed Aug 28 17:34:41 2024]
Error in rule filter_snplist_per_ancestry:
    jobid: 88
    output: /data2/morgante_lab/ukbiobank_projects/GxE_multi_ancestry/output/snp_lists/mixed_filtered_all_chr22.snplist
    shell:
        
        /data2/morgante_lab/kgoda/software/plink1.9/plink   --bfile /data2/morgante_lab/data/ukbiobank/genotypes/array/ukb22418_c$22_b0_v2_s488243                                     --keep /data2/morgante_lab/ukbiobank_projects/GxE_multi_ancestry/data/mixed_sampled_ids.txt                                     --maf 0.01                                     --mac 5                                     --geno 0.1                                     --hwe 1e-10                                     --keep-allele-order                                     --threads 20                                     --write-snplist                                     --out /data2/morgante_lab/ukbiobank_projects/GxE_multi_ancestry/output/snp_lists/mixed_filtered_all_chr22.snplist
        done
        
        (one of the commands exited with non-zero exit code; note that snakemake uses bash strict mode!)


[Wed Aug 28 17:34:41 2024]
rule filter_snplist_per_ancestry:
    input: /data2/morgante_lab/data/ukbiobank/genotypes/array, /data2/morgante_lab/ukbiobank_projects/GxE_multi_ancestry/data/white_sampled_ids.txt
    output: /data2/morgante_lab/ukbiobank_projects/GxE_multi_ancestry/output/snp_lists/white_filtered_all_chr14.snplist
    jobid: 14
    wildcards: out_dir=/data2/morgante_lab/ukbiobank_projects/GxE_multi_ancestry/output/snp_lists, ancestry=white, chr=14
    resources: cpus=20, mem_mb=204800, time=24:00:00, partition=fm-bigmem-2, nodelist=bigmem007

[Wed Aug 28 17:34:41 2024]
Error in rule filter_snplist_per_ancestry:
    jobid: 103
    output: /data2/morgante_lab/ukbiobank_projects/GxE_multi_ancestry/output/snp_lists/chinese_filtered_all_chr15.snplist
    shell:
        
        /data2/morgante_lab/kgoda/software/plink1.9/plink   --bfile /data2/morgante_lab/data/ukbiobank/genotypes/array/ukb22418_c$15_b0_v2_s488243                                     --keep /data2/morgante_lab/ukbiobank_projects/GxE_multi_ancestry/data/chinese_sampled_ids.txt                                     --maf 0.01                                     --mac 5                                     --geno 0.1                                     --hwe 1e-10                                     --keep-allele-order                                     --threads 20                                     --write-snplist                                     --out /data2/morgante_lab/ukbiobank_projects/GxE_multi_ancestry/output/snp_lists/chinese_filtered_all_chr15.snplist
        done
        
        (one of the commands exited with non-zero exit code; note that snakemake uses bash strict mode!)


[Wed Aug 28 17:34:42 2024]
rule filter_snplist_per_ancestry:
    input: /data2/morgante_lab/data/ukbiobank/genotypes/array, /data2/morgante_lab/ukbiobank_projects/GxE_multi_ancestry/data/black_sampled_ids.txt
    output: /data2/morgante_lab/ukbiobank_projects/GxE_multi_ancestry/output/snp_lists/black_filtered_all_chr7.snplist
    jobid: 29
    wildcards: out_dir=/data2/morgante_lab/ukbiobank_projects/GxE_multi_ancestry/output/snp_lists, ancestry=black, chr=7
    resources: cpus=20, mem_mb=204800, time=24:00:00, partition=fm-bigmem-2, nodelist=bigmem007

[Wed Aug 28 17:34:42 2024]
Error in rule filter_snplist_per_ancestry:
    jobid: 14
    output: /data2/morgante_lab/ukbiobank_projects/GxE_multi_ancestry/output/snp_lists/white_filtered_all_chr14.snplist
    shell:
        
        /data2/morgante_lab/kgoda/software/plink1.9/plink   --bfile /data2/morgante_lab/data/ukbiobank/genotypes/array/ukb22418_c$14_b0_v2_s488243                                     --keep /data2/morgante_lab/ukbiobank_projects/GxE_multi_ancestry/data/white_sampled_ids.txt                                     --maf 0.01                                     --mac 5                                     --geno 0.1                                     --hwe 1e-10                                     --keep-allele-order                                     --threads 20                                     --write-snplist                                     --out /data2/morgante_lab/ukbiobank_projects/GxE_multi_ancestry/output/snp_lists/white_filtered_all_chr14.snplist
        done
        
        (one of the commands exited with non-zero exit code; note that snakemake uses bash strict mode!)


[Wed Aug 28 17:34:43 2024]
rule filter_snplist_per_ancestry:
    input: /data2/morgante_lab/data/ukbiobank/genotypes/array, /data2/morgante_lab/ukbiobank_projects/GxE_multi_ancestry/data/black_sampled_ids.txt
    output: /data2/morgante_lab/ukbiobank_projects/GxE_multi_ancestry/output/snp_lists/black_filtered_all_chr22.snplist
    jobid: 44
    wildcards: out_dir=/data2/morgante_lab/ukbiobank_projects/GxE_multi_ancestry/output/snp_lists, ancestry=black, chr=22
    resources: cpus=20, mem_mb=204800, time=24:00:00, partition=fm-bigmem-2, nodelist=bigmem007

[Wed Aug 28 17:34:43 2024]
Error in rule filter_snplist_per_ancestry:
    jobid: 29
    output: /data2/morgante_lab/ukbiobank_projects/GxE_multi_ancestry/output/snp_lists/black_filtered_all_chr7.snplist
    shell:
        
        /data2/morgante_lab/kgoda/software/plink1.9/plink   --bfile /data2/morgante_lab/data/ukbiobank/genotypes/array/ukb22418_c$7_b0_v2_s488243                                     --keep /data2/morgante_lab/ukbiobank_projects/GxE_multi_ancestry/data/black_sampled_ids.txt                                     --maf 0.01                                     --mac 5                                     --geno 0.1                                     --hwe 1e-10                                     --keep-allele-order                                     --threads 20                                     --write-snplist                                     --out /data2/morgante_lab/ukbiobank_projects/GxE_multi_ancestry/output/snp_lists/black_filtered_all_chr7.snplist
        done
        
        (one of the commands exited with non-zero exit code; note that snakemake uses bash strict mode!)


[Wed Aug 28 17:34:44 2024]
rule filter_snplist_per_ancestry:
    input: /data2/morgante_lab/data/ukbiobank/genotypes/array, /data2/morgante_lab/ukbiobank_projects/GxE_multi_ancestry/data/chinese_sampled_ids.txt
    output: /data2/morgante_lab/ukbiobank_projects/GxE_multi_ancestry/output/snp_lists/chinese_filtered_all_chr1.snplist
    jobid: 89
    wildcards: out_dir=/data2/morgante_lab/ukbiobank_projects/GxE_multi_ancestry/output/snp_lists, ancestry=chinese, chr=1
    resources: cpus=20, mem_mb=204800, time=24:00:00, partition=fm-bigmem-2, nodelist=bigmem007

[Wed Aug 28 17:34:44 2024]
Error in rule filter_snplist_per_ancestry:
    jobid: 44
    output: /data2/morgante_lab/ukbiobank_projects/GxE_multi_ancestry/output/snp_lists/black_filtered_all_chr22.snplist
    shell:
        
        /data2/morgante_lab/kgoda/software/plink1.9/plink   --bfile /data2/morgante_lab/data/ukbiobank/genotypes/array/ukb22418_c$22_b0_v2_s488243                                     --keep /data2/morgante_lab/ukbiobank_projects/GxE_multi_ancestry/data/black_sampled_ids.txt                                     --maf 0.01                                     --mac 5                                     --geno 0.1                                     --hwe 1e-10                                     --keep-allele-order                                     --threads 20                                     --write-snplist                                     --out /data2/morgante_lab/ukbiobank_projects/GxE_multi_ancestry/output/snp_lists/black_filtered_all_chr22.snplist
        done
        
        (one of the commands exited with non-zero exit code; note that snakemake uses bash strict mode!)


[Wed Aug 28 17:34:44 2024]
rule filter_snplist_per_ancestry:
    input: /data2/morgante_lab/data/ukbiobank/genotypes/array, /data2/morgante_lab/ukbiobank_projects/GxE_multi_ancestry/data/chinese_sampled_ids.txt
    output: /data2/morgante_lab/ukbiobank_projects/GxE_multi_ancestry/output/snp_lists/chinese_filtered_all_chr16.snplist
    jobid: 104
    wildcards: out_dir=/data2/morgante_lab/ukbiobank_projects/GxE_multi_ancestry/output/snp_lists, ancestry=chinese, chr=16
    resources: cpus=20, mem_mb=204800, time=24:00:00, partition=fm-bigmem-2, nodelist=bigmem007

[Wed Aug 28 17:34:44 2024]
Error in rule filter_snplist_per_ancestry:
    jobid: 89
    output: /data2/morgante_lab/ukbiobank_projects/GxE_multi_ancestry/output/snp_lists/chinese_filtered_all_chr1.snplist
    shell:
        
        /data2/morgante_lab/kgoda/software/plink1.9/plink   --bfile /data2/morgante_lab/data/ukbiobank/genotypes/array/ukb22418_c$1_b0_v2_s488243                                     --keep /data2/morgante_lab/ukbiobank_projects/GxE_multi_ancestry/data/chinese_sampled_ids.txt                                     --maf 0.01                                     --mac 5                                     --geno 0.1                                     --hwe 1e-10                                     --keep-allele-order                                     --threads 20                                     --write-snplist                                     --out /data2/morgante_lab/ukbiobank_projects/GxE_multi_ancestry/output/snp_lists/chinese_filtered_all_chr1.snplist
        done
        
        (one of the commands exited with non-zero exit code; note that snakemake uses bash strict mode!)


[Wed Aug 28 17:34:45 2024]
rule filter_snplist_per_ancestry:
    input: /data2/morgante_lab/data/ukbiobank/genotypes/array, /data2/morgante_lab/ukbiobank_projects/GxE_multi_ancestry/data/white_sampled_ids.txt
    output: /data2/morgante_lab/ukbiobank_projects/GxE_multi_ancestry/output/snp_lists/white_filtered_all_chr15.snplist
    jobid: 15
    wildcards: out_dir=/data2/morgante_lab/ukbiobank_projects/GxE_multi_ancestry/output/snp_lists, ancestry=white, chr=15
    resources: cpus=20, mem_mb=204800, time=24:00:00, partition=fm-bigmem-2, nodelist=bigmem007

[Wed Aug 28 17:34:45 2024]
Error in rule filter_snplist_per_ancestry:
    jobid: 104
    output: /data2/morgante_lab/ukbiobank_projects/GxE_multi_ancestry/output/snp_lists/chinese_filtered_all_chr16.snplist
    shell:
        
        /data2/morgante_lab/kgoda/software/plink1.9/plink   --bfile /data2/morgante_lab/data/ukbiobank/genotypes/array/ukb22418_c$16_b0_v2_s488243                                     --keep /data2/morgante_lab/ukbiobank_projects/GxE_multi_ancestry/data/chinese_sampled_ids.txt                                     --maf 0.01                                     --mac 5                                     --geno 0.1                                     --hwe 1e-10                                     --keep-allele-order                                     --threads 20                                     --write-snplist                                     --out /data2/morgante_lab/ukbiobank_projects/GxE_multi_ancestry/output/snp_lists/chinese_filtered_all_chr16.snplist
        done
        
        (one of the commands exited with non-zero exit code; note that snakemake uses bash strict mode!)


[Wed Aug 28 17:34:46 2024]
rule filter_snplist_per_ancestry:
    input: /data2/morgante_lab/data/ukbiobank/genotypes/array, /data2/morgante_lab/ukbiobank_projects/GxE_multi_ancestry/data/black_sampled_ids.txt
    output: /data2/morgante_lab/ukbiobank_projects/GxE_multi_ancestry/output/snp_lists/black_filtered_all_chr8.snplist
    jobid: 30
    wildcards: out_dir=/data2/morgante_lab/ukbiobank_projects/GxE_multi_ancestry/output/snp_lists, ancestry=black, chr=8
    resources: cpus=20, mem_mb=204800, time=24:00:00, partition=fm-bigmem-2, nodelist=bigmem007

[Wed Aug 28 17:34:46 2024]
Error in rule filter_snplist_per_ancestry:
    jobid: 15
    output: /data2/morgante_lab/ukbiobank_projects/GxE_multi_ancestry/output/snp_lists/white_filtered_all_chr15.snplist
    shell:
        
        /data2/morgante_lab/kgoda/software/plink1.9/plink   --bfile /data2/morgante_lab/data/ukbiobank/genotypes/array/ukb22418_c$15_b0_v2_s488243                                     --keep /data2/morgante_lab/ukbiobank_projects/GxE_multi_ancestry/data/white_sampled_ids.txt                                     --maf 0.01                                     --mac 5                                     --geno 0.1                                     --hwe 1e-10                                     --keep-allele-order                                     --threads 20                                     --write-snplist                                     --out /data2/morgante_lab/ukbiobank_projects/GxE_multi_ancestry/output/snp_lists/white_filtered_all_chr15.snplist
        done
        
        (one of the commands exited with non-zero exit code; note that snakemake uses bash strict mode!)


[Wed Aug 28 17:34:47 2024]
rule filter_snplist_per_ancestry:
    input: /data2/morgante_lab/data/ukbiobank/genotypes/array, /data2/morgante_lab/ukbiobank_projects/GxE_multi_ancestry/data/asian_sampled_ids.txt
    output: /data2/morgante_lab/ukbiobank_projects/GxE_multi_ancestry/output/snp_lists/asian_filtered_all_chr1.snplist
    jobid: 45
    wildcards: out_dir=/data2/morgante_lab/ukbiobank_projects/GxE_multi_ancestry/output/snp_lists, ancestry=asian, chr=1
    resources: cpus=20, mem_mb=204800, time=24:00:00, partition=fm-bigmem-2, nodelist=bigmem007

[Wed Aug 28 17:34:47 2024]
Error in rule filter_snplist_per_ancestry:
    jobid: 30
    output: /data2/morgante_lab/ukbiobank_projects/GxE_multi_ancestry/output/snp_lists/black_filtered_all_chr8.snplist
    shell:
        
        /data2/morgante_lab/kgoda/software/plink1.9/plink   --bfile /data2/morgante_lab/data/ukbiobank/genotypes/array/ukb22418_c$8_b0_v2_s488243                                     --keep /data2/morgante_lab/ukbiobank_projects/GxE_multi_ancestry/data/black_sampled_ids.txt                                     --maf 0.01                                     --mac 5                                     --geno 0.1                                     --hwe 1e-10                                     --keep-allele-order                                     --threads 20                                     --write-snplist                                     --out /data2/morgante_lab/ukbiobank_projects/GxE_multi_ancestry/output/snp_lists/black_filtered_all_chr8.snplist
        done
        
        (one of the commands exited with non-zero exit code; note that snakemake uses bash strict mode!)


[Wed Aug 28 17:34:47 2024]
rule filter_snplist_per_ancestry:
    input: /data2/morgante_lab/data/ukbiobank/genotypes/array, /data2/morgante_lab/ukbiobank_projects/GxE_multi_ancestry/data/chinese_sampled_ids.txt
    output: /data2/morgante_lab/ukbiobank_projects/GxE_multi_ancestry/output/snp_lists/chinese_filtered_all_chr2.snplist
    jobid: 90
    wildcards: out_dir=/data2/morgante_lab/ukbiobank_projects/GxE_multi_ancestry/output/snp_lists, ancestry=chinese, chr=2
    resources: cpus=20, mem_mb=204800, time=24:00:00, partition=fm-bigmem-2, nodelist=bigmem007

[Wed Aug 28 17:34:47 2024]
Error in rule filter_snplist_per_ancestry:
    jobid: 45
    output: /data2/morgante_lab/ukbiobank_projects/GxE_multi_ancestry/output/snp_lists/asian_filtered_all_chr1.snplist
    shell:
        
        /data2/morgante_lab/kgoda/software/plink1.9/plink   --bfile /data2/morgante_lab/data/ukbiobank/genotypes/array/ukb22418_c$1_b0_v2_s488243                                     --keep /data2/morgante_lab/ukbiobank_projects/GxE_multi_ancestry/data/asian_sampled_ids.txt                                     --maf 0.01                                     --mac 5                                     --geno 0.1                                     --hwe 1e-10                                     --keep-allele-order                                     --threads 20                                     --write-snplist                                     --out /data2/morgante_lab/ukbiobank_projects/GxE_multi_ancestry/output/snp_lists/asian_filtered_all_chr1.snplist
        done
        
        (one of the commands exited with non-zero exit code; note that snakemake uses bash strict mode!)


[Wed Aug 28 17:34:48 2024]
rule filter_snplist_per_ancestry:
    input: /data2/morgante_lab/data/ukbiobank/genotypes/array, /data2/morgante_lab/ukbiobank_projects/GxE_multi_ancestry/data/chinese_sampled_ids.txt
    output: /data2/morgante_lab/ukbiobank_projects/GxE_multi_ancestry/output/snp_lists/chinese_filtered_all_chr17.snplist
    jobid: 105
    wildcards: out_dir=/data2/morgante_lab/ukbiobank_projects/GxE_multi_ancestry/output/snp_lists, ancestry=chinese, chr=17
    resources: cpus=20, mem_mb=204800, time=24:00:00, partition=fm-bigmem-2, nodelist=bigmem007

[Wed Aug 28 17:34:48 2024]
Error in rule filter_snplist_per_ancestry:
    jobid: 90
    output: /data2/morgante_lab/ukbiobank_projects/GxE_multi_ancestry/output/snp_lists/chinese_filtered_all_chr2.snplist
    shell:
        
        /data2/morgante_lab/kgoda/software/plink1.9/plink   --bfile /data2/morgante_lab/data/ukbiobank/genotypes/array/ukb22418_c$2_b0_v2_s488243                                     --keep /data2/morgante_lab/ukbiobank_projects/GxE_multi_ancestry/data/chinese_sampled_ids.txt                                     --maf 0.01                                     --mac 5                                     --geno 0.1                                     --hwe 1e-10                                     --keep-allele-order                                     --threads 20                                     --write-snplist                                     --out /data2/morgante_lab/ukbiobank_projects/GxE_multi_ancestry/output/snp_lists/chinese_filtered_all_chr2.snplist
        done
        
        (one of the commands exited with non-zero exit code; note that snakemake uses bash strict mode!)

[Wed Aug 28 17:34:49 2024]
Error in rule filter_snplist_per_ancestry:
    jobid: 105
    output: /data2/morgante_lab/ukbiobank_projects/GxE_multi_ancestry/output/snp_lists/chinese_filtered_all_chr17.snplist
    shell:
        
        /data2/morgante_lab/kgoda/software/plink1.9/plink   --bfile /data2/morgante_lab/data/ukbiobank/genotypes/array/ukb22418_c$17_b0_v2_s488243                                     --keep /data2/morgante_lab/ukbiobank_projects/GxE_multi_ancestry/data/chinese_sampled_ids.txt                                     --maf 0.01                                     --mac 5                                     --geno 0.1                                     --hwe 1e-10                                     --keep-allele-order                                     --threads 20                                     --write-snplist                                     --out /data2/morgante_lab/ukbiobank_projects/GxE_multi_ancestry/output/snp_lists/chinese_filtered_all_chr17.snplist
        done
        
        (one of the commands exited with non-zero exit code; note that snakemake uses bash strict mode!)

Shutting down, this might take some time.
Exiting because a job execution failed. Look above for error message
Complete log: /data2/morgante_lab/ukbiobank_projects/GxE_multi_ancestry/code/.snakemake/log/2024-08-28T173405.377749.snakemake.log
