Building DAG of jobs...
Job counts:
	count	jobs
	1	all
	110	filter_snplist_per_ancestry
	111

[Wed Aug 28 16:52:47 2024]
rule filter_snplist_per_ancestry:
    input: /data2/morgante_lab/data/ukbiobank/genotypes/array, /data2/morgante_lab/ukbiobank_projects/GxE_multi_ancestry/data/chinese_sampled_ids.txt
    output: /data2/morgante_lab/ukbiobank_projects/GxE_multi_ancestry/output/snp_lists/chinese_filtered_all_chr10.snplist
    jobid: 98
    wildcards: out_dir=/data2/morgante_lab/ukbiobank_projects/GxE_multi_ancestry/output/snp_lists, ancestry=chinese, chr=10
    resources: cpus=20, mem_mb=204800, time=24:00:00, partition=fm-bigmem-2, nodelist=bigmem007

RuleException in line 13 of /data2/morgante_lab/ukbiobank_projects/GxE_multi_ancestry/code/snakefile.yaml:
NameError: The name 'output_dir' is unknown in this context. Please make sure that you defined that variable. Also note that braces not used for variable access have to be escaped by repeating them, i.e. {{print $1}}
  File "/opt/ohpc/pub/Software/mamba-rocky/envs/snakemake/lib/python3.9/site-packages/snakemake/executors/__init__.py", line 136, in run_jobs
  File "/opt/ohpc/pub/Software/mamba-rocky/envs/snakemake/lib/python3.9/site-packages/snakemake/executors/__init__.py", line 145, in run
  File "/opt/ohpc/pub/Software/mamba-rocky/envs/snakemake/lib/python3.9/site-packages/snakemake/executors/__init__.py", line 156, in _run
  File "/opt/ohpc/pub/Software/mamba-rocky/envs/snakemake/lib/python3.9/site-packages/snakemake/executors/__init__.py", line 176, in printjob
  File "/opt/ohpc/pub/Software/mamba-rocky/envs/snakemake/lib/python3.9/site-packages/snakemake/executors/__init__.py", line 162, in printjob
